This file contains any messages produced by compilers while
running configure, to aid debugging if configure makes a mistake.

It was created by ALQO Core configure 4.2.0, which was
generated by GNU Autoconf 2.69.  Invocation command line was

  $ ./configure --cache-file=../config.cache --disable-dependency-tracking --prefix=/home/travis/build/KevinCollmer/ALQO/depends/x86_64-apple-darwin11 --bindir=/home/travis/build/KevinCollmer/ALQO/out/false/61.4-x86_64-apple-darwin11/bin --libdir=/home/travis/build/KevinCollmer/ALQO/out/false/61.4-x86_64-apple-darwin11/lib --enable-gui --enable-reduce-exports

## --------- ##
## Platform. ##
## --------- ##

hostname = travis-job-ee23cb61-7f3c-4c92-8ab2-fe17588b69cf
uname -m = x86_64
uname -r = 4.4.0-101-generic
uname -s = Linux
uname -v = #124~14.04.1-Ubuntu SMP Fri Nov 10 19:05:36 UTC 2017

/usr/bin/uname -p = unknown
/bin/uname -X     = unknown

/bin/arch              = unknown
/usr/bin/arch -k       = unknown
/usr/convex/getsysinfo = unknown
/usr/bin/hostinfo      = unknown
/bin/machine           = unknown
/usr/bin/oslevel       = unknown
/bin/universe          = unknown

PATH: /home/travis/.rvm/gems/ruby-2.4.1/bin
PATH: /home/travis/.rvm/gems/ruby-2.4.1@global/bin
PATH: /home/travis/.rvm/rubies/ruby-2.4.1/bin
PATH: /home/travis/.rvm/bin
PATH: /home/travis/bin
PATH: /home/travis/.local/bin
PATH: /opt/pyenv/shims
PATH: /home/travis/perl5/perlbrew/bin
PATH: /home/travis/gopath/bin
PATH: /home/travis/.gimme/versions/go1.7.4.linux.amd64/bin
PATH: /usr/local/cmake-3.9.2/bin
PATH: /usr/local/clang-5.0.0/bin
PATH: /usr/local/sbin
PATH: /usr/local/bin
PATH: /usr/sbin
PATH: /usr/bin
PATH: /sbin
PATH: /bin
PATH: /opt/pyenv/bin


## ----------- ##
## Core tests. ##
## ----------- ##

configure:2842: loading site script /home/travis/build/KevinCollmer/ALQO/depends/x86_64-apple-darwin11/share/config.site
| depends_prefix="`dirname ${ac_site_file}`/.."
| 
| cross_compiling=maybe
| host_alias=x86_64-apple-darwin11
| ac_tool_prefix=${host_alias}-
| 
| if test -z $with_boost; then
|   with_boost=$depends_prefix
| fi
| if test -z $with_qt_plugindir; then
|   with_qt_plugindir=$depends_prefix/plugins
| fi
| if test -z $with_qt_translationdir; then
|   with_qt_translationdir=$depends_prefix/translations
| fi
| if test -z $with_qt_bindir && test -z ""; then
|   with_qt_bindir=$depends_prefix/native/bin
| fi
| if test -z $with_protoc_bindir && test -z ""; then
|   with_protoc_bindir=$depends_prefix/native/bin
| fi
| 
| 
| if test -z $enable_wallet && test -n ""; then
|   enable_wallet=no
| fi
| 
| if test -z $with_miniupnpc && test -n ""; then
|   with_miniupnpc=no
| fi
| 
| if test -z $with_gui && test -n ""; then
|   with_gui=no
| fi
| 
| if test xdarwin = xdarwin; then
|   BREW=no
|   PORT=no
| fi
| 
| if test xdarwin = xmingw32; then
|   if test -z $with_qt_incdir; then
|     with_qt_incdir=$depends_prefix/include
|   fi
|   if test -z $with_qt_libdir; then
|     with_qt_libdir=$depends_prefix/lib
|   fi
| fi
| 
| PATH=$depends_prefix/native/bin:$PATH
| PKG_CONFIG="`which pkg-config` --static"
| 
| # These two need to remain exported because pkg-config does not see them
| # otherwise. That means they must be unexported at the end of configure.ac to
| # avoid ruining the cache. Sigh.
| export PKG_CONFIG_PATH=$depends_prefix/share/pkgconfig:$depends_prefix/lib/pkgconfig
| if test -z ""; then
|   export PKGCONFIG_LIBDIR=
| fi
| 
| CPPFLAGS="-I$depends_prefix/include/ $CPPFLAGS"
| LDFLAGS="-L$depends_prefix/lib $LDFLAGS"
| 
| CC="/home/travis/build/KevinCollmer/ALQO/depends/x86_64-apple-darwin11/native/bin/clang -target x86_64-apple-darwin11 -mmacosx-version-min=10.8 --sysroot /home/travis/build/KevinCollmer/ALQO/depends/SDKs/MacOSX10.11.sdk -mlinker-version=253.9"
| CXX="/home/travis/build/KevinCollmer/ALQO/depends/x86_64-apple-darwin11/native/bin/clang++ -target x86_64-apple-darwin11 -mmacosx-version-min=10.8 --sysroot /home/travis/build/KevinCollmer/ALQO/depends/SDKs/MacOSX10.11.sdk -mlinker-version=253.9 -stdlib=libc++"
| OBJC="${CC}"
| CCACHE=$depends_prefix/native/bin/ccache
| PYTHONPATH=$depends_prefix/native/lib/python/dist-packages:$PYTHONPATH
| 
| if test -n "/home/travis/build/KevinCollmer/ALQO/depends/x86_64-apple-darwin11/native/bin/x86_64-apple-darwin11-ar"; then
|   AR=/home/travis/build/KevinCollmer/ALQO/depends/x86_64-apple-darwin11/native/bin/x86_64-apple-darwin11-ar
|   ac_cv_path_ac_pt_AR=${AR}
| fi
| 
| if test -n "/home/travis/build/KevinCollmer/ALQO/depends/x86_64-apple-darwin11/native/bin/x86_64-apple-darwin11-ranlib"; then
|   RANLIB=/home/travis/build/KevinCollmer/ALQO/depends/x86_64-apple-darwin11/native/bin/x86_64-apple-darwin11-ranlib
|   ac_cv_path_ac_pt_RANLIB=${RANLIB}
| fi
| 
| if test -n "/home/travis/build/KevinCollmer/ALQO/depends/x86_64-apple-darwin11/native/bin/x86_64-apple-darwin11-nm"; then
|   NM=/home/travis/build/KevinCollmer/ALQO/depends/x86_64-apple-darwin11/native/bin/x86_64-apple-darwin11-nm
|   ac_cv_path_ac_pt_NM=${NM}
| fi
| 
| if test -n ""; then
|   enable_reduce_exports=no
| fi
| 
| if test -n "-pipe -O2"; then
|   CFLAGS="-pipe -O2 $CFLAGS"
| fi
| if test -n "-pipe -O2"; then
|   CXXFLAGS="-pipe -O2 $CXXFLAGS"
| fi
| if test -n ""; then
|   CPPFLAGS=" $CPPFLAGS"
| fi
| if test -n ""; then
|   LDFLAGS=" $LDFLAGS"
| fi
configure:2857: loading cache ../config.cache
configure:2986: checking build system type
configure:3000: result: x86_64-unknown-linux-gnu
configure:3020: checking host system type
configure:3033: result: x86_64-apple-darwin11
configure:3076: checking for a BSD-compatible install
configure:3144: result: /usr/bin/install -c
configure:3155: checking whether build environment is sane
configure:3210: result: yes
configure:3269: checking for x86_64-apple-darwin11-strip
configure:3296: result: x86_64-apple-darwin11-strip
configure:3361: checking for a thread-safe mkdir -p
configure:3400: result: /bin/mkdir -p
configure:3407: checking for gawk
configure:3434: result: gawk
configure:3445: checking whether make sets $(MAKE)
configure:3467: result: yes
configure:3496: checking whether make supports nested variables
configure:3513: result: yes
configure:3631: checking whether to enable maintainer-specific portions of Makefiles
configure:3640: result: yes
configure:3665: checking whether make supports nested variables
configure:3682: result: yes
configure:3811: checking for C++ compiler version
configure:3820: /home/travis/build/KevinCollmer/ALQO/depends/x86_64-apple-darwin11/native/bin/clang++ -target x86_64-apple-darwin11 -mmacosx-version-min=10.8 --sysroot /home/travis/build/KevinCollmer/ALQO/depends/SDKs/MacOSX10.11.sdk -mlinker-version=253.9 -stdlib=libc++ --version >&5
clang version 3.7.1 (tags/RELEASE_371/final)
Target: x86_64-apple-darwin11
Thread model: posix
configure:3831: $? = 0
configure:3820: /home/travis/build/KevinCollmer/ALQO/depends/x86_64-apple-darwin11/native/bin/clang++ -target x86_64-apple-darwin11 -mmacosx-version-min=10.8 --sysroot /home/travis/build/KevinCollmer/ALQO/depends/SDKs/MacOSX10.11.sdk -mlinker-version=253.9 -stdlib=libc++ -v >&5
clang version 3.7.1 (tags/RELEASE_371/final)
Target: x86_64-apple-darwin11
Thread model: posix
clang: warning: argument unused during compilation: '-mmacosx-version-min=10.8'
clang: warning: argument unused during compilation: '-mlinker-version=253.9'
clang: warning: argument unused during compilation: '-stdlib=libc++'
configure:3831: $? = 0
configure:3820: /home/travis/build/KevinCollmer/ALQO/depends/x86_64-apple-darwin11/native/bin/clang++ -target x86_64-apple-darwin11 -mmacosx-version-min=10.8 --sysroot /home/travis/build/KevinCollmer/ALQO/depends/SDKs/MacOSX10.11.sdk -mlinker-version=253.9 -stdlib=libc++ -V >&5
clang: error: argument to '-V' is missing (expected 1 value)
clang: error: no input files
configure:3831: $? = 1
configure:3820: /home/travis/build/KevinCollmer/ALQO/depends/x86_64-apple-darwin11/native/bin/clang++ -target x86_64-apple-darwin11 -mmacosx-version-min=10.8 --sysroot /home/travis/build/KevinCollmer/ALQO/depends/SDKs/MacOSX10.11.sdk -mlinker-version=253.9 -stdlib=libc++ -qversion >&5
clang: error: unknown argument: '-qversion'
clang: error: no input files
configure:3831: $? = 1
configure:3851: checking whether the C++ compiler works
configure:3873: /home/travis/build/KevinCollmer/ALQO/depends/x86_64-apple-darwin11/native/bin/clang++ -target x86_64-apple-darwin11 -mmacosx-version-min=10.8 --sysroot /home/travis/build/KevinCollmer/ALQO/depends/SDKs/MacOSX10.11.sdk -mlinker-version=253.9 -stdlib=libc++ -pipe -O2  -I/home/travis/build/KevinCollmer/ALQO/depends/x86_64-apple-darwin11/share/../include/  -L/home/travis/build/KevinCollmer/ALQO/depends/x86_64-apple-darwin11/share/../lib  conftest.cpp  >&5
configure:3877: $? = 0
configure:3925: result: yes
configure:3928: checking for C++ compiler default output file name
configure:3930: result: a.out
configure:3936: checking for suffix of executables
configure:3943: /home/travis/build/KevinCollmer/ALQO/depends/x86_64-apple-darwin11/native/bin/clang++ -target x86_64-apple-darwin11 -mmacosx-version-min=10.8 --sysroot /home/travis/build/KevinCollmer/ALQO/depends/SDKs/MacOSX10.11.sdk -mlinker-version=253.9 -stdlib=libc++ -o conftest -pipe -O2  -I/home/travis/build/KevinCollmer/ALQO/depends/x86_64-apple-darwin11/share/../include/  -L/home/travis/build/KevinCollmer/ALQO/depends/x86_64-apple-darwin11/share/../lib  conftest.cpp  >&5
configure:3947: $? = 0
configure:3969: result: 
configure:3991: checking whether we are cross compiling
configure:3999: /home/travis/build/KevinCollmer/ALQO/depends/x86_64-apple-darwin11/native/bin/clang++ -target x86_64-apple-darwin11 -mmacosx-version-min=10.8 --sysroot /home/travis/build/KevinCollmer/ALQO/depends/SDKs/MacOSX10.11.sdk -mlinker-version=253.9 -stdlib=libc++ -o conftest -pipe -O2  -I/home/travis/build/KevinCollmer/ALQO/depends/x86_64-apple-darwin11/share/../include/  -L/home/travis/build/KevinCollmer/ALQO/depends/x86_64-apple-darwin11/share/../lib  conftest.cpp  >&5
configure:4003: $? = 0
configure:4010: ./conftest
./configure: line 4012: ./conftest: cannot execute binary file: Exec format error
configure:4014: $? = 126
configure:4029: result: yes
configure:4034: checking for suffix of object files
configure:4081: result: o
configure:4085: checking whether we are using the GNU C++ compiler
configure:4113: result: yes
configure:4122: checking whether /home/travis/build/KevinCollmer/ALQO/depends/x86_64-apple-darwin11/native/bin/clang++ -target x86_64-apple-darwin11 -mmacosx-version-min=10.8 --sysroot /home/travis/build/KevinCollmer/ALQO/depends/SDKs/MacOSX10.11.sdk -mlinker-version=253.9 -stdlib=libc++ accepts -g
configure:4183: result: yes
configure:4217: checking for style of include used by make
configure:4245: result: GNU
configure:4271: checking dependency style of /home/travis/build/KevinCollmer/ALQO/depends/x86_64-apple-darwin11/native/bin/clang++ -target x86_64-apple-darwin11 -mmacosx-version-min=10.8 --sysroot /home/travis/build/KevinCollmer/ALQO/depends/SDKs/MacOSX10.11.sdk -mlinker-version=253.9 -stdlib=libc++
configure:4382: result: none
configure:4419: checking whether /home/travis/build/KevinCollmer/ALQO/depends/x86_64-apple-darwin11/native/bin/clang++ -target x86_64-apple-darwin11 -mmacosx-version-min=10.8 --sysroot /home/travis/build/KevinCollmer/ALQO/depends/SDKs/MacOSX10.11.sdk -mlinker-version=253.9 -stdlib=libc++ supports C++11 features with -std=c++11
configure:4724: result: yes
configure:4768: checking whether std::atomic can be used without link library
configure:4786: /home/travis/build/KevinCollmer/ALQO/depends/x86_64-apple-darwin11/native/bin/clang++ -target x86_64-apple-darwin11 -mmacosx-version-min=10.8 --sysroot /home/travis/build/KevinCollmer/ALQO/depends/SDKs/MacOSX10.11.sdk -mlinker-version=253.9 -stdlib=libc++ -std=c++11 -o conftest -pipe -O2  -I/home/travis/build/KevinCollmer/ALQO/depends/x86_64-apple-darwin11/share/../include/  -L/home/travis/build/KevinCollmer/ALQO/depends/x86_64-apple-darwin11/share/../lib  conftest.cpp  >&5
configure:4786: $? = 0
configure:4788: result: yes
configure:4857: checking for x86_64-apple-darwin11-g++
configure:4884: result: /home/travis/build/KevinCollmer/ALQO/depends/x86_64-apple-darwin11/native/bin/clang++ -target x86_64-apple-darwin11 -mmacosx-version-min=10.8 --sysroot /home/travis/build/KevinCollmer/ALQO/depends/SDKs/MacOSX10.11.sdk -mlinker-version=253.9 -stdlib=libc++ -std=c++11
configure:4953: checking for Objective C++ compiler version
configure:4962: /home/travis/build/KevinCollmer/ALQO/depends/x86_64-apple-darwin11/native/bin/clang++ -target x86_64-apple-darwin11 -mmacosx-version-min=10.8 --sysroot /home/travis/build/KevinCollmer/ALQO/depends/SDKs/MacOSX10.11.sdk -mlinker-version=253.9 -stdlib=libc++ -std=c++11 --version >&5
clang version 3.7.1 (tags/RELEASE_371/final)
Target: x86_64-apple-darwin11
Thread model: posix
configure:4973: $? = 0
configure:4962: /home/travis/build/KevinCollmer/ALQO/depends/x86_64-apple-darwin11/native/bin/clang++ -target x86_64-apple-darwin11 -mmacosx-version-min=10.8 --sysroot /home/travis/build/KevinCollmer/ALQO/depends/SDKs/MacOSX10.11.sdk -mlinker-version=253.9 -stdlib=libc++ -std=c++11 -v >&5
clang version 3.7.1 (tags/RELEASE_371/final)
Target: x86_64-apple-darwin11
Thread model: posix
clang: warning: argument unused during compilation: '-mmacosx-version-min=10.8'
clang: warning: argument unused during compilation: '-mlinker-version=253.9'
clang: warning: argument unused during compilation: '-stdlib=libc++'
clang: warning: argument unused during compilation: '-std=c++11'
configure:4973: $? = 0
configure:4962: /home/travis/build/KevinCollmer/ALQO/depends/x86_64-apple-darwin11/native/bin/clang++ -target x86_64-apple-darwin11 -mmacosx-version-min=10.8 --sysroot /home/travis/build/KevinCollmer/ALQO/depends/SDKs/MacOSX10.11.sdk -mlinker-version=253.9 -stdlib=libc++ -std=c++11 -V >&5
clang: error: argument to '-V' is missing (expected 1 value)
clang: error: no input files
configure:4973: $? = 1
configure:4962: /home/travis/build/KevinCollmer/ALQO/depends/x86_64-apple-darwin11/native/bin/clang++ -target x86_64-apple-darwin11 -mmacosx-version-min=10.8 --sysroot /home/travis/build/KevinCollmer/ALQO/depends/SDKs/MacOSX10.11.sdk -mlinker-version=253.9 -stdlib=libc++ -std=c++11 -qversion >&5
clang: error: unknown argument: '-qversion'
clang: error: no input files
configure:4973: $? = 1
configure:4977: checking whether we are using the GNU Objective C++ compiler
configure:5005: result: yes
configure:5014: checking whether /home/travis/build/KevinCollmer/ALQO/depends/x86_64-apple-darwin11/native/bin/clang++ -target x86_64-apple-darwin11 -mmacosx-version-min=10.8 --sysroot /home/travis/build/KevinCollmer/ALQO/depends/SDKs/MacOSX10.11.sdk -mlinker-version=253.9 -stdlib=libc++ -std=c++11 accepts -g
configure:5075: result: yes
configure:5100: checking dependency style of /home/travis/build/KevinCollmer/ALQO/depends/x86_64-apple-darwin11/native/bin/clang++ -target x86_64-apple-darwin11 -mmacosx-version-min=10.8 --sysroot /home/travis/build/KevinCollmer/ALQO/depends/SDKs/MacOSX10.11.sdk -mlinker-version=253.9 -stdlib=libc++ -std=c++11
configure:5209: result: none
configure:5272: checking how to print strings
configure:5299: result: printf
configure:5328: checking for x86_64-apple-darwin11-gcc
configure:5355: result: /home/travis/build/KevinCollmer/ALQO/depends/x86_64-apple-darwin11/native/bin/clang -target x86_64-apple-darwin11 -mmacosx-version-min=10.8 --sysroot /home/travis/build/KevinCollmer/ALQO/depends/SDKs/MacOSX10.11.sdk -mlinker-version=253.9
configure:5624: checking for C compiler version
configure:5633: /home/travis/build/KevinCollmer/ALQO/depends/x86_64-apple-darwin11/native/bin/clang -target x86_64-apple-darwin11 -mmacosx-version-min=10.8 --sysroot /home/travis/build/KevinCollmer/ALQO/depends/SDKs/MacOSX10.11.sdk -mlinker-version=253.9 --version >&5
clang version 3.7.1 (tags/RELEASE_371/final)
Target: x86_64-apple-darwin11
Thread model: posix
configure:5644: $? = 0
configure:5633: /home/travis/build/KevinCollmer/ALQO/depends/x86_64-apple-darwin11/native/bin/clang -target x86_64-apple-darwin11 -mmacosx-version-min=10.8 --sysroot /home/travis/build/KevinCollmer/ALQO/depends/SDKs/MacOSX10.11.sdk -mlinker-version=253.9 -v >&5
clang version 3.7.1 (tags/RELEASE_371/final)
Target: x86_64-apple-darwin11
Thread model: posix
clang: warning: argument unused during compilation: '-mmacosx-version-min=10.8'
clang: warning: argument unused during compilation: '-mlinker-version=253.9'
configure:5644: $? = 0
configure:5633: /home/travis/build/KevinCollmer/ALQO/depends/x86_64-apple-darwin11/native/bin/clang -target x86_64-apple-darwin11 -mmacosx-version-min=10.8 --sysroot /home/travis/build/KevinCollmer/ALQO/depends/SDKs/MacOSX10.11.sdk -mlinker-version=253.9 -V >&5
clang: error: argument to '-V' is missing (expected 1 value)
clang: error: no input files
configure:5644: $? = 1
configure:5633: /home/travis/build/KevinCollmer/ALQO/depends/x86_64-apple-darwin11/native/bin/clang -target x86_64-apple-darwin11 -mmacosx-version-min=10.8 --sysroot /home/travis/build/KevinCollmer/ALQO/depends/SDKs/MacOSX10.11.sdk -mlinker-version=253.9 -qversion >&5
clang: error: unknown argument: '-qversion'
clang: error: no input files
configure:5644: $? = 1
configure:5648: checking whether we are using the GNU C compiler
configure:5676: result: yes
configure:5685: checking whether /home/travis/build/KevinCollmer/ALQO/depends/x86_64-apple-darwin11/native/bin/clang -target x86_64-apple-darwin11 -mmacosx-version-min=10.8 --sysroot /home/travis/build/KevinCollmer/ALQO/depends/SDKs/MacOSX10.11.sdk -mlinker-version=253.9 accepts -g
configure:5746: result: yes
configure:5763: checking for /home/travis/build/KevinCollmer/ALQO/depends/x86_64-apple-darwin11/native/bin/clang -target x86_64-apple-darwin11 -mmacosx-version-min=10.8 --sysroot /home/travis/build/KevinCollmer/ALQO/depends/SDKs/MacOSX10.11.sdk -mlinker-version=253.9 option to accept ISO C89
configure:5839: result: none needed
configure:5864: checking whether /home/travis/build/KevinCollmer/ALQO/depends/x86_64-apple-darwin11/native/bin/clang -target x86_64-apple-darwin11 -mmacosx-version-min=10.8 --sysroot /home/travis/build/KevinCollmer/ALQO/depends/SDKs/MacOSX10.11.sdk -mlinker-version=253.9 understands -c and -o together
configure:5901: result: yes
configure:5920: checking dependency style of /home/travis/build/KevinCollmer/ALQO/depends/x86_64-apple-darwin11/native/bin/clang -target x86_64-apple-darwin11 -mmacosx-version-min=10.8 --sysroot /home/travis/build/KevinCollmer/ALQO/depends/SDKs/MacOSX10.11.sdk -mlinker-version=253.9
configure:6031: result: none
configure:6046: checking for a sed that does not truncate output
configure:6110: result: /bin/sed
configure:6128: checking for grep that handles long lines and -e
configure:6186: result: /bin/grep
configure:6191: checking for egrep
configure:6253: result: /bin/grep -E
configure:6258: checking for fgrep
configure:6320: result: /bin/grep -F
configure:6355: checking for ld used by /home/travis/build/KevinCollmer/ALQO/depends/x86_64-apple-darwin11/native/bin/clang -target x86_64-apple-darwin11 -mmacosx-version-min=10.8 --sysroot /home/travis/build/KevinCollmer/ALQO/depends/SDKs/MacOSX10.11.sdk -mlinker-version=253.9
configure:6422: result: /home/travis/build/KevinCollmer/ALQO/depends/x86_64-apple-darwin11/native/bin/x86_64-apple-darwin11-ld
configure:6429: checking if the linker (/home/travis/build/KevinCollmer/ALQO/depends/x86_64-apple-darwin11/native/bin/x86_64-apple-darwin11-ld) is GNU ld
configure:6444: result: no
configure:6456: checking for BSD- or MS-compatible name lister (nm)
configure:6505: result: /home/travis/build/KevinCollmer/ALQO/depends/x86_64-apple-darwin11/native/bin/x86_64-apple-darwin11-nm
configure:6635: checking the name lister (/home/travis/build/KevinCollmer/ALQO/depends/x86_64-apple-darwin11/native/bin/x86_64-apple-darwin11-nm) interface
configure:6655: result: BSD nm
configure:6658: checking whether ln -s works
configure:6662: result: yes
configure:6670: checking the maximum length of command line arguments
configure:6801: result: 1572864
configure:6818: checking whether the shell understands some XSI constructs
configure:6828: result: yes
configure:6832: checking whether the shell understands "+="
configure:6838: result: yes
configure:6873: checking how to convert x86_64-unknown-linux-gnu file names to x86_64-apple-darwin11 format
configure:6913: result: func_convert_file_noop
configure:6920: checking how to convert x86_64-unknown-linux-gnu file names to toolchain format
configure:6940: result: func_convert_file_noop
configure:6947: checking for /home/travis/build/KevinCollmer/ALQO/depends/x86_64-apple-darwin11/native/bin/x86_64-apple-darwin11-ld option to reload object files
configure:6954: result: -r
configure:6988: checking for x86_64-apple-darwin11-objdump
configure:7018: result: no
configure:7028: checking for objdump
configure:7055: result: objdump
configure:7067: WARNING: using cross tools not prefixed with host triplet
configure:7087: checking how to recognize dependent libraries
configure:7285: result: pass_all
configure:7330: checking for x86_64-apple-darwin11-dlltool
configure:7360: result: no
configure:7370: checking for dlltool
configure:7400: result: no
configure:7430: checking how to associate runtime and link libraries
configure:7457: result: printf %s\n
configure:7474: checking for x86_64-apple-darwin11-ar
configure:7501: result: /home/travis/build/KevinCollmer/ALQO/depends/x86_64-apple-darwin11/native/bin/x86_64-apple-darwin11-ar
configure:7582: checking for archiver @FILE support
configure:7625: result: no
configure:7643: checking for x86_64-apple-darwin11-strip
configure:7670: result: x86_64-apple-darwin11-strip
configure:7742: checking for x86_64-apple-darwin11-ranlib
configure:7769: result: /home/travis/build/KevinCollmer/ALQO/depends/x86_64-apple-darwin11/native/bin/x86_64-apple-darwin11-ranlib
configure:7911: checking command to parse /home/travis/build/KevinCollmer/ALQO/depends/x86_64-apple-darwin11/native/bin/x86_64-apple-darwin11-nm output from /home/travis/build/KevinCollmer/ALQO/depends/x86_64-apple-darwin11/native/bin/clang -target x86_64-apple-darwin11 -mmacosx-version-min=10.8 --sysroot /home/travis/build/KevinCollmer/ALQO/depends/SDKs/MacOSX10.11.sdk -mlinker-version=253.9 object
configure:8148: result: ok
configure:8185: checking for sysroot
configure:8215: result: no
configure:8444: checking for x86_64-apple-darwin11-mt
configure:8474: result: no
configure:8484: checking for mt
configure:8511: result: mt
configure:8534: checking if mt is a manifest tool
configure:8548: result: no
configure:8564: checking for x86_64-apple-darwin11-dsymutil
configure:8591: result: x86_64-apple-darwin11-dsymutil
configure:8656: checking for x86_64-apple-darwin11-nmedit
configure:8683: result: x86_64-apple-darwin11-nmedit
configure:8748: checking for x86_64-apple-darwin11-lipo
configure:8775: result: x86_64-apple-darwin11-lipo
configure:8840: checking for x86_64-apple-darwin11-otool
configure:8867: result: x86_64-apple-darwin11-otool
configure:8932: checking for x86_64-apple-darwin11-otool64
configure:8962: result: no
configure:8972: checking for otool64
configure:9002: result: no
configure:9047: checking for -single_module linker flag
configure:9080: result: yes
configure:9083: checking for -exported_symbols_list linker flag
configure:9113: result: yes
configure:9116: checking for -force_load linker flag
configure:9148: result: yes
configure:9190: checking how to run the C preprocessor
configure:9260: result: /home/travis/build/KevinCollmer/ALQO/depends/x86_64-apple-darwin11/native/bin/clang -target x86_64-apple-darwin11 -mmacosx-version-min=10.8 --sysroot /home/travis/build/KevinCollmer/ALQO/depends/SDKs/MacOSX10.11.sdk -mlinker-version=253.9 -E
configure:9280: /home/travis/build/KevinCollmer/ALQO/depends/x86_64-apple-darwin11/native/bin/clang -target x86_64-apple-darwin11 -mmacosx-version-min=10.8 --sysroot /home/travis/build/KevinCollmer/ALQO/depends/SDKs/MacOSX10.11.sdk -mlinker-version=253.9 -E -I/home/travis/build/KevinCollmer/ALQO/depends/x86_64-apple-darwin11/share/../include/  conftest.c
configure:9280: $? = 0
configure:9294: /home/travis/build/KevinCollmer/ALQO/depends/x86_64-apple-darwin11/native/bin/clang -target x86_64-apple-darwin11 -mmacosx-version-min=10.8 --sysroot /home/travis/build/KevinCollmer/ALQO/depends/SDKs/MacOSX10.11.sdk -mlinker-version=253.9 -E -I/home/travis/build/KevinCollmer/ALQO/depends/x86_64-apple-darwin11/share/../include/  conftest.c
conftest.c:10:10: fatal error: 'ac_nonexistent.h' file not found
#include <ac_nonexistent.h>
         ^
1 error generated.
configure:9294: $? = 1
configure: failed program was:
| /* confdefs.h */
| #define PACKAGE_NAME "ALQO Core"
| #define PACKAGE_TARNAME "alqo"
| #define PACKAGE_VERSION "4.2.0"
| #define PACKAGE_STRING "ALQO Core 4.2.0"
| #define PACKAGE_BUGREPORT "www.alqo.org"
| #define PACKAGE_URL ""
| #define HAVE_CXX11 1
| /* end confdefs.h.  */
| #include <ac_nonexistent.h>
configure:9323: checking for ANSI C header files
configure:9427: result: yes
configure:9440: checking for sys/types.h
configure:9440: result: yes
configure:9440: checking for sys/stat.h
configure:9440: result: yes
configure:9440: checking for stdlib.h
configure:9440: result: yes
configure:9440: checking for string.h
configure:9440: result: yes
configure:9440: checking for memory.h
configure:9440: result: yes
configure:9440: checking for strings.h
configure:9440: result: yes
configure:9440: checking for inttypes.h
configure:9440: result: yes
configure:9440: checking for stdint.h
configure:9440: result: yes
configure:9440: checking for unistd.h
configure:9440: result: yes
configure:9454: checking for dlfcn.h
configure:9454: result: yes
configure:9669: checking for objdir
configure:9684: result: .libs
configure:9955: checking if /home/travis/build/KevinCollmer/ALQO/depends/x86_64-apple-darwin11/native/bin/clang -target x86_64-apple-darwin11 -mmacosx-version-min=10.8 --sysroot /home/travis/build/KevinCollmer/ALQO/depends/SDKs/MacOSX10.11.sdk -mlinker-version=253.9 supports -fno-rtti -fno-exceptions
configure:9990: result: yes
configure:10317: checking for /home/travis/build/KevinCollmer/ALQO/depends/x86_64-apple-darwin11/native/bin/clang -target x86_64-apple-darwin11 -mmacosx-version-min=10.8 --sysroot /home/travis/build/KevinCollmer/ALQO/depends/SDKs/MacOSX10.11.sdk -mlinker-version=253.9 option to produce PIC
configure:10324: result: -fno-common -DPIC
configure:10332: checking if /home/travis/build/KevinCollmer/ALQO/depends/x86_64-apple-darwin11/native/bin/clang -target x86_64-apple-darwin11 -mmacosx-version-min=10.8 --sysroot /home/travis/build/KevinCollmer/ALQO/depends/SDKs/MacOSX10.11.sdk -mlinker-version=253.9 PIC flag -fno-common -DPIC works
configure:10367: result: yes
configure:10396: checking if /home/travis/build/KevinCollmer/ALQO/depends/x86_64-apple-darwin11/native/bin/clang -target x86_64-apple-darwin11 -mmacosx-version-min=10.8 --sysroot /home/travis/build/KevinCollmer/ALQO/depends/SDKs/MacOSX10.11.sdk -mlinker-version=253.9 static flag -static works
configure:10424: result: no
configure:10439: checking if /home/travis/build/KevinCollmer/ALQO/depends/x86_64-apple-darwin11/native/bin/clang -target x86_64-apple-darwin11 -mmacosx-version-min=10.8 --sysroot /home/travis/build/KevinCollmer/ALQO/depends/SDKs/MacOSX10.11.sdk -mlinker-version=253.9 supports -c -o file.o
configure:10486: result: yes
configure:10494: checking if /home/travis/build/KevinCollmer/ALQO/depends/x86_64-apple-darwin11/native/bin/clang -target x86_64-apple-darwin11 -mmacosx-version-min=10.8 --sysroot /home/travis/build/KevinCollmer/ALQO/depends/SDKs/MacOSX10.11.sdk -mlinker-version=253.9 supports -c -o file.o
configure:10541: result: yes
configure:10574: checking whether the /home/travis/build/KevinCollmer/ALQO/depends/x86_64-apple-darwin11/native/bin/clang -target x86_64-apple-darwin11 -mmacosx-version-min=10.8 --sysroot /home/travis/build/KevinCollmer/ALQO/depends/SDKs/MacOSX10.11.sdk -mlinker-version=253.9 linker (/home/travis/build/KevinCollmer/ALQO/depends/x86_64-apple-darwin11/native/bin/x86_64-apple-darwin11-ld) supports shared libraries
configure:11731: result: yes
configure:11971: checking dynamic linker characteristics
configure:12705: result: darwin11 dyld
configure:12812: checking how to hardcode library paths into programs
configure:12837: result: immediate
configure:13377: checking whether stripping libraries is possible
configure:13391: result: yes
configure:13417: checking if libtool supports shared libraries
configure:13419: result: yes
configure:13422: checking whether to build shared libraries
configure:13443: result: yes
configure:13446: checking whether to build static libraries
configure:13450: result: yes
configure:13473: checking how to run the C++ preprocessor
configure:13539: result: /home/travis/build/KevinCollmer/ALQO/depends/x86_64-apple-darwin11/native/bin/clang++ -target x86_64-apple-darwin11 -mmacosx-version-min=10.8 --sysroot /home/travis/build/KevinCollmer/ALQO/depends/SDKs/MacOSX10.11.sdk -mlinker-version=253.9 -stdlib=libc++ -std=c++11 -E
configure:13559: /home/travis/build/KevinCollmer/ALQO/depends/x86_64-apple-darwin11/native/bin/clang++ -target x86_64-apple-darwin11 -mmacosx-version-min=10.8 --sysroot /home/travis/build/KevinCollmer/ALQO/depends/SDKs/MacOSX10.11.sdk -mlinker-version=253.9 -stdlib=libc++ -std=c++11 -E -I/home/travis/build/KevinCollmer/ALQO/depends/x86_64-apple-darwin11/share/../include/  conftest.cpp
configure:13559: $? = 0
configure:13573: /home/travis/build/KevinCollmer/ALQO/depends/x86_64-apple-darwin11/native/bin/clang++ -target x86_64-apple-darwin11 -mmacosx-version-min=10.8 --sysroot /home/travis/build/KevinCollmer/ALQO/depends/SDKs/MacOSX10.11.sdk -mlinker-version=253.9 -stdlib=libc++ -std=c++11 -E -I/home/travis/build/KevinCollmer/ALQO/depends/x86_64-apple-darwin11/share/../include/  conftest.cpp
conftest.cpp:22:10: fatal error: 'ac_nonexistent.h' file not found
#include <ac_nonexistent.h>
         ^
1 error generated.
configure:13573: $? = 1
configure: failed program was:
| /* confdefs.h */
| #define PACKAGE_NAME "ALQO Core"
| #define PACKAGE_TARNAME "alqo"
| #define PACKAGE_VERSION "4.2.0"
| #define PACKAGE_STRING "ALQO Core 4.2.0"
| #define PACKAGE_BUGREPORT "www.alqo.org"
| #define PACKAGE_URL ""
| #define HAVE_CXX11 1
| #define STDC_HEADERS 1
| #define HAVE_SYS_TYPES_H 1
| #define HAVE_SYS_STAT_H 1
| #define HAVE_STDLIB_H 1
| #define HAVE_STRING_H 1
| #define HAVE_MEMORY_H 1
| #define HAVE_STRINGS_H 1
| #define HAVE_INTTYPES_H 1
| #define HAVE_STDINT_H 1
| #define HAVE_UNISTD_H 1
| #define HAVE_DLFCN_H 1
| #define LT_OBJDIR ".libs/"
| /* end confdefs.h.  */
| #include <ac_nonexistent.h>
configure:13742: checking for ld used by /home/travis/build/KevinCollmer/ALQO/depends/x86_64-apple-darwin11/native/bin/clang++ -target x86_64-apple-darwin11 -mmacosx-version-min=10.8 --sysroot /home/travis/build/KevinCollmer/ALQO/depends/SDKs/MacOSX10.11.sdk -mlinker-version=253.9 -stdlib=libc++ -std=c++11
configure:13809: result: /home/travis/build/KevinCollmer/ALQO/depends/x86_64-apple-darwin11/native/bin/x86_64-apple-darwin11-ld
configure:13816: checking if the linker (/home/travis/build/KevinCollmer/ALQO/depends/x86_64-apple-darwin11/native/bin/x86_64-apple-darwin11-ld) is GNU ld
configure:13831: result: no
configure:13886: checking whether the /home/travis/build/KevinCollmer/ALQO/depends/x86_64-apple-darwin11/native/bin/clang++ -target x86_64-apple-darwin11 -mmacosx-version-min=10.8 --sysroot /home/travis/build/KevinCollmer/ALQO/depends/SDKs/MacOSX10.11.sdk -mlinker-version=253.9 -stdlib=libc++ -std=c++11 linker (/home/travis/build/KevinCollmer/ALQO/depends/x86_64-apple-darwin11/native/bin/x86_64-apple-darwin11-ld) supports shared libraries
configure:14888: result: yes
configure:14924: /home/travis/build/KevinCollmer/ALQO/depends/x86_64-apple-darwin11/native/bin/clang++ -target x86_64-apple-darwin11 -mmacosx-version-min=10.8 --sysroot /home/travis/build/KevinCollmer/ALQO/depends/SDKs/MacOSX10.11.sdk -mlinker-version=253.9 -stdlib=libc++ -std=c++11 -c -pipe -O2  -I/home/travis/build/KevinCollmer/ALQO/depends/x86_64-apple-darwin11/share/../include/  conftest.cpp >&5
configure:14927: $? = 0
configure:15447: checking for /home/travis/build/KevinCollmer/ALQO/depends/x86_64-apple-darwin11/native/bin/clang++ -target x86_64-apple-darwin11 -mmacosx-version-min=10.8 --sysroot /home/travis/build/KevinCollmer/ALQO/depends/SDKs/MacOSX10.11.sdk -mlinker-version=253.9 -stdlib=libc++ -std=c++11 option to produce PIC
configure:15454: result: -fno-common -DPIC
configure:15462: checking if /home/travis/build/KevinCollmer/ALQO/depends/x86_64-apple-darwin11/native/bin/clang++ -target x86_64-apple-darwin11 -mmacosx-version-min=10.8 --sysroot /home/travis/build/KevinCollmer/ALQO/depends/SDKs/MacOSX10.11.sdk -mlinker-version=253.9 -stdlib=libc++ -std=c++11 PIC flag -fno-common -DPIC works
configure:15497: result: yes
configure:15520: checking if /home/travis/build/KevinCollmer/ALQO/depends/x86_64-apple-darwin11/native/bin/clang++ -target x86_64-apple-darwin11 -mmacosx-version-min=10.8 --sysroot /home/travis/build/KevinCollmer/ALQO/depends/SDKs/MacOSX10.11.sdk -mlinker-version=253.9 -stdlib=libc++ -std=c++11 static flag -static works
configure:15548: result: no
configure:15560: checking if /home/travis/build/KevinCollmer/ALQO/depends/x86_64-apple-darwin11/native/bin/clang++ -target x86_64-apple-darwin11 -mmacosx-version-min=10.8 --sysroot /home/travis/build/KevinCollmer/ALQO/depends/SDKs/MacOSX10.11.sdk -mlinker-version=253.9 -stdlib=libc++ -std=c++11 supports -c -o file.o
configure:15607: result: yes
configure:15612: checking if /home/travis/build/KevinCollmer/ALQO/depends/x86_64-apple-darwin11/native/bin/clang++ -target x86_64-apple-darwin11 -mmacosx-version-min=10.8 --sysroot /home/travis/build/KevinCollmer/ALQO/depends/SDKs/MacOSX10.11.sdk -mlinker-version=253.9 -stdlib=libc++ -std=c++11 supports -c -o file.o
configure:15659: result: yes
configure:15689: checking whether the /home/travis/build/KevinCollmer/ALQO/depends/x86_64-apple-darwin11/native/bin/clang++ -target x86_64-apple-darwin11 -mmacosx-version-min=10.8 --sysroot /home/travis/build/KevinCollmer/ALQO/depends/SDKs/MacOSX10.11.sdk -mlinker-version=253.9 -stdlib=libc++ -std=c++11 linker (/home/travis/build/KevinCollmer/ALQO/depends/x86_64-apple-darwin11/native/bin/x86_64-apple-darwin11-ld) supports shared libraries
configure:15728: result: yes
configure:15869: checking dynamic linker characteristics
configure:16537: result: darwin11 dyld
configure:16590: checking how to hardcode library paths into programs
configure:16615: result: immediate
configure:16680: checking for x86_64-apple-darwin11-ar
configure:16710: result: /home/travis/build/KevinCollmer/ALQO/depends/x86_64-apple-darwin11/native/bin/x86_64-apple-darwin11-ar
configure:16778: checking for x86_64-apple-darwin11-ranlib
configure:16808: result: /home/travis/build/KevinCollmer/ALQO/depends/x86_64-apple-darwin11/native/bin/x86_64-apple-darwin11-ranlib
configure:16876: checking for x86_64-apple-darwin11-strip
configure:16906: result: /home/travis/build/KevinCollmer/ALQO/depends/x86_64-apple-darwin11/share/../native/bin/x86_64-apple-darwin11-strip
configure:16974: checking for x86_64-apple-darwin11-gcov
configure:17007: result: no
configure:17017: checking for gcov
configure:17047: result: /usr/bin/gcov
configure:17071: checking for lcov
configure:17104: result: no
configure:17113: checking for python3.6
configure:17143: result: /usr/bin/python3.4
configure:17156: checking for genhtml
configure:17189: result: no
configure:17196: checking for git
configure:17226: result: /usr/bin/git
configure:17236: checking for ccache
configure:17266: result: /home/travis/build/KevinCollmer/ALQO/depends/x86_64-apple-darwin11/share/../native/bin/ccache
configure:17276: checking for xgettext
configure:17306: result: /usr/bin/xgettext
configure:17316: checking for hexdump
configure:17346: result: /usr/bin/hexdump
configure:17357: checking for x86_64-apple-darwin11-readelf
configure:17390: result: no
configure:17400: checking for readelf
configure:17430: result: /usr/bin/readelf
configure:17455: checking for x86_64-apple-darwin11-c++filt
configure:17488: result: no
configure:17498: checking for c++filt
configure:17528: result: /usr/bin/c++filt
configure:17553: checking for x86_64-apple-darwin11-objcopy
configure:17586: result: no
configure:17596: checking for objcopy
configure:17626: result: /usr/bin/objcopy
configure:17800: checking whether C++ compiler accepts -Werror
configure:17827: result: yes
configure:18346: checking whether C++ compiler accepts -msse4.2
configure:18374: result: yes
configure:18385: checking for assembler crc32 support
configure:18411: /home/travis/build/KevinCollmer/ALQO/depends/x86_64-apple-darwin11/native/bin/clang++ -target x86_64-apple-darwin11 -mmacosx-version-min=10.8 --sysroot /home/travis/build/KevinCollmer/ALQO/depends/SDKs/MacOSX10.11.sdk -mlinker-version=253.9 -stdlib=libc++ -std=c++11 -c -pipe -O2  -msse4.2 -I/home/travis/build/KevinCollmer/ALQO/depends/x86_64-apple-darwin11/share/../include/  conftest.cpp >&5
configure:18411: $? = 0
configure:18412: result: yes
configure:19603: checking for x86_64-apple-darwin11-install_name_tool
configure:19633: result: /home/travis/build/KevinCollmer/ALQO/depends/x86_64-apple-darwin11/share/../native/bin/x86_64-apple-darwin11-install_name_tool
configure:19701: checking for x86_64-apple-darwin11-otool
configure:19731: result: /home/travis/build/KevinCollmer/ALQO/depends/x86_64-apple-darwin11/share/../native/bin/x86_64-apple-darwin11-otool
configure:19800: checking for genisoimage
configure:19830: result: /home/travis/build/KevinCollmer/ALQO/depends/x86_64-apple-darwin11/share/../native/bin/genisoimage
configure:19846: checking for rsvg-convert
configure:19876: result: /usr/bin/rsvg-convert
configure:19892: checking for convert
configure:19922: result: /usr/bin/convert
configure:19938: checking for tiffcp
configure:19968: result: /usr/bin/tiffcp
configure:19986: checking whether the linker accepts -Wl,-headerpad_max_install_names
configure:20014: result: yes
configure:20057: checking for x86_64-apple-darwin11-pkg-config
configure:20087: result: /usr/bin/pkg-config --static
configure:20155: checking pkg-config is at least version 0.9.0
configure:20158: result: yes
configure:20279: checking whether byte ordering is bigendian
configure:20485: result: no
configure:20686: checking whether /home/travis/build/KevinCollmer/ALQO/depends/x86_64-apple-darwin11/native/bin/clang -target x86_64-apple-darwin11 -mmacosx-version-min=10.8 --sysroot /home/travis/build/KevinCollmer/ALQO/depends/SDKs/MacOSX10.11.sdk -mlinker-version=253.9 is Clang
configure:20711: result: yes
configure:20758: checking whether Clang needs flag to prevent "argument unused" warning when linking with -pthread
configure:20807: result: -Qunused-arguments
configure:20956: checking for joinable pthread attribute
configure:20982: result: PTHREAD_CREATE_JOINABLE
configure:20996: checking whether more special flags are required for pthreads
configure:21009: result: no
configure:21017: checking for PTHREAD_PRIO_INHERIT
configure:21042: result: yes
configure:21155: checking for special C compiler options needed for large files
configure:21200: result: no
configure:21206: checking for _FILE_OFFSET_BITS value needed for large files
configure:21263: result: no
configure:21349: checking whether strerror_r is declared
configure:21349: result: yes
configure:21362: checking for strerror_r
configure:21362: result: yes
configure:21371: checking whether strerror_r returns char *
configure:21433: result: no
configure:21454: checking whether the linker accepts -Wl,--large-address-aware
configure:21482: result: no
configure:21494: checking for __attribute__((visibility))
configure:21531: result: no
configure:21547: checking for __attribute__((dllexport))
configure:21581: result: no
configure:21597: checking for __attribute__((dllimport))
configure:21631: result: no
configure:21731: checking for library containing clock_gettime
configure:21779: result: no
configure:21791: checking whether C++ compiler accepts -fPIC
configure:21818: result: yes
configure:21829: checking whether C++ compiler accepts -Wstack-protector
configure:21856: result: yes
configure:21864: checking whether C++ compiler accepts -fstack-protector-all
configure:21891: result: yes
configure:21901: checking whether C++ preprocessor accepts -D_FORTIFY_SOURCE=2
configure:21928: result: yes
configure:21932: checking whether C++ preprocessor accepts -U_FORTIFY_SOURCE
configure:21959: result: yes
configure:21976: checking whether the linker accepts -Wl,--dynamicbase
configure:22004: result: no
configure:22012: checking whether the linker accepts -Wl,--nxcompat
configure:22040: result: no
configure:22048: checking whether the linker accepts -Wl,--high-entropy-va
configure:22076: result: no
configure:22084: checking whether the linker accepts -Wl,-z,relro
configure:22112: result: no
configure:22120: checking whether the linker accepts -Wl,-z,now
configure:22148: result: no
configure:22158: checking whether C++ compiler accepts -fPIC
configure:22185: result: yes
configure:22193: checking whether the linker accepts -pic
configure:22221: result: no
configure:22279: checking whether the linker accepts -Wl,-dead_strip
configure:22307: result: yes
configure:22320: checking for endian.h
configure:22320: result: no
configure:22320: checking for stdio.h
configure:22320: result: yes
configure:22320: checking for stdlib.h
configure:22320: result: yes
configure:22320: checking for unistd.h
configure:22320: result: yes
configure:22320: checking for strings.h
configure:22320: result: yes
configure:22320: checking for sys/types.h
configure:22320: result: yes
configure:22320: checking for sys/stat.h
configure:22320: result: yes
configure:22320: checking for sys/select.h
configure:22320: result: yes
configure:22320: checking for sys/prctl.h
configure:22320: result: no
configure:22330: checking for library containing getaddrinfo_a
configure:22378: result: no
configure:22388: checking for library containing inet_pton
configure:22436: result: none required
configure:22447: checking whether strnlen is declared
configure:22447: result: yes
configure:22460: checking whether daemon is declared
configure:22460: result: yes
configure:22472: checking whether le32toh is declared
configure:22472: result: no
configure:22485: checking whether le64toh is declared
configure:22485: result: no
configure:22498: checking whether htole32 is declared
configure:22498: result: no
configure:22511: checking whether htole64 is declared
configure:22511: result: no
configure:22524: checking whether be32toh is declared
configure:22524: result: no
configure:22537: checking whether be64toh is declared
configure:22537: result: no
configure:22550: checking whether htobe32 is declared
configure:22550: result: no
configure:22563: checking whether htobe64 is declared
configure:22563: result: no
configure:22578: checking for MSG_NOSIGNAL
configure:22591: /home/travis/build/KevinCollmer/ALQO/depends/x86_64-apple-darwin11/native/bin/clang++ -target x86_64-apple-darwin11 -mmacosx-version-min=10.8 --sysroot /home/travis/build/KevinCollmer/ALQO/depends/SDKs/MacOSX10.11.sdk -mlinker-version=253.9 -stdlib=libc++ -std=c++11 -c -pipe -O2  -I/home/travis/build/KevinCollmer/ALQO/depends/x86_64-apple-darwin11/share/../include/  -DHAVE_BUILD_INFO -D__STDC_FORMAT_MACROS -DMAC_OSX conftest.cpp >&5
conftest.cpp:48:10: error: use of undeclared identifier 'MSG_NOSIGNAL'
 int f = MSG_NOSIGNAL;
         ^
1 error generated.
configure:22591: $? = 1
configure: failed program was:
| /* confdefs.h */
| #define PACKAGE_NAME "ALQO Core"
| #define PACKAGE_TARNAME "alqo"
| #define PACKAGE_VERSION "4.2.0"
| #define PACKAGE_STRING "ALQO Core 4.2.0"
| #define PACKAGE_BUGREPORT "www.alqo.org"
| #define PACKAGE_URL ""
| #define HAVE_CXX11 1
| #define STDC_HEADERS 1
| #define HAVE_SYS_TYPES_H 1
| #define HAVE_SYS_STAT_H 1
| #define HAVE_STDLIB_H 1
| #define HAVE_STRING_H 1
| #define HAVE_MEMORY_H 1
| #define HAVE_STRINGS_H 1
| #define HAVE_INTTYPES_H 1
| #define HAVE_STDINT_H 1
| #define HAVE_UNISTD_H 1
| #define HAVE_DLFCN_H 1
| #define LT_OBJDIR ".libs/"
| #define HAVE_PTHREAD_PRIO_INHERIT 1
| #define HAVE_PTHREAD 1
| #define HAVE_DECL_STRERROR_R 1
| #define HAVE_STRERROR_R 1
| #define HAVE_STDIO_H 1
| #define HAVE_STDLIB_H 1
| #define HAVE_UNISTD_H 1
| #define HAVE_STRINGS_H 1
| #define HAVE_SYS_TYPES_H 1
| #define HAVE_SYS_STAT_H 1
| #define HAVE_SYS_SELECT_H 1
| #define HAVE_INET_PTON 1
| #define HAVE_DECL_STRNLEN 1
| #define HAVE_DECL_DAEMON 1
| #define HAVE_DECL_LE32TOH 0
| #define HAVE_DECL_LE64TOH 0
| #define HAVE_DECL_HTOLE32 0
| #define HAVE_DECL_HTOLE64 0
| #define HAVE_DECL_BE32TOH 0
| #define HAVE_DECL_BE64TOH 0
| #define HAVE_DECL_HTOBE32 0
| #define HAVE_DECL_HTOBE64 0
| /* end confdefs.h.  */
| #include <sys/socket.h>
| int
| main ()
| {
|  int f = MSG_NOSIGNAL;
|   ;
|   return 0;
| }
configure:22597: result: no
configure:22603: checking for MSG_DONTWAIT
configure:22616: /home/travis/build/KevinCollmer/ALQO/depends/x86_64-apple-darwin11/native/bin/clang++ -target x86_64-apple-darwin11 -mmacosx-version-min=10.8 --sysroot /home/travis/build/KevinCollmer/ALQO/depends/SDKs/MacOSX10.11.sdk -mlinker-version=253.9 -stdlib=libc++ -std=c++11 -c -pipe -O2  -I/home/travis/build/KevinCollmer/ALQO/depends/x86_64-apple-darwin11/share/../include/  -DHAVE_BUILD_INFO -D__STDC_FORMAT_MACROS -DMAC_OSX conftest.cpp >&5
configure:22616: $? = 0
configure:22617: result: yes
configure:22628: checking for getmemoryinfo
configure:22641: /home/travis/build/KevinCollmer/ALQO/depends/x86_64-apple-darwin11/native/bin/clang++ -target x86_64-apple-darwin11 -mmacosx-version-min=10.8 --sysroot /home/travis/build/KevinCollmer/ALQO/depends/SDKs/MacOSX10.11.sdk -mlinker-version=253.9 -stdlib=libc++ -std=c++11 -c -pipe -O2  -I/home/travis/build/KevinCollmer/ALQO/depends/x86_64-apple-darwin11/share/../include/  -DHAVE_BUILD_INFO -D__STDC_FORMAT_MACROS -DMAC_OSX conftest.cpp >&5
conftest.cpp:45:10: fatal error: 'malloc.h' file not found
#include <malloc.h>
         ^
1 error generated.
configure:22641: $? = 1
configure: failed program was:
| /* confdefs.h */
| #define PACKAGE_NAME "ALQO Core"
| #define PACKAGE_TARNAME "alqo"
| #define PACKAGE_VERSION "4.2.0"
| #define PACKAGE_STRING "ALQO Core 4.2.0"
| #define PACKAGE_BUGREPORT "www.alqo.org"
| #define PACKAGE_URL ""
| #define HAVE_CXX11 1
| #define STDC_HEADERS 1
| #define HAVE_SYS_TYPES_H 1
| #define HAVE_SYS_STAT_H 1
| #define HAVE_STDLIB_H 1
| #define HAVE_STRING_H 1
| #define HAVE_MEMORY_H 1
| #define HAVE_STRINGS_H 1
| #define HAVE_INTTYPES_H 1
| #define HAVE_STDINT_H 1
| #define HAVE_UNISTD_H 1
| #define HAVE_DLFCN_H 1
| #define LT_OBJDIR ".libs/"
| #define HAVE_PTHREAD_PRIO_INHERIT 1
| #define HAVE_PTHREAD 1
| #define HAVE_DECL_STRERROR_R 1
| #define HAVE_STRERROR_R 1
| #define HAVE_STDIO_H 1
| #define HAVE_STDLIB_H 1
| #define HAVE_UNISTD_H 1
| #define HAVE_STRINGS_H 1
| #define HAVE_SYS_TYPES_H 1
| #define HAVE_SYS_STAT_H 1
| #define HAVE_SYS_SELECT_H 1
| #define HAVE_INET_PTON 1
| #define HAVE_DECL_STRNLEN 1
| #define HAVE_DECL_DAEMON 1
| #define HAVE_DECL_LE32TOH 0
| #define HAVE_DECL_LE64TOH 0
| #define HAVE_DECL_HTOLE32 0
| #define HAVE_DECL_HTOLE64 0
| #define HAVE_DECL_BE32TOH 0
| #define HAVE_DECL_BE64TOH 0
| #define HAVE_DECL_HTOBE32 0
| #define HAVE_DECL_HTOBE64 0
| #define HAVE_MSG_DONTWAIT 1
| /* end confdefs.h.  */
| #include <malloc.h>
| int
| main ()
| {
|  int f = malloc_info(0, NULL);
|   ;
|   return 0;
| }
configure:22647: result: no
configure:22653: checking for mallopt M_ARENA_MAX
configure:22666: /home/travis/build/KevinCollmer/ALQO/depends/x86_64-apple-darwin11/native/bin/clang++ -target x86_64-apple-darwin11 -mmacosx-version-min=10.8 --sysroot /home/travis/build/KevinCollmer/ALQO/depends/SDKs/MacOSX10.11.sdk -mlinker-version=253.9 -stdlib=libc++ -std=c++11 -c -pipe -O2  -I/home/travis/build/KevinCollmer/ALQO/depends/x86_64-apple-darwin11/share/../include/  -DHAVE_BUILD_INFO -D__STDC_FORMAT_MACROS -DMAC_OSX conftest.cpp >&5
conftest.cpp:45:10: fatal error: 'malloc.h' file not found
#include <malloc.h>
         ^
1 error generated.
configure:22666: $? = 1
configure: failed program was:
| /* confdefs.h */
| #define PACKAGE_NAME "ALQO Core"
| #define PACKAGE_TARNAME "alqo"
| #define PACKAGE_VERSION "4.2.0"
| #define PACKAGE_STRING "ALQO Core 4.2.0"
| #define PACKAGE_BUGREPORT "www.alqo.org"
| #define PACKAGE_URL ""
| #define HAVE_CXX11 1
| #define STDC_HEADERS 1
| #define HAVE_SYS_TYPES_H 1
| #define HAVE_SYS_STAT_H 1
| #define HAVE_STDLIB_H 1
| #define HAVE_STRING_H 1
| #define HAVE_MEMORY_H 1
| #define HAVE_STRINGS_H 1
| #define HAVE_INTTYPES_H 1
| #define HAVE_STDINT_H 1
| #define HAVE_UNISTD_H 1
| #define HAVE_DLFCN_H 1
| #define LT_OBJDIR ".libs/"
| #define HAVE_PTHREAD_PRIO_INHERIT 1
| #define HAVE_PTHREAD 1
| #define HAVE_DECL_STRERROR_R 1
| #define HAVE_STRERROR_R 1
| #define HAVE_STDIO_H 1
| #define HAVE_STDLIB_H 1
| #define HAVE_UNISTD_H 1
| #define HAVE_STRINGS_H 1
| #define HAVE_SYS_TYPES_H 1
| #define HAVE_SYS_STAT_H 1
| #define HAVE_SYS_SELECT_H 1
| #define HAVE_INET_PTON 1
| #define HAVE_DECL_STRNLEN 1
| #define HAVE_DECL_DAEMON 1
| #define HAVE_DECL_LE32TOH 0
| #define HAVE_DECL_LE64TOH 0
| #define HAVE_DECL_HTOLE32 0
| #define HAVE_DECL_HTOLE64 0
| #define HAVE_DECL_BE32TOH 0
| #define HAVE_DECL_BE64TOH 0
| #define HAVE_DECL_HTOBE32 0
| #define HAVE_DECL_HTOBE64 0
| #define HAVE_MSG_DONTWAIT 1
| /* end confdefs.h.  */
| #include <malloc.h>
| int
| main ()
| {
|  mallopt(M_ARENA_MAX, 1);
|   ;
|   return 0;
| }
configure:22672: result: no
configure:22678: checking for visibility attribute
configure:22687: /home/travis/build/KevinCollmer/ALQO/depends/x86_64-apple-darwin11/native/bin/clang++ -target x86_64-apple-darwin11 -mmacosx-version-min=10.8 --sysroot /home/travis/build/KevinCollmer/ALQO/depends/SDKs/MacOSX10.11.sdk -mlinker-version=253.9 -stdlib=libc++ -std=c++11 -o conftest -pipe -O2  -I/home/travis/build/KevinCollmer/ALQO/depends/x86_64-apple-darwin11/share/../include/  -DHAVE_BUILD_INFO -D__STDC_FORMAT_MACROS -DMAC_OSX -L/home/travis/build/KevinCollmer/ALQO/depends/x86_64-apple-darwin11/share/../lib  -Wl,-headerpad_max_install_names -Wl,-dead_strip conftest.cpp  >&5
configure:22687: $? = 0
configure:22692: result: yes
configure:22710: checking for thread_local support
configure:22724: /home/travis/build/KevinCollmer/ALQO/depends/x86_64-apple-darwin11/native/bin/clang++ -target x86_64-apple-darwin11 -mmacosx-version-min=10.8 --sysroot /home/travis/build/KevinCollmer/ALQO/depends/SDKs/MacOSX10.11.sdk -mlinker-version=253.9 -stdlib=libc++ -std=c++11 -o conftest -pipe -O2  -I/home/travis/build/KevinCollmer/ALQO/depends/x86_64-apple-darwin11/share/../include/  -DHAVE_BUILD_INFO -D__STDC_FORMAT_MACROS -DMAC_OSX -L/home/travis/build/KevinCollmer/ALQO/depends/x86_64-apple-darwin11/share/../lib  -Wl,-headerpad_max_install_names -Wl,-dead_strip -Qunused-arguments -pthread conftest.cpp  >&5
configure:22724: $? = 0
configure:22729: result: yes
configure:22745: checking whether C++ compiler accepts -fvisibility=hidden
configure:22772: result: yes
configure:22803: checking for Berkeley DB C++ headers
configure:22833: /home/travis/build/KevinCollmer/ALQO/depends/x86_64-apple-darwin11/native/bin/clang++ -target x86_64-apple-darwin11 -mmacosx-version-min=10.8 --sysroot /home/travis/build/KevinCollmer/ALQO/depends/SDKs/MacOSX10.11.sdk -mlinker-version=253.9 -stdlib=libc++ -std=c++11 -c -pipe -O2  -I/home/travis/build/KevinCollmer/ALQO/depends/x86_64-apple-darwin11/share/../include/  -DHAVE_BUILD_INFO -D__STDC_FORMAT_MACROS -DMAC_OSX conftest.cpp >&5
conftest.cpp:48:18: fatal error: 'bdb4.8/db_cxx.h' file not found
        #include <bdb4.8/db_cxx.h>
                 ^
1 error generated.
configure:22833: $? = 1
configure: failed program was:
| /* confdefs.h */
| #define PACKAGE_NAME "ALQO Core"
| #define PACKAGE_TARNAME "alqo"
| #define PACKAGE_VERSION "4.2.0"
| #define PACKAGE_STRING "ALQO Core 4.2.0"
| #define PACKAGE_BUGREPORT "www.alqo.org"
| #define PACKAGE_URL ""
| #define HAVE_CXX11 1
| #define STDC_HEADERS 1
| #define HAVE_SYS_TYPES_H 1
| #define HAVE_SYS_STAT_H 1
| #define HAVE_STDLIB_H 1
| #define HAVE_STRING_H 1
| #define HAVE_MEMORY_H 1
| #define HAVE_STRINGS_H 1
| #define HAVE_INTTYPES_H 1
| #define HAVE_STDINT_H 1
| #define HAVE_UNISTD_H 1
| #define HAVE_DLFCN_H 1
| #define LT_OBJDIR ".libs/"
| #define HAVE_PTHREAD_PRIO_INHERIT 1
| #define HAVE_PTHREAD 1
| #define HAVE_DECL_STRERROR_R 1
| #define HAVE_STRERROR_R 1
| #define HAVE_STDIO_H 1
| #define HAVE_STDLIB_H 1
| #define HAVE_UNISTD_H 1
| #define HAVE_STRINGS_H 1
| #define HAVE_SYS_TYPES_H 1
| #define HAVE_SYS_STAT_H 1
| #define HAVE_SYS_SELECT_H 1
| #define HAVE_INET_PTON 1
| #define HAVE_DECL_STRNLEN 1
| #define HAVE_DECL_DAEMON 1
| #define HAVE_DECL_LE32TOH 0
| #define HAVE_DECL_LE64TOH 0
| #define HAVE_DECL_HTOLE32 0
| #define HAVE_DECL_HTOLE64 0
| #define HAVE_DECL_BE32TOH 0
| #define HAVE_DECL_BE64TOH 0
| #define HAVE_DECL_HTOBE32 0
| #define HAVE_DECL_HTOBE64 0
| #define HAVE_MSG_DONTWAIT 1
| #define HAVE_VISIBILITY_ATTRIBUTE 1
| #define HAVE_THREAD_LOCAL 1
| /* end confdefs.h.  */
| 
|         #include <bdb4.8/db_cxx.h>
| 
| int
| main ()
| {
| 
|         #if !((DB_VERSION_MAJOR == 4 && DB_VERSION_MINOR >= 8) || DB_VERSION_MAJOR > 4)
|           #error "failed to find bdb 4.8+"
|         #endif
| 
|   ;
|   return 0;
| }
configure:22833: /home/travis/build/KevinCollmer/ALQO/depends/x86_64-apple-darwin11/native/bin/clang++ -target x86_64-apple-darwin11 -mmacosx-version-min=10.8 --sysroot /home/travis/build/KevinCollmer/ALQO/depends/SDKs/MacOSX10.11.sdk -mlinker-version=253.9 -stdlib=libc++ -std=c++11 -c -pipe -O2  -I/home/travis/build/KevinCollmer/ALQO/depends/x86_64-apple-darwin11/share/../include/  -DHAVE_BUILD_INFO -D__STDC_FORMAT_MACROS -DMAC_OSX conftest.cpp >&5
conftest.cpp:48:18: fatal error: 'libdb4.8/db_cxx.h' file not found
        #include <libdb4.8/db_cxx.h>
                 ^
1 error generated.
configure:22833: $? = 1
configure: failed program was:
| /* confdefs.h */
| #define PACKAGE_NAME "ALQO Core"
| #define PACKAGE_TARNAME "alqo"
| #define PACKAGE_VERSION "4.2.0"
| #define PACKAGE_STRING "ALQO Core 4.2.0"
| #define PACKAGE_BUGREPORT "www.alqo.org"
| #define PACKAGE_URL ""
| #define HAVE_CXX11 1
| #define STDC_HEADERS 1
| #define HAVE_SYS_TYPES_H 1
| #define HAVE_SYS_STAT_H 1
| #define HAVE_STDLIB_H 1
| #define HAVE_STRING_H 1
| #define HAVE_MEMORY_H 1
| #define HAVE_STRINGS_H 1
| #define HAVE_INTTYPES_H 1
| #define HAVE_STDINT_H 1
| #define HAVE_UNISTD_H 1
| #define HAVE_DLFCN_H 1
| #define LT_OBJDIR ".libs/"
| #define HAVE_PTHREAD_PRIO_INHERIT 1
| #define HAVE_PTHREAD 1
| #define HAVE_DECL_STRERROR_R 1
| #define HAVE_STRERROR_R 1
| #define HAVE_STDIO_H 1
| #define HAVE_STDLIB_H 1
| #define HAVE_UNISTD_H 1
| #define HAVE_STRINGS_H 1
| #define HAVE_SYS_TYPES_H 1
| #define HAVE_SYS_STAT_H 1
| #define HAVE_SYS_SELECT_H 1
| #define HAVE_INET_PTON 1
| #define HAVE_DECL_STRNLEN 1
| #define HAVE_DECL_DAEMON 1
| #define HAVE_DECL_LE32TOH 0
| #define HAVE_DECL_LE64TOH 0
| #define HAVE_DECL_HTOLE32 0
| #define HAVE_DECL_HTOLE64 0
| #define HAVE_DECL_BE32TOH 0
| #define HAVE_DECL_BE64TOH 0
| #define HAVE_DECL_HTOBE32 0
| #define HAVE_DECL_HTOBE64 0
| #define HAVE_MSG_DONTWAIT 1
| #define HAVE_VISIBILITY_ATTRIBUTE 1
| #define HAVE_THREAD_LOCAL 1
| /* end confdefs.h.  */
| 
|         #include <libdb4.8/db_cxx.h>
| 
| int
| main ()
| {
| 
|         #if !((DB_VERSION_MAJOR == 4 && DB_VERSION_MINOR >= 8) || DB_VERSION_MAJOR > 4)
|           #error "failed to find bdb 4.8+"
|         #endif
| 
|   ;
|   return 0;
| }
configure:22833: /home/travis/build/KevinCollmer/ALQO/depends/x86_64-apple-darwin11/native/bin/clang++ -target x86_64-apple-darwin11 -mmacosx-version-min=10.8 --sysroot /home/travis/build/KevinCollmer/ALQO/depends/SDKs/MacOSX10.11.sdk -mlinker-version=253.9 -stdlib=libc++ -std=c++11 -c -pipe -O2  -I/home/travis/build/KevinCollmer/ALQO/depends/x86_64-apple-darwin11/share/../include/  -DHAVE_BUILD_INFO -D__STDC_FORMAT_MACROS -DMAC_OSX conftest.cpp >&5
conftest.cpp:48:18: fatal error: 'db4.8/db_cxx.h' file not found
        #include <db4.8/db_cxx.h>
                 ^
1 error generated.
configure:22833: $? = 1
configure: failed program was:
| /* confdefs.h */
| #define PACKAGE_NAME "ALQO Core"
| #define PACKAGE_TARNAME "alqo"
| #define PACKAGE_VERSION "4.2.0"
| #define PACKAGE_STRING "ALQO Core 4.2.0"
| #define PACKAGE_BUGREPORT "www.alqo.org"
| #define PACKAGE_URL ""
| #define HAVE_CXX11 1
| #define STDC_HEADERS 1
| #define HAVE_SYS_TYPES_H 1
| #define HAVE_SYS_STAT_H 1
| #define HAVE_STDLIB_H 1
| #define HAVE_STRING_H 1
| #define HAVE_MEMORY_H 1
| #define HAVE_STRINGS_H 1
| #define HAVE_INTTYPES_H 1
| #define HAVE_STDINT_H 1
| #define HAVE_UNISTD_H 1
| #define HAVE_DLFCN_H 1
| #define LT_OBJDIR ".libs/"
| #define HAVE_PTHREAD_PRIO_INHERIT 1
| #define HAVE_PTHREAD 1
| #define HAVE_DECL_STRERROR_R 1
| #define HAVE_STRERROR_R 1
| #define HAVE_STDIO_H 1
| #define HAVE_STDLIB_H 1
| #define HAVE_UNISTD_H 1
| #define HAVE_STRINGS_H 1
| #define HAVE_SYS_TYPES_H 1
| #define HAVE_SYS_STAT_H 1
| #define HAVE_SYS_SELECT_H 1
| #define HAVE_INET_PTON 1
| #define HAVE_DECL_STRNLEN 1
| #define HAVE_DECL_DAEMON 1
| #define HAVE_DECL_LE32TOH 0
| #define HAVE_DECL_LE64TOH 0
| #define HAVE_DECL_HTOLE32 0
| #define HAVE_DECL_HTOLE64 0
| #define HAVE_DECL_BE32TOH 0
| #define HAVE_DECL_BE64TOH 0
| #define HAVE_DECL_HTOBE32 0
| #define HAVE_DECL_HTOBE64 0
| #define HAVE_MSG_DONTWAIT 1
| #define HAVE_VISIBILITY_ATTRIBUTE 1
| #define HAVE_THREAD_LOCAL 1
| /* end confdefs.h.  */
| 
|         #include <db4.8/db_cxx.h>
| 
| int
| main ()
| {
| 
|         #if !((DB_VERSION_MAJOR == 4 && DB_VERSION_MINOR >= 8) || DB_VERSION_MAJOR > 4)
|           #error "failed to find bdb 4.8+"
|         #endif
| 
|   ;
|   return 0;
| }
configure:22833: /home/travis/build/KevinCollmer/ALQO/depends/x86_64-apple-darwin11/native/bin/clang++ -target x86_64-apple-darwin11 -mmacosx-version-min=10.8 --sysroot /home/travis/build/KevinCollmer/ALQO/depends/SDKs/MacOSX10.11.sdk -mlinker-version=253.9 -stdlib=libc++ -std=c++11 -c -pipe -O2  -I/home/travis/build/KevinCollmer/ALQO/depends/x86_64-apple-darwin11/share/../include/  -DHAVE_BUILD_INFO -D__STDC_FORMAT_MACROS -DMAC_OSX conftest.cpp >&5
conftest.cpp:48:18: fatal error: 'bdb48/db_cxx.h' file not found
        #include <bdb48/db_cxx.h>
                 ^
1 error generated.
configure:22833: $? = 1
configure: failed program was:
| /* confdefs.h */
| #define PACKAGE_NAME "ALQO Core"
| #define PACKAGE_TARNAME "alqo"
| #define PACKAGE_VERSION "4.2.0"
| #define PACKAGE_STRING "ALQO Core 4.2.0"
| #define PACKAGE_BUGREPORT "www.alqo.org"
| #define PACKAGE_URL ""
| #define HAVE_CXX11 1
| #define STDC_HEADERS 1
| #define HAVE_SYS_TYPES_H 1
| #define HAVE_SYS_STAT_H 1
| #define HAVE_STDLIB_H 1
| #define HAVE_STRING_H 1
| #define HAVE_MEMORY_H 1
| #define HAVE_STRINGS_H 1
| #define HAVE_INTTYPES_H 1
| #define HAVE_STDINT_H 1
| #define HAVE_UNISTD_H 1
| #define HAVE_DLFCN_H 1
| #define LT_OBJDIR ".libs/"
| #define HAVE_PTHREAD_PRIO_INHERIT 1
| #define HAVE_PTHREAD 1
| #define HAVE_DECL_STRERROR_R 1
| #define HAVE_STRERROR_R 1
| #define HAVE_STDIO_H 1
| #define HAVE_STDLIB_H 1
| #define HAVE_UNISTD_H 1
| #define HAVE_STRINGS_H 1
| #define HAVE_SYS_TYPES_H 1
| #define HAVE_SYS_STAT_H 1
| #define HAVE_SYS_SELECT_H 1
| #define HAVE_INET_PTON 1
| #define HAVE_DECL_STRNLEN 1
| #define HAVE_DECL_DAEMON 1
| #define HAVE_DECL_LE32TOH 0
| #define HAVE_DECL_LE64TOH 0
| #define HAVE_DECL_HTOLE32 0
| #define HAVE_DECL_HTOLE64 0
| #define HAVE_DECL_BE32TOH 0
| #define HAVE_DECL_BE64TOH 0
| #define HAVE_DECL_HTOBE32 0
| #define HAVE_DECL_HTOBE64 0
| #define HAVE_MSG_DONTWAIT 1
| #define HAVE_VISIBILITY_ATTRIBUTE 1
| #define HAVE_THREAD_LOCAL 1
| /* end confdefs.h.  */
| 
|         #include <bdb48/db_cxx.h>
| 
| int
| main ()
| {
| 
|         #if !((DB_VERSION_MAJOR == 4 && DB_VERSION_MINOR >= 8) || DB_VERSION_MAJOR > 4)
|           #error "failed to find bdb 4.8+"
|         #endif
| 
|   ;
|   return 0;
| }
configure:22833: /home/travis/build/KevinCollmer/ALQO/depends/x86_64-apple-darwin11/native/bin/clang++ -target x86_64-apple-darwin11 -mmacosx-version-min=10.8 --sysroot /home/travis/build/KevinCollmer/ALQO/depends/SDKs/MacOSX10.11.sdk -mlinker-version=253.9 -stdlib=libc++ -std=c++11 -c -pipe -O2  -I/home/travis/build/KevinCollmer/ALQO/depends/x86_64-apple-darwin11/share/../include/  -DHAVE_BUILD_INFO -D__STDC_FORMAT_MACROS -DMAC_OSX conftest.cpp >&5
conftest.cpp:48:18: fatal error: 'libdb48/db_cxx.h' file not found
        #include <libdb48/db_cxx.h>
                 ^
1 error generated.
configure:22833: $? = 1
configure: failed program was:
| /* confdefs.h */
| #define PACKAGE_NAME "ALQO Core"
| #define PACKAGE_TARNAME "alqo"
| #define PACKAGE_VERSION "4.2.0"
| #define PACKAGE_STRING "ALQO Core 4.2.0"
| #define PACKAGE_BUGREPORT "www.alqo.org"
| #define PACKAGE_URL ""
| #define HAVE_CXX11 1
| #define STDC_HEADERS 1
| #define HAVE_SYS_TYPES_H 1
| #define HAVE_SYS_STAT_H 1
| #define HAVE_STDLIB_H 1
| #define HAVE_STRING_H 1
| #define HAVE_MEMORY_H 1
| #define HAVE_STRINGS_H 1
| #define HAVE_INTTYPES_H 1
| #define HAVE_STDINT_H 1
| #define HAVE_UNISTD_H 1
| #define HAVE_DLFCN_H 1
| #define LT_OBJDIR ".libs/"
| #define HAVE_PTHREAD_PRIO_INHERIT 1
| #define HAVE_PTHREAD 1
| #define HAVE_DECL_STRERROR_R 1
| #define HAVE_STRERROR_R 1
| #define HAVE_STDIO_H 1
| #define HAVE_STDLIB_H 1
| #define HAVE_UNISTD_H 1
| #define HAVE_STRINGS_H 1
| #define HAVE_SYS_TYPES_H 1
| #define HAVE_SYS_STAT_H 1
| #define HAVE_SYS_SELECT_H 1
| #define HAVE_INET_PTON 1
| #define HAVE_DECL_STRNLEN 1
| #define HAVE_DECL_DAEMON 1
| #define HAVE_DECL_LE32TOH 0
| #define HAVE_DECL_LE64TOH 0
| #define HAVE_DECL_HTOLE32 0
| #define HAVE_DECL_HTOLE64 0
| #define HAVE_DECL_BE32TOH 0
| #define HAVE_DECL_BE64TOH 0
| #define HAVE_DECL_HTOBE32 0
| #define HAVE_DECL_HTOBE64 0
| #define HAVE_MSG_DONTWAIT 1
| #define HAVE_VISIBILITY_ATTRIBUTE 1
| #define HAVE_THREAD_LOCAL 1
| /* end confdefs.h.  */
| 
|         #include <libdb48/db_cxx.h>
| 
| int
| main ()
| {
| 
|         #if !((DB_VERSION_MAJOR == 4 && DB_VERSION_MINOR >= 8) || DB_VERSION_MAJOR > 4)
|           #error "failed to find bdb 4.8+"
|         #endif
| 
|   ;
|   return 0;
| }
configure:22833: /home/travis/build/KevinCollmer/ALQO/depends/x86_64-apple-darwin11/native/bin/clang++ -target x86_64-apple-darwin11 -mmacosx-version-min=10.8 --sysroot /home/travis/build/KevinCollmer/ALQO/depends/SDKs/MacOSX10.11.sdk -mlinker-version=253.9 -stdlib=libc++ -std=c++11 -c -pipe -O2  -I/home/travis/build/KevinCollmer/ALQO/depends/x86_64-apple-darwin11/share/../include/  -DHAVE_BUILD_INFO -D__STDC_FORMAT_MACROS -DMAC_OSX conftest.cpp >&5
conftest.cpp:48:18: fatal error: 'db48/db_cxx.h' file not found
        #include <db48/db_cxx.h>
                 ^
1 error generated.
configure:22833: $? = 1
configure: failed program was:
| /* confdefs.h */
| #define PACKAGE_NAME "ALQO Core"
| #define PACKAGE_TARNAME "alqo"
| #define PACKAGE_VERSION "4.2.0"
| #define PACKAGE_STRING "ALQO Core 4.2.0"
| #define PACKAGE_BUGREPORT "www.alqo.org"
| #define PACKAGE_URL ""
| #define HAVE_CXX11 1
| #define STDC_HEADERS 1
| #define HAVE_SYS_TYPES_H 1
| #define HAVE_SYS_STAT_H 1
| #define HAVE_STDLIB_H 1
| #define HAVE_STRING_H 1
| #define HAVE_MEMORY_H 1
| #define HAVE_STRINGS_H 1
| #define HAVE_INTTYPES_H 1
| #define HAVE_STDINT_H 1
| #define HAVE_UNISTD_H 1
| #define HAVE_DLFCN_H 1
| #define LT_OBJDIR ".libs/"
| #define HAVE_PTHREAD_PRIO_INHERIT 1
| #define HAVE_PTHREAD 1
| #define HAVE_DECL_STRERROR_R 1
| #define HAVE_STRERROR_R 1
| #define HAVE_STDIO_H 1
| #define HAVE_STDLIB_H 1
| #define HAVE_UNISTD_H 1
| #define HAVE_STRINGS_H 1
| #define HAVE_SYS_TYPES_H 1
| #define HAVE_SYS_STAT_H 1
| #define HAVE_SYS_SELECT_H 1
| #define HAVE_INET_PTON 1
| #define HAVE_DECL_STRNLEN 1
| #define HAVE_DECL_DAEMON 1
| #define HAVE_DECL_LE32TOH 0
| #define HAVE_DECL_LE64TOH 0
| #define HAVE_DECL_HTOLE32 0
| #define HAVE_DECL_HTOLE64 0
| #define HAVE_DECL_BE32TOH 0
| #define HAVE_DECL_BE64TOH 0
| #define HAVE_DECL_HTOBE32 0
| #define HAVE_DECL_HTOBE64 0
| #define HAVE_MSG_DONTWAIT 1
| #define HAVE_VISIBILITY_ATTRIBUTE 1
| #define HAVE_THREAD_LOCAL 1
| /* end confdefs.h.  */
| 
|         #include <db48/db_cxx.h>
| 
| int
| main ()
| {
| 
|         #if !((DB_VERSION_MAJOR == 4 && DB_VERSION_MINOR >= 8) || DB_VERSION_MAJOR > 4)
|           #error "failed to find bdb 4.8+"
|         #endif
| 
|   ;
|   return 0;
| }
configure:22833: /home/travis/build/KevinCollmer/ALQO/depends/x86_64-apple-darwin11/native/bin/clang++ -target x86_64-apple-darwin11 -mmacosx-version-min=10.8 --sysroot /home/travis/build/KevinCollmer/ALQO/depends/SDKs/MacOSX10.11.sdk -mlinker-version=253.9 -stdlib=libc++ -std=c++11 -c -pipe -O2  -I/home/travis/build/KevinCollmer/ALQO/depends/x86_64-apple-darwin11/share/../include/  -DHAVE_BUILD_INFO -D__STDC_FORMAT_MACROS -DMAC_OSX conftest.cpp >&5
conftest.cpp:48:18: fatal error: 'bdb4/db_cxx.h' file not found
        #include <bdb4/db_cxx.h>
                 ^
1 error generated.
configure:22833: $? = 1
configure: failed program was:
| /* confdefs.h */
| #define PACKAGE_NAME "ALQO Core"
| #define PACKAGE_TARNAME "alqo"
| #define PACKAGE_VERSION "4.2.0"
| #define PACKAGE_STRING "ALQO Core 4.2.0"
| #define PACKAGE_BUGREPORT "www.alqo.org"
| #define PACKAGE_URL ""
| #define HAVE_CXX11 1
| #define STDC_HEADERS 1
| #define HAVE_SYS_TYPES_H 1
| #define HAVE_SYS_STAT_H 1
| #define HAVE_STDLIB_H 1
| #define HAVE_STRING_H 1
| #define HAVE_MEMORY_H 1
| #define HAVE_STRINGS_H 1
| #define HAVE_INTTYPES_H 1
| #define HAVE_STDINT_H 1
| #define HAVE_UNISTD_H 1
| #define HAVE_DLFCN_H 1
| #define LT_OBJDIR ".libs/"
| #define HAVE_PTHREAD_PRIO_INHERIT 1
| #define HAVE_PTHREAD 1
| #define HAVE_DECL_STRERROR_R 1
| #define HAVE_STRERROR_R 1
| #define HAVE_STDIO_H 1
| #define HAVE_STDLIB_H 1
| #define HAVE_UNISTD_H 1
| #define HAVE_STRINGS_H 1
| #define HAVE_SYS_TYPES_H 1
| #define HAVE_SYS_STAT_H 1
| #define HAVE_SYS_SELECT_H 1
| #define HAVE_INET_PTON 1
| #define HAVE_DECL_STRNLEN 1
| #define HAVE_DECL_DAEMON 1
| #define HAVE_DECL_LE32TOH 0
| #define HAVE_DECL_LE64TOH 0
| #define HAVE_DECL_HTOLE32 0
| #define HAVE_DECL_HTOLE64 0
| #define HAVE_DECL_BE32TOH 0
| #define HAVE_DECL_BE64TOH 0
| #define HAVE_DECL_HTOBE32 0
| #define HAVE_DECL_HTOBE64 0
| #define HAVE_MSG_DONTWAIT 1
| #define HAVE_VISIBILITY_ATTRIBUTE 1
| #define HAVE_THREAD_LOCAL 1
| /* end confdefs.h.  */
| 
|         #include <bdb4/db_cxx.h>
| 
| int
| main ()
| {
| 
|         #if !((DB_VERSION_MAJOR == 4 && DB_VERSION_MINOR >= 8) || DB_VERSION_MAJOR > 4)
|           #error "failed to find bdb 4.8+"
|         #endif
| 
|   ;
|   return 0;
| }
configure:22833: /home/travis/build/KevinCollmer/ALQO/depends/x86_64-apple-darwin11/native/bin/clang++ -target x86_64-apple-darwin11 -mmacosx-version-min=10.8 --sysroot /home/travis/build/KevinCollmer/ALQO/depends/SDKs/MacOSX10.11.sdk -mlinker-version=253.9 -stdlib=libc++ -std=c++11 -c -pipe -O2  -I/home/travis/build/KevinCollmer/ALQO/depends/x86_64-apple-darwin11/share/../include/  -DHAVE_BUILD_INFO -D__STDC_FORMAT_MACROS -DMAC_OSX conftest.cpp >&5
conftest.cpp:48:18: fatal error: 'libdb4/db_cxx.h' file not found
        #include <libdb4/db_cxx.h>
                 ^
1 error generated.
configure:22833: $? = 1
configure: failed program was:
| /* confdefs.h */
| #define PACKAGE_NAME "ALQO Core"
| #define PACKAGE_TARNAME "alqo"
| #define PACKAGE_VERSION "4.2.0"
| #define PACKAGE_STRING "ALQO Core 4.2.0"
| #define PACKAGE_BUGREPORT "www.alqo.org"
| #define PACKAGE_URL ""
| #define HAVE_CXX11 1
| #define STDC_HEADERS 1
| #define HAVE_SYS_TYPES_H 1
| #define HAVE_SYS_STAT_H 1
| #define HAVE_STDLIB_H 1
| #define HAVE_STRING_H 1
| #define HAVE_MEMORY_H 1
| #define HAVE_STRINGS_H 1
| #define HAVE_INTTYPES_H 1
| #define HAVE_STDINT_H 1
| #define HAVE_UNISTD_H 1
| #define HAVE_DLFCN_H 1
| #define LT_OBJDIR ".libs/"
| #define HAVE_PTHREAD_PRIO_INHERIT 1
| #define HAVE_PTHREAD 1
| #define HAVE_DECL_STRERROR_R 1
| #define HAVE_STRERROR_R 1
| #define HAVE_STDIO_H 1
| #define HAVE_STDLIB_H 1
| #define HAVE_UNISTD_H 1
| #define HAVE_STRINGS_H 1
| #define HAVE_SYS_TYPES_H 1
| #define HAVE_SYS_STAT_H 1
| #define HAVE_SYS_SELECT_H 1
| #define HAVE_INET_PTON 1
| #define HAVE_DECL_STRNLEN 1
| #define HAVE_DECL_DAEMON 1
| #define HAVE_DECL_LE32TOH 0
| #define HAVE_DECL_LE64TOH 0
| #define HAVE_DECL_HTOLE32 0
| #define HAVE_DECL_HTOLE64 0
| #define HAVE_DECL_BE32TOH 0
| #define HAVE_DECL_BE64TOH 0
| #define HAVE_DECL_HTOBE32 0
| #define HAVE_DECL_HTOBE64 0
| #define HAVE_MSG_DONTWAIT 1
| #define HAVE_VISIBILITY_ATTRIBUTE 1
| #define HAVE_THREAD_LOCAL 1
| /* end confdefs.h.  */
| 
|         #include <libdb4/db_cxx.h>
| 
| int
| main ()
| {
| 
|         #if !((DB_VERSION_MAJOR == 4 && DB_VERSION_MINOR >= 8) || DB_VERSION_MAJOR > 4)
|           #error "failed to find bdb 4.8+"
|         #endif
| 
|   ;
|   return 0;
| }
configure:22833: /home/travis/build/KevinCollmer/ALQO/depends/x86_64-apple-darwin11/native/bin/clang++ -target x86_64-apple-darwin11 -mmacosx-version-min=10.8 --sysroot /home/travis/build/KevinCollmer/ALQO/depends/SDKs/MacOSX10.11.sdk -mlinker-version=253.9 -stdlib=libc++ -std=c++11 -c -pipe -O2  -I/home/travis/build/KevinCollmer/ALQO/depends/x86_64-apple-darwin11/share/../include/  -DHAVE_BUILD_INFO -D__STDC_FORMAT_MACROS -DMAC_OSX conftest.cpp >&5
conftest.cpp:48:18: fatal error: 'db4/db_cxx.h' file not found
        #include <db4/db_cxx.h>
                 ^
1 error generated.
configure:22833: $? = 1
configure: failed program was:
| /* confdefs.h */
| #define PACKAGE_NAME "ALQO Core"
| #define PACKAGE_TARNAME "alqo"
| #define PACKAGE_VERSION "4.2.0"
| #define PACKAGE_STRING "ALQO Core 4.2.0"
| #define PACKAGE_BUGREPORT "www.alqo.org"
| #define PACKAGE_URL ""
| #define HAVE_CXX11 1
| #define STDC_HEADERS 1
| #define HAVE_SYS_TYPES_H 1
| #define HAVE_SYS_STAT_H 1
| #define HAVE_STDLIB_H 1
| #define HAVE_STRING_H 1
| #define HAVE_MEMORY_H 1
| #define HAVE_STRINGS_H 1
| #define HAVE_INTTYPES_H 1
| #define HAVE_STDINT_H 1
| #define HAVE_UNISTD_H 1
| #define HAVE_DLFCN_H 1
| #define LT_OBJDIR ".libs/"
| #define HAVE_PTHREAD_PRIO_INHERIT 1
| #define HAVE_PTHREAD 1
| #define HAVE_DECL_STRERROR_R 1
| #define HAVE_STRERROR_R 1
| #define HAVE_STDIO_H 1
| #define HAVE_STDLIB_H 1
| #define HAVE_UNISTD_H 1
| #define HAVE_STRINGS_H 1
| #define HAVE_SYS_TYPES_H 1
| #define HAVE_SYS_STAT_H 1
| #define HAVE_SYS_SELECT_H 1
| #define HAVE_INET_PTON 1
| #define HAVE_DECL_STRNLEN 1
| #define HAVE_DECL_DAEMON 1
| #define HAVE_DECL_LE32TOH 0
| #define HAVE_DECL_LE64TOH 0
| #define HAVE_DECL_HTOLE32 0
| #define HAVE_DECL_HTOLE64 0
| #define HAVE_DECL_BE32TOH 0
| #define HAVE_DECL_BE64TOH 0
| #define HAVE_DECL_HTOBE32 0
| #define HAVE_DECL_HTOBE64 0
| #define HAVE_MSG_DONTWAIT 1
| #define HAVE_VISIBILITY_ATTRIBUTE 1
| #define HAVE_THREAD_LOCAL 1
| /* end confdefs.h.  */
| 
|         #include <db4/db_cxx.h>
| 
| int
| main ()
| {
| 
|         #if !((DB_VERSION_MAJOR == 4 && DB_VERSION_MINOR >= 8) || DB_VERSION_MAJOR > 4)
|           #error "failed to find bdb 4.8+"
|         #endif
| 
|   ;
|   return 0;
| }
configure:22833: /home/travis/build/KevinCollmer/ALQO/depends/x86_64-apple-darwin11/native/bin/clang++ -target x86_64-apple-darwin11 -mmacosx-version-min=10.8 --sysroot /home/travis/build/KevinCollmer/ALQO/depends/SDKs/MacOSX10.11.sdk -mlinker-version=253.9 -stdlib=libc++ -std=c++11 -c -pipe -O2  -I/home/travis/build/KevinCollmer/ALQO/depends/x86_64-apple-darwin11/share/../include/  -DHAVE_BUILD_INFO -D__STDC_FORMAT_MACROS -DMAC_OSX conftest.cpp >&5
conftest.cpp:48:18: fatal error: 'bdb5/db_cxx.h' file not found
        #include <bdb5/db_cxx.h>
                 ^
1 error generated.
configure:22833: $? = 1
configure: failed program was:
| /* confdefs.h */
| #define PACKAGE_NAME "ALQO Core"
| #define PACKAGE_TARNAME "alqo"
| #define PACKAGE_VERSION "4.2.0"
| #define PACKAGE_STRING "ALQO Core 4.2.0"
| #define PACKAGE_BUGREPORT "www.alqo.org"
| #define PACKAGE_URL ""
| #define HAVE_CXX11 1
| #define STDC_HEADERS 1
| #define HAVE_SYS_TYPES_H 1
| #define HAVE_SYS_STAT_H 1
| #define HAVE_STDLIB_H 1
| #define HAVE_STRING_H 1
| #define HAVE_MEMORY_H 1
| #define HAVE_STRINGS_H 1
| #define HAVE_INTTYPES_H 1
| #define HAVE_STDINT_H 1
| #define HAVE_UNISTD_H 1
| #define HAVE_DLFCN_H 1
| #define LT_OBJDIR ".libs/"
| #define HAVE_PTHREAD_PRIO_INHERIT 1
| #define HAVE_PTHREAD 1
| #define HAVE_DECL_STRERROR_R 1
| #define HAVE_STRERROR_R 1
| #define HAVE_STDIO_H 1
| #define HAVE_STDLIB_H 1
| #define HAVE_UNISTD_H 1
| #define HAVE_STRINGS_H 1
| #define HAVE_SYS_TYPES_H 1
| #define HAVE_SYS_STAT_H 1
| #define HAVE_SYS_SELECT_H 1
| #define HAVE_INET_PTON 1
| #define HAVE_DECL_STRNLEN 1
| #define HAVE_DECL_DAEMON 1
| #define HAVE_DECL_LE32TOH 0
| #define HAVE_DECL_LE64TOH 0
| #define HAVE_DECL_HTOLE32 0
| #define HAVE_DECL_HTOLE64 0
| #define HAVE_DECL_BE32TOH 0
| #define HAVE_DECL_BE64TOH 0
| #define HAVE_DECL_HTOBE32 0
| #define HAVE_DECL_HTOBE64 0
| #define HAVE_MSG_DONTWAIT 1
| #define HAVE_VISIBILITY_ATTRIBUTE 1
| #define HAVE_THREAD_LOCAL 1
| /* end confdefs.h.  */
| 
|         #include <bdb5/db_cxx.h>
| 
| int
| main ()
| {
| 
|         #if !((DB_VERSION_MAJOR == 4 && DB_VERSION_MINOR >= 8) || DB_VERSION_MAJOR > 4)
|           #error "failed to find bdb 4.8+"
|         #endif
| 
|   ;
|   return 0;
| }
configure:22833: /home/travis/build/KevinCollmer/ALQO/depends/x86_64-apple-darwin11/native/bin/clang++ -target x86_64-apple-darwin11 -mmacosx-version-min=10.8 --sysroot /home/travis/build/KevinCollmer/ALQO/depends/SDKs/MacOSX10.11.sdk -mlinker-version=253.9 -stdlib=libc++ -std=c++11 -c -pipe -O2  -I/home/travis/build/KevinCollmer/ALQO/depends/x86_64-apple-darwin11/share/../include/  -DHAVE_BUILD_INFO -D__STDC_FORMAT_MACROS -DMAC_OSX conftest.cpp >&5
conftest.cpp:48:18: fatal error: 'libdb5/db_cxx.h' file not found
        #include <libdb5/db_cxx.h>
                 ^
1 error generated.
configure:22833: $? = 1
configure: failed program was:
| /* confdefs.h */
| #define PACKAGE_NAME "ALQO Core"
| #define PACKAGE_TARNAME "alqo"
| #define PACKAGE_VERSION "4.2.0"
| #define PACKAGE_STRING "ALQO Core 4.2.0"
| #define PACKAGE_BUGREPORT "www.alqo.org"
| #define PACKAGE_URL ""
| #define HAVE_CXX11 1
| #define STDC_HEADERS 1
| #define HAVE_SYS_TYPES_H 1
| #define HAVE_SYS_STAT_H 1
| #define HAVE_STDLIB_H 1
| #define HAVE_STRING_H 1
| #define HAVE_MEMORY_H 1
| #define HAVE_STRINGS_H 1
| #define HAVE_INTTYPES_H 1
| #define HAVE_STDINT_H 1
| #define HAVE_UNISTD_H 1
| #define HAVE_DLFCN_H 1
| #define LT_OBJDIR ".libs/"
| #define HAVE_PTHREAD_PRIO_INHERIT 1
| #define HAVE_PTHREAD 1
| #define HAVE_DECL_STRERROR_R 1
| #define HAVE_STRERROR_R 1
| #define HAVE_STDIO_H 1
| #define HAVE_STDLIB_H 1
| #define HAVE_UNISTD_H 1
| #define HAVE_STRINGS_H 1
| #define HAVE_SYS_TYPES_H 1
| #define HAVE_SYS_STAT_H 1
| #define HAVE_SYS_SELECT_H 1
| #define HAVE_INET_PTON 1
| #define HAVE_DECL_STRNLEN 1
| #define HAVE_DECL_DAEMON 1
| #define HAVE_DECL_LE32TOH 0
| #define HAVE_DECL_LE64TOH 0
| #define HAVE_DECL_HTOLE32 0
| #define HAVE_DECL_HTOLE64 0
| #define HAVE_DECL_BE32TOH 0
| #define HAVE_DECL_BE64TOH 0
| #define HAVE_DECL_HTOBE32 0
| #define HAVE_DECL_HTOBE64 0
| #define HAVE_MSG_DONTWAIT 1
| #define HAVE_VISIBILITY_ATTRIBUTE 1
| #define HAVE_THREAD_LOCAL 1
| /* end confdefs.h.  */
| 
|         #include <libdb5/db_cxx.h>
| 
| int
| main ()
| {
| 
|         #if !((DB_VERSION_MAJOR == 4 && DB_VERSION_MINOR >= 8) || DB_VERSION_MAJOR > 4)
|           #error "failed to find bdb 4.8+"
|         #endif
| 
|   ;
|   return 0;
| }
configure:22833: /home/travis/build/KevinCollmer/ALQO/depends/x86_64-apple-darwin11/native/bin/clang++ -target x86_64-apple-darwin11 -mmacosx-version-min=10.8 --sysroot /home/travis/build/KevinCollmer/ALQO/depends/SDKs/MacOSX10.11.sdk -mlinker-version=253.9 -stdlib=libc++ -std=c++11 -c -pipe -O2  -I/home/travis/build/KevinCollmer/ALQO/depends/x86_64-apple-darwin11/share/../include/  -DHAVE_BUILD_INFO -D__STDC_FORMAT_MACROS -DMAC_OSX conftest.cpp >&5
conftest.cpp:48:18: fatal error: 'db5/db_cxx.h' file not found
        #include <db5/db_cxx.h>
                 ^
1 error generated.
configure:22833: $? = 1
configure: failed program was:
| /* confdefs.h */
| #define PACKAGE_NAME "ALQO Core"
| #define PACKAGE_TARNAME "alqo"
| #define PACKAGE_VERSION "4.2.0"
| #define PACKAGE_STRING "ALQO Core 4.2.0"
| #define PACKAGE_BUGREPORT "www.alqo.org"
| #define PACKAGE_URL ""
| #define HAVE_CXX11 1
| #define STDC_HEADERS 1
| #define HAVE_SYS_TYPES_H 1
| #define HAVE_SYS_STAT_H 1
| #define HAVE_STDLIB_H 1
| #define HAVE_STRING_H 1
| #define HAVE_MEMORY_H 1
| #define HAVE_STRINGS_H 1
| #define HAVE_INTTYPES_H 1
| #define HAVE_STDINT_H 1
| #define HAVE_UNISTD_H 1
| #define HAVE_DLFCN_H 1
| #define LT_OBJDIR ".libs/"
| #define HAVE_PTHREAD_PRIO_INHERIT 1
| #define HAVE_PTHREAD 1
| #define HAVE_DECL_STRERROR_R 1
| #define HAVE_STRERROR_R 1
| #define HAVE_STDIO_H 1
| #define HAVE_STDLIB_H 1
| #define HAVE_UNISTD_H 1
| #define HAVE_STRINGS_H 1
| #define HAVE_SYS_TYPES_H 1
| #define HAVE_SYS_STAT_H 1
| #define HAVE_SYS_SELECT_H 1
| #define HAVE_INET_PTON 1
| #define HAVE_DECL_STRNLEN 1
| #define HAVE_DECL_DAEMON 1
| #define HAVE_DECL_LE32TOH 0
| #define HAVE_DECL_LE64TOH 0
| #define HAVE_DECL_HTOLE32 0
| #define HAVE_DECL_HTOLE64 0
| #define HAVE_DECL_BE32TOH 0
| #define HAVE_DECL_BE64TOH 0
| #define HAVE_DECL_HTOBE32 0
| #define HAVE_DECL_HTOBE64 0
| #define HAVE_MSG_DONTWAIT 1
| #define HAVE_VISIBILITY_ATTRIBUTE 1
| #define HAVE_THREAD_LOCAL 1
| /* end confdefs.h.  */
| 
|         #include <db5/db_cxx.h>
| 
| int
| main ()
| {
| 
|         #if !((DB_VERSION_MAJOR == 4 && DB_VERSION_MINOR >= 8) || DB_VERSION_MAJOR > 4)
|           #error "failed to find bdb 4.8+"
|         #endif
| 
|   ;
|   return 0;
| }
configure:22833: /home/travis/build/KevinCollmer/ALQO/depends/x86_64-apple-darwin11/native/bin/clang++ -target x86_64-apple-darwin11 -mmacosx-version-min=10.8 --sysroot /home/travis/build/KevinCollmer/ALQO/depends/SDKs/MacOSX10.11.sdk -mlinker-version=253.9 -stdlib=libc++ -std=c++11 -c -pipe -O2  -I/home/travis/build/KevinCollmer/ALQO/depends/x86_64-apple-darwin11/share/../include/  -DHAVE_BUILD_INFO -D__STDC_FORMAT_MACROS -DMAC_OSX conftest.cpp >&5
conftest.cpp:48:18: fatal error: 'bdb5.3/db_cxx.h' file not found
        #include <bdb5.3/db_cxx.h>
                 ^
1 error generated.
configure:22833: $? = 1
configure: failed program was:
| /* confdefs.h */
| #define PACKAGE_NAME "ALQO Core"
| #define PACKAGE_TARNAME "alqo"
| #define PACKAGE_VERSION "4.2.0"
| #define PACKAGE_STRING "ALQO Core 4.2.0"
| #define PACKAGE_BUGREPORT "www.alqo.org"
| #define PACKAGE_URL ""
| #define HAVE_CXX11 1
| #define STDC_HEADERS 1
| #define HAVE_SYS_TYPES_H 1
| #define HAVE_SYS_STAT_H 1
| #define HAVE_STDLIB_H 1
| #define HAVE_STRING_H 1
| #define HAVE_MEMORY_H 1
| #define HAVE_STRINGS_H 1
| #define HAVE_INTTYPES_H 1
| #define HAVE_STDINT_H 1
| #define HAVE_UNISTD_H 1
| #define HAVE_DLFCN_H 1
| #define LT_OBJDIR ".libs/"
| #define HAVE_PTHREAD_PRIO_INHERIT 1
| #define HAVE_PTHREAD 1
| #define HAVE_DECL_STRERROR_R 1
| #define HAVE_STRERROR_R 1
| #define HAVE_STDIO_H 1
| #define HAVE_STDLIB_H 1
| #define HAVE_UNISTD_H 1
| #define HAVE_STRINGS_H 1
| #define HAVE_SYS_TYPES_H 1
| #define HAVE_SYS_STAT_H 1
| #define HAVE_SYS_SELECT_H 1
| #define HAVE_INET_PTON 1
| #define HAVE_DECL_STRNLEN 1
| #define HAVE_DECL_DAEMON 1
| #define HAVE_DECL_LE32TOH 0
| #define HAVE_DECL_LE64TOH 0
| #define HAVE_DECL_HTOLE32 0
| #define HAVE_DECL_HTOLE64 0
| #define HAVE_DECL_BE32TOH 0
| #define HAVE_DECL_BE64TOH 0
| #define HAVE_DECL_HTOBE32 0
| #define HAVE_DECL_HTOBE64 0
| #define HAVE_MSG_DONTWAIT 1
| #define HAVE_VISIBILITY_ATTRIBUTE 1
| #define HAVE_THREAD_LOCAL 1
| /* end confdefs.h.  */
| 
|         #include <bdb5.3/db_cxx.h>
| 
| int
| main ()
| {
| 
|         #if !((DB_VERSION_MAJOR == 4 && DB_VERSION_MINOR >= 8) || DB_VERSION_MAJOR > 4)
|           #error "failed to find bdb 4.8+"
|         #endif
| 
|   ;
|   return 0;
| }
configure:22833: /home/travis/build/KevinCollmer/ALQO/depends/x86_64-apple-darwin11/native/bin/clang++ -target x86_64-apple-darwin11 -mmacosx-version-min=10.8 --sysroot /home/travis/build/KevinCollmer/ALQO/depends/SDKs/MacOSX10.11.sdk -mlinker-version=253.9 -stdlib=libc++ -std=c++11 -c -pipe -O2  -I/home/travis/build/KevinCollmer/ALQO/depends/x86_64-apple-darwin11/share/../include/  -DHAVE_BUILD_INFO -D__STDC_FORMAT_MACROS -DMAC_OSX conftest.cpp >&5
conftest.cpp:48:18: fatal error: 'libdb5.3/db_cxx.h' file not found
        #include <libdb5.3/db_cxx.h>
                 ^
1 error generated.
configure:22833: $? = 1
configure: failed program was:
| /* confdefs.h */
| #define PACKAGE_NAME "ALQO Core"
| #define PACKAGE_TARNAME "alqo"
| #define PACKAGE_VERSION "4.2.0"
| #define PACKAGE_STRING "ALQO Core 4.2.0"
| #define PACKAGE_BUGREPORT "www.alqo.org"
| #define PACKAGE_URL ""
| #define HAVE_CXX11 1
| #define STDC_HEADERS 1
| #define HAVE_SYS_TYPES_H 1
| #define HAVE_SYS_STAT_H 1
| #define HAVE_STDLIB_H 1
| #define HAVE_STRING_H 1
| #define HAVE_MEMORY_H 1
| #define HAVE_STRINGS_H 1
| #define HAVE_INTTYPES_H 1
| #define HAVE_STDINT_H 1
| #define HAVE_UNISTD_H 1
| #define HAVE_DLFCN_H 1
| #define LT_OBJDIR ".libs/"
| #define HAVE_PTHREAD_PRIO_INHERIT 1
| #define HAVE_PTHREAD 1
| #define HAVE_DECL_STRERROR_R 1
| #define HAVE_STRERROR_R 1
| #define HAVE_STDIO_H 1
| #define HAVE_STDLIB_H 1
| #define HAVE_UNISTD_H 1
| #define HAVE_STRINGS_H 1
| #define HAVE_SYS_TYPES_H 1
| #define HAVE_SYS_STAT_H 1
| #define HAVE_SYS_SELECT_H 1
| #define HAVE_INET_PTON 1
| #define HAVE_DECL_STRNLEN 1
| #define HAVE_DECL_DAEMON 1
| #define HAVE_DECL_LE32TOH 0
| #define HAVE_DECL_LE64TOH 0
| #define HAVE_DECL_HTOLE32 0
| #define HAVE_DECL_HTOLE64 0
| #define HAVE_DECL_BE32TOH 0
| #define HAVE_DECL_BE64TOH 0
| #define HAVE_DECL_HTOBE32 0
| #define HAVE_DECL_HTOBE64 0
| #define HAVE_MSG_DONTWAIT 1
| #define HAVE_VISIBILITY_ATTRIBUTE 1
| #define HAVE_THREAD_LOCAL 1
| /* end confdefs.h.  */
| 
|         #include <libdb5.3/db_cxx.h>
| 
| int
| main ()
| {
| 
|         #if !((DB_VERSION_MAJOR == 4 && DB_VERSION_MINOR >= 8) || DB_VERSION_MAJOR > 4)
|           #error "failed to find bdb 4.8+"
|         #endif
| 
|   ;
|   return 0;
| }
configure:22833: /home/travis/build/KevinCollmer/ALQO/depends/x86_64-apple-darwin11/native/bin/clang++ -target x86_64-apple-darwin11 -mmacosx-version-min=10.8 --sysroot /home/travis/build/KevinCollmer/ALQO/depends/SDKs/MacOSX10.11.sdk -mlinker-version=253.9 -stdlib=libc++ -std=c++11 -c -pipe -O2  -I/home/travis/build/KevinCollmer/ALQO/depends/x86_64-apple-darwin11/share/../include/  -DHAVE_BUILD_INFO -D__STDC_FORMAT_MACROS -DMAC_OSX conftest.cpp >&5
conftest.cpp:48:18: fatal error: 'db5.3/db_cxx.h' file not found
        #include <db5.3/db_cxx.h>
                 ^
1 error generated.
configure:22833: $? = 1
configure: failed program was:
| /* confdefs.h */
| #define PACKAGE_NAME "ALQO Core"
| #define PACKAGE_TARNAME "alqo"
| #define PACKAGE_VERSION "4.2.0"
| #define PACKAGE_STRING "ALQO Core 4.2.0"
| #define PACKAGE_BUGREPORT "www.alqo.org"
| #define PACKAGE_URL ""
| #define HAVE_CXX11 1
| #define STDC_HEADERS 1
| #define HAVE_SYS_TYPES_H 1
| #define HAVE_SYS_STAT_H 1
| #define HAVE_STDLIB_H 1
| #define HAVE_STRING_H 1
| #define HAVE_MEMORY_H 1
| #define HAVE_STRINGS_H 1
| #define HAVE_INTTYPES_H 1
| #define HAVE_STDINT_H 1
| #define HAVE_UNISTD_H 1
| #define HAVE_DLFCN_H 1
| #define LT_OBJDIR ".libs/"
| #define HAVE_PTHREAD_PRIO_INHERIT 1
| #define HAVE_PTHREAD 1
| #define HAVE_DECL_STRERROR_R 1
| #define HAVE_STRERROR_R 1
| #define HAVE_STDIO_H 1
| #define HAVE_STDLIB_H 1
| #define HAVE_UNISTD_H 1
| #define HAVE_STRINGS_H 1
| #define HAVE_SYS_TYPES_H 1
| #define HAVE_SYS_STAT_H 1
| #define HAVE_SYS_SELECT_H 1
| #define HAVE_INET_PTON 1
| #define HAVE_DECL_STRNLEN 1
| #define HAVE_DECL_DAEMON 1
| #define HAVE_DECL_LE32TOH 0
| #define HAVE_DECL_LE64TOH 0
| #define HAVE_DECL_HTOLE32 0
| #define HAVE_DECL_HTOLE64 0
| #define HAVE_DECL_BE32TOH 0
| #define HAVE_DECL_BE64TOH 0
| #define HAVE_DECL_HTOBE32 0
| #define HAVE_DECL_HTOBE64 0
| #define HAVE_MSG_DONTWAIT 1
| #define HAVE_VISIBILITY_ATTRIBUTE 1
| #define HAVE_THREAD_LOCAL 1
| /* end confdefs.h.  */
| 
|         #include <db5.3/db_cxx.h>
| 
| int
| main ()
| {
| 
|         #if !((DB_VERSION_MAJOR == 4 && DB_VERSION_MINOR >= 8) || DB_VERSION_MAJOR > 4)
|           #error "failed to find bdb 4.8+"
|         #endif
| 
|   ;
|   return 0;
| }
configure:22833: /home/travis/build/KevinCollmer/ALQO/depends/x86_64-apple-darwin11/native/bin/clang++ -target x86_64-apple-darwin11 -mmacosx-version-min=10.8 --sysroot /home/travis/build/KevinCollmer/ALQO/depends/SDKs/MacOSX10.11.sdk -mlinker-version=253.9 -stdlib=libc++ -std=c++11 -c -pipe -O2  -I/home/travis/build/KevinCollmer/ALQO/depends/x86_64-apple-darwin11/share/../include/  -DHAVE_BUILD_INFO -D__STDC_FORMAT_MACROS -DMAC_OSX conftest.cpp >&5
conftest.cpp:48:18: fatal error: 'bdb/db_cxx.h' file not found
        #include <bdb/db_cxx.h>
                 ^
1 error generated.
configure:22833: $? = 1
configure: failed program was:
| /* confdefs.h */
| #define PACKAGE_NAME "ALQO Core"
| #define PACKAGE_TARNAME "alqo"
| #define PACKAGE_VERSION "4.2.0"
| #define PACKAGE_STRING "ALQO Core 4.2.0"
| #define PACKAGE_BUGREPORT "www.alqo.org"
| #define PACKAGE_URL ""
| #define HAVE_CXX11 1
| #define STDC_HEADERS 1
| #define HAVE_SYS_TYPES_H 1
| #define HAVE_SYS_STAT_H 1
| #define HAVE_STDLIB_H 1
| #define HAVE_STRING_H 1
| #define HAVE_MEMORY_H 1
| #define HAVE_STRINGS_H 1
| #define HAVE_INTTYPES_H 1
| #define HAVE_STDINT_H 1
| #define HAVE_UNISTD_H 1
| #define HAVE_DLFCN_H 1
| #define LT_OBJDIR ".libs/"
| #define HAVE_PTHREAD_PRIO_INHERIT 1
| #define HAVE_PTHREAD 1
| #define HAVE_DECL_STRERROR_R 1
| #define HAVE_STRERROR_R 1
| #define HAVE_STDIO_H 1
| #define HAVE_STDLIB_H 1
| #define HAVE_UNISTD_H 1
| #define HAVE_STRINGS_H 1
| #define HAVE_SYS_TYPES_H 1
| #define HAVE_SYS_STAT_H 1
| #define HAVE_SYS_SELECT_H 1
| #define HAVE_INET_PTON 1
| #define HAVE_DECL_STRNLEN 1
| #define HAVE_DECL_DAEMON 1
| #define HAVE_DECL_LE32TOH 0
| #define HAVE_DECL_LE64TOH 0
| #define HAVE_DECL_HTOLE32 0
| #define HAVE_DECL_HTOLE64 0
| #define HAVE_DECL_BE32TOH 0
| #define HAVE_DECL_BE64TOH 0
| #define HAVE_DECL_HTOBE32 0
| #define HAVE_DECL_HTOBE64 0
| #define HAVE_MSG_DONTWAIT 1
| #define HAVE_VISIBILITY_ATTRIBUTE 1
| #define HAVE_THREAD_LOCAL 1
| /* end confdefs.h.  */
| 
|         #include <bdb/db_cxx.h>
| 
| int
| main ()
| {
| 
|         #if !((DB_VERSION_MAJOR == 4 && DB_VERSION_MINOR >= 8) || DB_VERSION_MAJOR > 4)
|           #error "failed to find bdb 4.8+"
|         #endif
| 
|   ;
|   return 0;
| }
configure:22833: /home/travis/build/KevinCollmer/ALQO/depends/x86_64-apple-darwin11/native/bin/clang++ -target x86_64-apple-darwin11 -mmacosx-version-min=10.8 --sysroot /home/travis/build/KevinCollmer/ALQO/depends/SDKs/MacOSX10.11.sdk -mlinker-version=253.9 -stdlib=libc++ -std=c++11 -c -pipe -O2  -I/home/travis/build/KevinCollmer/ALQO/depends/x86_64-apple-darwin11/share/../include/  -DHAVE_BUILD_INFO -D__STDC_FORMAT_MACROS -DMAC_OSX conftest.cpp >&5
conftest.cpp:48:18: fatal error: 'libdb/db_cxx.h' file not found
        #include <libdb/db_cxx.h>
                 ^
1 error generated.
configure:22833: $? = 1
configure: failed program was:
| /* confdefs.h */
| #define PACKAGE_NAME "ALQO Core"
| #define PACKAGE_TARNAME "alqo"
| #define PACKAGE_VERSION "4.2.0"
| #define PACKAGE_STRING "ALQO Core 4.2.0"
| #define PACKAGE_BUGREPORT "www.alqo.org"
| #define PACKAGE_URL ""
| #define HAVE_CXX11 1
| #define STDC_HEADERS 1
| #define HAVE_SYS_TYPES_H 1
| #define HAVE_SYS_STAT_H 1
| #define HAVE_STDLIB_H 1
| #define HAVE_STRING_H 1
| #define HAVE_MEMORY_H 1
| #define HAVE_STRINGS_H 1
| #define HAVE_INTTYPES_H 1
| #define HAVE_STDINT_H 1
| #define HAVE_UNISTD_H 1
| #define HAVE_DLFCN_H 1
| #define LT_OBJDIR ".libs/"
| #define HAVE_PTHREAD_PRIO_INHERIT 1
| #define HAVE_PTHREAD 1
| #define HAVE_DECL_STRERROR_R 1
| #define HAVE_STRERROR_R 1
| #define HAVE_STDIO_H 1
| #define HAVE_STDLIB_H 1
| #define HAVE_UNISTD_H 1
| #define HAVE_STRINGS_H 1
| #define HAVE_SYS_TYPES_H 1
| #define HAVE_SYS_STAT_H 1
| #define HAVE_SYS_SELECT_H 1
| #define HAVE_INET_PTON 1
| #define HAVE_DECL_STRNLEN 1
| #define HAVE_DECL_DAEMON 1
| #define HAVE_DECL_LE32TOH 0
| #define HAVE_DECL_LE64TOH 0
| #define HAVE_DECL_HTOLE32 0
| #define HAVE_DECL_HTOLE64 0
| #define HAVE_DECL_BE32TOH 0
| #define HAVE_DECL_BE64TOH 0
| #define HAVE_DECL_HTOBE32 0
| #define HAVE_DECL_HTOBE64 0
| #define HAVE_MSG_DONTWAIT 1
| #define HAVE_VISIBILITY_ATTRIBUTE 1
| #define HAVE_THREAD_LOCAL 1
| /* end confdefs.h.  */
| 
|         #include <libdb/db_cxx.h>
| 
| int
| main ()
| {
| 
|         #if !((DB_VERSION_MAJOR == 4 && DB_VERSION_MINOR >= 8) || DB_VERSION_MAJOR > 4)
|           #error "failed to find bdb 4.8+"
|         #endif
| 
|   ;
|   return 0;
| }
configure:22833: /home/travis/build/KevinCollmer/ALQO/depends/x86_64-apple-darwin11/native/bin/clang++ -target x86_64-apple-darwin11 -mmacosx-version-min=10.8 --sysroot /home/travis/build/KevinCollmer/ALQO/depends/SDKs/MacOSX10.11.sdk -mlinker-version=253.9 -stdlib=libc++ -std=c++11 -c -pipe -O2  -I/home/travis/build/KevinCollmer/ALQO/depends/x86_64-apple-darwin11/share/../include/  -DHAVE_BUILD_INFO -D__STDC_FORMAT_MACROS -DMAC_OSX conftest.cpp >&5
conftest.cpp:48:18: fatal error: 'db/db_cxx.h' file not found
        #include <db/db_cxx.h>
                 ^
1 error generated.
configure:22833: $? = 1
configure: failed program was:
| /* confdefs.h */
| #define PACKAGE_NAME "ALQO Core"
| #define PACKAGE_TARNAME "alqo"
| #define PACKAGE_VERSION "4.2.0"
| #define PACKAGE_STRING "ALQO Core 4.2.0"
| #define PACKAGE_BUGREPORT "www.alqo.org"
| #define PACKAGE_URL ""
| #define HAVE_CXX11 1
| #define STDC_HEADERS 1
| #define HAVE_SYS_TYPES_H 1
| #define HAVE_SYS_STAT_H 1
| #define HAVE_STDLIB_H 1
| #define HAVE_STRING_H 1
| #define HAVE_MEMORY_H 1
| #define HAVE_STRINGS_H 1
| #define HAVE_INTTYPES_H 1
| #define HAVE_STDINT_H 1
| #define HAVE_UNISTD_H 1
| #define HAVE_DLFCN_H 1
| #define LT_OBJDIR ".libs/"
| #define HAVE_PTHREAD_PRIO_INHERIT 1
| #define HAVE_PTHREAD 1
| #define HAVE_DECL_STRERROR_R 1
| #define HAVE_STRERROR_R 1
| #define HAVE_STDIO_H 1
| #define HAVE_STDLIB_H 1
| #define HAVE_UNISTD_H 1
| #define HAVE_STRINGS_H 1
| #define HAVE_SYS_TYPES_H 1
| #define HAVE_SYS_STAT_H 1
| #define HAVE_SYS_SELECT_H 1
| #define HAVE_INET_PTON 1
| #define HAVE_DECL_STRNLEN 1
| #define HAVE_DECL_DAEMON 1
| #define HAVE_DECL_LE32TOH 0
| #define HAVE_DECL_LE64TOH 0
| #define HAVE_DECL_HTOLE32 0
| #define HAVE_DECL_HTOLE64 0
| #define HAVE_DECL_BE32TOH 0
| #define HAVE_DECL_BE64TOH 0
| #define HAVE_DECL_HTOBE32 0
| #define HAVE_DECL_HTOBE64 0
| #define HAVE_MSG_DONTWAIT 1
| #define HAVE_VISIBILITY_ATTRIBUTE 1
| #define HAVE_THREAD_LOCAL 1
| /* end confdefs.h.  */
| 
|         #include <db/db_cxx.h>
| 
| int
| main ()
| {
| 
|         #if !((DB_VERSION_MAJOR == 4 && DB_VERSION_MINOR >= 8) || DB_VERSION_MAJOR > 4)
|           #error "failed to find bdb 4.8+"
|         #endif
| 
|   ;
|   return 0;
| }
configure:22833: /home/travis/build/KevinCollmer/ALQO/depends/x86_64-apple-darwin11/native/bin/clang++ -target x86_64-apple-darwin11 -mmacosx-version-min=10.8 --sysroot /home/travis/build/KevinCollmer/ALQO/depends/SDKs/MacOSX10.11.sdk -mlinker-version=253.9 -stdlib=libc++ -std=c++11 -c -pipe -O2  -I/home/travis/build/KevinCollmer/ALQO/depends/x86_64-apple-darwin11/share/../include/  -DHAVE_BUILD_INFO -D__STDC_FORMAT_MACROS -DMAC_OSX conftest.cpp >&5
configure:22833: $? = 0
configure:22862: /home/travis/build/KevinCollmer/ALQO/depends/x86_64-apple-darwin11/native/bin/clang++ -target x86_64-apple-darwin11 -mmacosx-version-min=10.8 --sysroot /home/travis/build/KevinCollmer/ALQO/depends/SDKs/MacOSX10.11.sdk -mlinker-version=253.9 -stdlib=libc++ -std=c++11 -c -pipe -O2  -I/home/travis/build/KevinCollmer/ALQO/depends/x86_64-apple-darwin11/share/../include/  -DHAVE_BUILD_INFO -D__STDC_FORMAT_MACROS -DMAC_OSX conftest.cpp >&5
configure:22862: $? = 0
configure:22905: result: default
configure:22928: checking for main in -ldb_cxx-4.8
configure:22957: result: yes
configure:22979: checking for miniupnpc/miniwget.h
configure:22979: result: yes
configure:22984: checking for main in -lminiupnpc
configure:23012: result: yes
configure:22979: checking for miniupnpc/miniupnpc.h
configure:22979: result: yes
configure:22984: checking for main in -lminiupnpc
configure:23012: result: yes
configure:22979: checking for miniupnpc/upnpcommands.h
configure:22979: result: yes
configure:22984: checking for main in -lminiupnpc
configure:23012: result: yes
configure:22979: checking for miniupnpc/upnperrors.h
configure:22979: result: yes
configure:22984: checking for main in -lminiupnpc
configure:23012: result: yes
configure:23122: checking for QT5
configure:23129: $PKG_CONFIG --exists --print-errors "$qt5_modules"
configure:23132: $? = 0
configure:23146: $PKG_CONFIG --exists --print-errors "$qt5_modules"
configure:23149: $? = 0
configure:23187: result: yes
configure:23439: checking for QT_TEST
configure:23446: $PKG_CONFIG --exists --print-errors "${QT_LIB_PREFIX}Test"
configure:23449: $? = 0
configure:23463: $PKG_CONFIG --exists --print-errors "${QT_LIB_PREFIX}Test"
configure:23466: $? = 0
configure:23504: result: yes
configure:23511: checking for QT_DBUS
configure:23518: $PKG_CONFIG --exists --print-errors "${QT_LIB_PREFIX}DBus"
configure:23521: $? = 0
configure:23535: $PKG_CONFIG --exists --print-errors "${QT_LIB_PREFIX}DBus"
configure:23538: $? = 0
configure:23576: result: yes
configure:24546: checking for static Qt
configure:24580: result: yes
configure:24601: checking for QTPLATFORM
configure:24608: $PKG_CONFIG --exists --print-errors "Qt5PlatformSupport"
configure:24611: $? = 0
configure:24625: $PKG_CONFIG --exists --print-errors "Qt5PlatformSupport"
configure:24628: $? = 0
configure:24686: result: yes
configure:24878: checking for QTPRINT
configure:24885: $PKG_CONFIG --exists --print-errors "Qt5PrintSupport"
configure:24888: $? = 0
configure:24902: $PKG_CONFIG --exists --print-errors "Qt5PrintSupport"
configure:24905: $? = 0
configure:24963: result: yes
configure:25083: checking for Qt < 5.4
configure:25117: result: no
configure:25163: checking for static Qt plugins: -lqminimal
configure:25181: /home/travis/build/KevinCollmer/ALQO/depends/x86_64-apple-darwin11/native/bin/clang++ -target x86_64-apple-darwin11 -mmacosx-version-min=10.8 --sysroot /home/travis/build/KevinCollmer/ALQO/depends/SDKs/MacOSX10.11.sdk -mlinker-version=253.9 -stdlib=libc++ -std=c++11 -o conftest -fPIC -pipe -O2  -I/home/travis/build/KevinCollmer/ALQO/depends/x86_64-apple-darwin11/include/QtCore -I/home/travis/build/KevinCollmer/ALQO/depends/x86_64-apple-darwin11/include/QtGui -I/home/travis/build/KevinCollmer/ALQO/depends/x86_64-apple-darwin11/include/QtNetwork -I/home/travis/build/KevinCollmer/ALQO/depends/x86_64-apple-darwin11/include/QtWidgets   -I/home/travis/build/KevinCollmer/ALQO/depends/x86_64-apple-darwin11/share/../include/  -DHAVE_BUILD_INFO -D__STDC_FORMAT_MACROS -DMAC_OSX -L/home/travis/build/KevinCollmer/ALQO/depends/x86_64-apple-darwin11/share/../lib  -Wl,-headerpad_max_install_names -Wl,-dead_strip conftest.cpp -lqminimal -framework DiskArbitration -framework IOKit -framework Foundation -framework CoreServices -framework AppKit -framework ApplicationServices -framework CoreFoundation -framework OpenGL -framework AGL -framework Carbon -L/home/travis/build/KevinCollmer/ALQO/depends/x86_64-apple-darwin11/lib -lQt5PrintSupport -lQt5Widgets -lQt5Gui -lqtpng -lqtharfbuzzng -lQt5Core -lz -lqtpcre -lm   -framework DiskArbitration -framework IOKit -framework Foundation -framework CoreServices -framework AppKit -framework ApplicationServices -framework CoreFoundation -framework OpenGL -framework AGL -L/home/travis/build/KevinCollmer/ALQO/depends/x86_64-apple-darwin11/lib -lQt5PlatformSupport -lQt5Gui -lqtpng -lqtharfbuzzng -lQt5Core -lz -lqtpcre -lm   -framework DiskArbitration -framework IOKit -framework Foundation -framework CoreServices -framework AppKit -framework ApplicationServices -framework CoreFoundation -framework OpenGL -framework AGL -framework Security -framework SystemConfiguration -framework Carbon -L/home/travis/build/KevinCollmer/ALQO/depends/x86_64-apple-darwin11/lib -lQt5Network -lssl -lcrypto -lQt5Widgets -lQt5Gui -lqtpng -lqtharfbuzzng -lQt5Core -lz -lqtpcre -lm   -L/home/travis/build/KevinCollmer/ALQO/depends/x86_64-apple-darwin11/share/../plugins/platforms  >&5
conftest.cpp:54:13: warning: 'QT_STATICPLUGIN' macro redefined [-Wmacro-redefined]
    #define QT_STATICPLUGIN
            ^
conftest.cpp:51:9: note: previous definition is here
#define QT_STATICPLUGIN 1
        ^
1 warning generated.
configure:25181: $? = 0
configure:25182: result: yes
configure:25297: checking whether the linker accepts -framework IOKit
configure:25325: result: yes
configure:25334: checking for static Qt plugins: -lqcocoa
configure:25352: /home/travis/build/KevinCollmer/ALQO/depends/x86_64-apple-darwin11/native/bin/clang++ -target x86_64-apple-darwin11 -mmacosx-version-min=10.8 --sysroot /home/travis/build/KevinCollmer/ALQO/depends/SDKs/MacOSX10.11.sdk -mlinker-version=253.9 -stdlib=libc++ -std=c++11 -o conftest -fPIC -pipe -O2  -I/home/travis/build/KevinCollmer/ALQO/depends/x86_64-apple-darwin11/include/QtCore -I/home/travis/build/KevinCollmer/ALQO/depends/x86_64-apple-darwin11/include/QtGui -I/home/travis/build/KevinCollmer/ALQO/depends/x86_64-apple-darwin11/include/QtNetwork -I/home/travis/build/KevinCollmer/ALQO/depends/x86_64-apple-darwin11/include/QtWidgets   -I/home/travis/build/KevinCollmer/ALQO/depends/x86_64-apple-darwin11/share/../include/  -DHAVE_BUILD_INFO -D__STDC_FORMAT_MACROS -DMAC_OSX -L/home/travis/build/KevinCollmer/ALQO/depends/x86_64-apple-darwin11/share/../lib  -Wl,-headerpad_max_install_names -Wl,-dead_strip conftest.cpp -lqcocoa -lqminimal -framework DiskArbitration -framework IOKit -framework Foundation -framework CoreServices -framework AppKit -framework ApplicationServices -framework CoreFoundation -framework OpenGL -framework AGL -framework Carbon -L/home/travis/build/KevinCollmer/ALQO/depends/x86_64-apple-darwin11/lib -lQt5PrintSupport -lQt5Widgets -lQt5Gui -lqtpng -lqtharfbuzzng -lQt5Core -lz -lqtpcre -lm   -framework DiskArbitration -framework IOKit -framework Foundation -framework CoreServices -framework AppKit -framework ApplicationServices -framework CoreFoundation -framework OpenGL -framework AGL -L/home/travis/build/KevinCollmer/ALQO/depends/x86_64-apple-darwin11/lib -lQt5PlatformSupport -lQt5Gui -lqtpng -lqtharfbuzzng -lQt5Core -lz -lqtpcre -lm   -framework DiskArbitration -framework IOKit -framework Foundation -framework CoreServices -framework AppKit -framework ApplicationServices -framework CoreFoundation -framework OpenGL -framework AGL -framework Security -framework SystemConfiguration -framework Carbon -L/home/travis/build/KevinCollmer/ALQO/depends/x86_64-apple-darwin11/lib -lQt5Network -lssl -lcrypto -lQt5Widgets -lQt5Gui -lqtpng -lqtharfbuzzng -lQt5Core -lz -lqtpcre -lm   -L/home/travis/build/KevinCollmer/ALQO/depends/x86_64-apple-darwin11/share/../plugins/platforms -framework IOKit  >&5
conftest.cpp:55:13: warning: 'QT_STATICPLUGIN' macro redefined [-Wmacro-redefined]
    #define QT_STATICPLUGIN
            ^
conftest.cpp:51:9: note: previous definition is here
#define QT_STATICPLUGIN 1
        ^
1 warning generated.
configure:25352: $? = 0
configure:25353: result: yes
configure:25452: checking whether -fPIE can be used with this Qt config
configure:25478: /home/travis/build/KevinCollmer/ALQO/depends/x86_64-apple-darwin11/native/bin/clang++ -target x86_64-apple-darwin11 -mmacosx-version-min=10.8 --sysroot /home/travis/build/KevinCollmer/ALQO/depends/SDKs/MacOSX10.11.sdk -mlinker-version=253.9 -stdlib=libc++ -std=c++11 -c -fPIC -pipe -O2  -I/home/travis/build/KevinCollmer/ALQO/depends/x86_64-apple-darwin11/include/QtCore -I/home/travis/build/KevinCollmer/ALQO/depends/x86_64-apple-darwin11/include/QtGui -I/home/travis/build/KevinCollmer/ALQO/depends/x86_64-apple-darwin11/include/QtNetwork -I/home/travis/build/KevinCollmer/ALQO/depends/x86_64-apple-darwin11/include/QtWidgets   -I/home/travis/build/KevinCollmer/ALQO/depends/x86_64-apple-darwin11/share/../include/  -DHAVE_BUILD_INFO -D__STDC_FORMAT_MACROS -DMAC_OSX -DHAVE_QT5 conftest.cpp >&5
configure:25478: $? = 0
configure:25479: result: yes
configure:25552: checking for moc-qt5
configure:25582: result: /home/travis/build/KevinCollmer/ALQO/depends/x86_64-apple-darwin11/share/../native/bin/moc
configure:25671: checking for uic-qt5
configure:25701: result: /home/travis/build/KevinCollmer/ALQO/depends/x86_64-apple-darwin11/share/../native/bin/uic
configure:25790: checking for rcc-qt5
configure:25820: result: /home/travis/build/KevinCollmer/ALQO/depends/x86_64-apple-darwin11/share/../native/bin/rcc
configure:25909: checking for lrelease-qt5
configure:25939: result: /home/travis/build/KevinCollmer/ALQO/depends/x86_64-apple-darwin11/share/../native/bin/lrelease
configure:26028: checking for lupdate-qt5
configure:26061: result: no
configure:26028: checking for lupdate5
configure:26061: result: no
configure:26028: checking for lupdate
configure:26061: result: no
configure:26148: checking whether the linker accepts -framework Foundation -framework ApplicationServices -framework AppKit
configure:26177: result: yes
configure:26243: checking whether to build ALQO Core GUI
configure:26262: WARNING: lupdate is required to update qt translations
configure:26273: result: yes (Qt5)
configure:26347: checking for boostlib >= 1.47.0
configure:26432: /home/travis/build/KevinCollmer/ALQO/depends/x86_64-apple-darwin11/native/bin/clang++ -target x86_64-apple-darwin11 -mmacosx-version-min=10.8 --sysroot /home/travis/build/KevinCollmer/ALQO/depends/SDKs/MacOSX10.11.sdk -mlinker-version=253.9 -stdlib=libc++ -std=c++11 -c -pipe -O2  -I/home/travis/build/KevinCollmer/ALQO/depends/x86_64-apple-darwin11/share/../include/  -DHAVE_BUILD_INFO -D__STDC_FORMAT_MACROS -DMAC_OSX -DHAVE_QT5 -I/home/travis/build/KevinCollmer/ALQO/depends/x86_64-apple-darwin11/share/../include conftest.cpp >&5
configure:26432: $? = 0
configure:26434: result: yes
configure:26621: checking whether the Boost::System library is available
configure:26661: result: yes
configure:26677: checking for exit in -lboost_system-mt
configure:26712: result: yes
configure:26867: checking whether the Boost::Filesystem library is available
configure:26905: result: yes
configure:26917: checking for exit in -lboost_filesystem-mt
configure:26952: result: yes
configure:27102: checking whether the Boost::Program_Options library is available
configure:27140: result: yes
configure:27151: checking for exit in -lboost_program_options-mt
configure:27186: result: yes
configure:27329: checking whether the Boost::Thread library is available
configure:27376: result: yes
configure:27406: checking for exit in -lboost_thread-mt
configure:27441: result: yes
configure:27601: checking whether the Boost::Chrono library is available
configure:27640: result: yes
configure:27656: checking for exit in -lboost_chrono-mt
configure:27691: result: yes
configure:27815: checking for working boost reduced exports
configure:27838: /home/travis/build/KevinCollmer/ALQO/depends/x86_64-apple-darwin11/native/bin/clang++ -target x86_64-apple-darwin11 -mmacosx-version-min=10.8 --sysroot /home/travis/build/KevinCollmer/ALQO/depends/SDKs/MacOSX10.11.sdk -mlinker-version=253.9 -stdlib=libc++ -std=c++11 -E -DBOOST_SP_USE_STD_ATOMIC -DBOOST_AC_USE_STD_ATOMIC -pthread -I/home/travis/build/KevinCollmer/ALQO/depends/x86_64-apple-darwin11/share/../include -I/home/travis/build/KevinCollmer/ALQO/depends/x86_64-apple-darwin11/share/../include/  -DHAVE_BUILD_INFO -D__STDC_FORMAT_MACROS -DMAC_OSX -DHAVE_QT5 conftest.cpp
configure:27838: $? = 0
configure:27840: result: yes
configure:27855: checking whether the linker accepts -Wl,--exclude-libs,ALL
configure:27883: result: no
configure:27933: checking whether the Boost::Unit_Test_Framework library is available
configure:27970: result: yes
configure:28082: checking for dynamic linked boost test
configure:28097: /home/travis/build/KevinCollmer/ALQO/depends/x86_64-apple-darwin11/native/bin/clang++ -target x86_64-apple-darwin11 -mmacosx-version-min=10.8 --sysroot /home/travis/build/KevinCollmer/ALQO/depends/SDKs/MacOSX10.11.sdk -mlinker-version=253.9 -stdlib=libc++ -std=c++11 -o conftest -pipe -O2  -fvisibility=hidden -I/home/travis/build/KevinCollmer/ALQO/depends/x86_64-apple-darwin11/share/../include/  -DHAVE_BUILD_INFO -D__STDC_FORMAT_MACROS -DMAC_OSX -DHAVE_QT5 -DBOOST_SP_USE_STD_ATOMIC -DBOOST_AC_USE_STD_ATOMIC -pthread -I/home/travis/build/KevinCollmer/ALQO/depends/x86_64-apple-darwin11/share/../include -L/home/travis/build/KevinCollmer/ALQO/depends/x86_64-apple-darwin11/share/../lib  -Wl,-headerpad_max_install_names -Wl,-dead_strip conftest.cpp  -L/home/travis/build/KevinCollmer/ALQO/depends/x86_64-apple-darwin11/share/../lib -lboost_unit_test_framework-mt >&5
Undefined symbols for architecture x86_64:
  "boost::unit_test::unit_test_main(bool (*)(), int, char**)", referenced from:
      _main in conftest-122bbe.o
ld: symbol(s) not found for architecture x86_64
clang: error: linker command failed with exit code 1 (use -v to see invocation)
configure:28097: $? = 1
configure: failed program was:
| /* confdefs.h */
| #define PACKAGE_NAME "ALQO Core"
| #define PACKAGE_TARNAME "alqo"
| #define PACKAGE_VERSION "4.2.0"
| #define PACKAGE_STRING "ALQO Core 4.2.0"
| #define PACKAGE_BUGREPORT "www.alqo.org"
| #define PACKAGE_URL ""
| #define HAVE_CXX11 1
| #define STDC_HEADERS 1
| #define HAVE_SYS_TYPES_H 1
| #define HAVE_SYS_STAT_H 1
| #define HAVE_STDLIB_H 1
| #define HAVE_STRING_H 1
| #define HAVE_MEMORY_H 1
| #define HAVE_STRINGS_H 1
| #define HAVE_INTTYPES_H 1
| #define HAVE_STDINT_H 1
| #define HAVE_UNISTD_H 1
| #define HAVE_DLFCN_H 1
| #define LT_OBJDIR ".libs/"
| #define HAVE_PTHREAD_PRIO_INHERIT 1
| #define HAVE_PTHREAD 1
| #define HAVE_DECL_STRERROR_R 1
| #define HAVE_STRERROR_R 1
| #define HAVE_STDIO_H 1
| #define HAVE_STDLIB_H 1
| #define HAVE_UNISTD_H 1
| #define HAVE_STRINGS_H 1
| #define HAVE_SYS_TYPES_H 1
| #define HAVE_SYS_STAT_H 1
| #define HAVE_SYS_SELECT_H 1
| #define HAVE_INET_PTON 1
| #define HAVE_DECL_STRNLEN 1
| #define HAVE_DECL_DAEMON 1
| #define HAVE_DECL_LE32TOH 0
| #define HAVE_DECL_LE64TOH 0
| #define HAVE_DECL_HTOLE32 0
| #define HAVE_DECL_HTOLE64 0
| #define HAVE_DECL_BE32TOH 0
| #define HAVE_DECL_BE64TOH 0
| #define HAVE_DECL_HTOBE32 0
| #define HAVE_DECL_HTOBE64 0
| #define HAVE_MSG_DONTWAIT 1
| #define HAVE_VISIBILITY_ATTRIBUTE 1
| #define HAVE_THREAD_LOCAL 1
| #define HAVE_MINIUPNPC_MINIWGET_H 1
| #define HAVE_MINIUPNPC_MINIUPNPC_H 1
| #define HAVE_MINIUPNPC_UPNPCOMMANDS_H 1
| #define HAVE_MINIUPNPC_UPNPERRORS_H 1
| #define QT_STATICPLUGIN 1
| #define QT_STATICPLUGIN 1
| #define QT_QPA_PLATFORM_MINIMAL 1
| #define QT_QPA_PLATFORM_COCOA 1
| #define HAVE_BOOST /**/
| #define HAVE_BOOST_SYSTEM /**/
| #define HAVE_BOOST_FILESYSTEM /**/
| #define HAVE_BOOST_PROGRAM_OPTIONS /**/
| #define HAVE_BOOST_THREAD /**/
| #define HAVE_BOOST_CHRONO /**/
| #define HAVE_BOOST_UNIT_TEST_FRAMEWORK /**/
| /* end confdefs.h.  */
| 
|        #define BOOST_TEST_DYN_LINK
|        #define BOOST_TEST_MAIN
|         #include <boost/test/unit_test.hpp>
| 
| 
configure:28102: result: no
configure:28124: checking for mismatched boost c++11 scoped enums
configure:28152: /home/travis/build/KevinCollmer/ALQO/depends/x86_64-apple-darwin11/native/bin/clang++ -target x86_64-apple-darwin11 -mmacosx-version-min=10.8 --sysroot /home/travis/build/KevinCollmer/ALQO/depends/SDKs/MacOSX10.11.sdk -mlinker-version=253.9 -stdlib=libc++ -std=c++11 -o conftest -pipe -O2  -fvisibility=hidden -I/home/travis/build/KevinCollmer/ALQO/depends/x86_64-apple-darwin11/share/../include/  -DHAVE_BUILD_INFO -D__STDC_FORMAT_MACROS -DMAC_OSX -DHAVE_QT5 -DBOOST_SP_USE_STD_ATOMIC -DBOOST_AC_USE_STD_ATOMIC -pthread -I/home/travis/build/KevinCollmer/ALQO/depends/x86_64-apple-darwin11/share/../include -L/home/travis/build/KevinCollmer/ALQO/depends/x86_64-apple-darwin11/share/../lib  -Wl,-headerpad_max_install_names -Wl,-dead_strip conftest.cpp -L/home/travis/build/KevinCollmer/ALQO/depends/x86_64-apple-darwin11/share/../lib -lboost_system-mt -lboost_filesystem-mt -lboost_program_options-mt -lboost_thread-mt -lboost_chrono-mt  >&5
conftest.cpp:79:5: error: use of undeclared identifier 'choke'
    choke;
    ^
1 error generated.
configure:28152: $? = 1
configure: failed program was:
| /* confdefs.h */
| #define PACKAGE_NAME "ALQO Core"
| #define PACKAGE_TARNAME "alqo"
| #define PACKAGE_VERSION "4.2.0"
| #define PACKAGE_STRING "ALQO Core 4.2.0"
| #define PACKAGE_BUGREPORT "www.alqo.org"
| #define PACKAGE_URL ""
| #define HAVE_CXX11 1
| #define STDC_HEADERS 1
| #define HAVE_SYS_TYPES_H 1
| #define HAVE_SYS_STAT_H 1
| #define HAVE_STDLIB_H 1
| #define HAVE_STRING_H 1
| #define HAVE_MEMORY_H 1
| #define HAVE_STRINGS_H 1
| #define HAVE_INTTYPES_H 1
| #define HAVE_STDINT_H 1
| #define HAVE_UNISTD_H 1
| #define HAVE_DLFCN_H 1
| #define LT_OBJDIR ".libs/"
| #define HAVE_PTHREAD_PRIO_INHERIT 1
| #define HAVE_PTHREAD 1
| #define HAVE_DECL_STRERROR_R 1
| #define HAVE_STRERROR_R 1
| #define HAVE_STDIO_H 1
| #define HAVE_STDLIB_H 1
| #define HAVE_UNISTD_H 1
| #define HAVE_STRINGS_H 1
| #define HAVE_SYS_TYPES_H 1
| #define HAVE_SYS_STAT_H 1
| #define HAVE_SYS_SELECT_H 1
| #define HAVE_INET_PTON 1
| #define HAVE_DECL_STRNLEN 1
| #define HAVE_DECL_DAEMON 1
| #define HAVE_DECL_LE32TOH 0
| #define HAVE_DECL_LE64TOH 0
| #define HAVE_DECL_HTOLE32 0
| #define HAVE_DECL_HTOLE64 0
| #define HAVE_DECL_BE32TOH 0
| #define HAVE_DECL_BE64TOH 0
| #define HAVE_DECL_HTOBE32 0
| #define HAVE_DECL_HTOBE64 0
| #define HAVE_MSG_DONTWAIT 1
| #define HAVE_VISIBILITY_ATTRIBUTE 1
| #define HAVE_THREAD_LOCAL 1
| #define HAVE_MINIUPNPC_MINIWGET_H 1
| #define HAVE_MINIUPNPC_MINIUPNPC_H 1
| #define HAVE_MINIUPNPC_UPNPCOMMANDS_H 1
| #define HAVE_MINIUPNPC_UPNPERRORS_H 1
| #define QT_STATICPLUGIN 1
| #define QT_STATICPLUGIN 1
| #define QT_QPA_PLATFORM_MINIMAL 1
| #define QT_QPA_PLATFORM_COCOA 1
| #define HAVE_BOOST /**/
| #define HAVE_BOOST_SYSTEM /**/
| #define HAVE_BOOST_FILESYSTEM /**/
| #define HAVE_BOOST_PROGRAM_OPTIONS /**/
| #define HAVE_BOOST_THREAD /**/
| #define HAVE_BOOST_CHRONO /**/
| #define HAVE_BOOST_UNIT_TEST_FRAMEWORK /**/
| /* end confdefs.h.  */
| 
|   #include <boost/config.hpp>
|   #include <boost/version.hpp>
|   #if !defined(BOOST_NO_SCOPED_ENUMS) && !defined(BOOST_NO_CXX11_SCOPED_ENUMS) && BOOST_VERSION < 105700
|   #define BOOST_NO_SCOPED_ENUMS
|   #define BOOST_NO_CXX11_SCOPED_ENUMS
|   #define CHECK
|   #endif
|   #include <boost/filesystem.hpp>
| 
| int
| main ()
| {
| 
|   #if defined(CHECK)
|     boost::filesystem::copy_file("foo", "bar");
|   #else
|     choke;
|   #endif
| 
|   ;
|   return 0;
| }
configure:28156: result: ok
configure:28188: /home/travis/build/KevinCollmer/ALQO/depends/x86_64-apple-darwin11/native/bin/clang++ -target x86_64-apple-darwin11 -mmacosx-version-min=10.8 --sysroot /home/travis/build/KevinCollmer/ALQO/depends/SDKs/MacOSX10.11.sdk -mlinker-version=253.9 -stdlib=libc++ -std=c++11 -o conftest -pipe -O2  -fvisibility=hidden -I/home/travis/build/KevinCollmer/ALQO/depends/x86_64-apple-darwin11/share/../include/  -DHAVE_BUILD_INFO -D__STDC_FORMAT_MACROS -DMAC_OSX -DHAVE_QT5 -DBOOST_SP_USE_STD_ATOMIC -DBOOST_AC_USE_STD_ATOMIC -pthread -I/home/travis/build/KevinCollmer/ALQO/depends/x86_64-apple-darwin11/share/../include -L/home/travis/build/KevinCollmer/ALQO/depends/x86_64-apple-darwin11/share/../lib  -Wl,-headerpad_max_install_names -Wl,-dead_strip conftest.cpp -L/home/travis/build/KevinCollmer/ALQO/depends/x86_64-apple-darwin11/share/../lib -lboost_system-mt -lboost_filesystem-mt -lboost_program_options-mt -lboost_thread-mt -lboost_chrono-mt  >&5
configure:28188: $? = 0
configure:28250: checking for SSL
configure:28257: $PKG_CONFIG --exists --print-errors "libssl"
configure:28260: $? = 0
configure:28274: $PKG_CONFIG --exists --print-errors "libssl"
configure:28277: $? = 0
configure:28315: result: yes
configure:28321: checking for CRYPTO
configure:28328: $PKG_CONFIG --exists --print-errors "libcrypto"
configure:28331: $? = 0
configure:28345: $PKG_CONFIG --exists --print-errors "libcrypto"
configure:28348: $? = 0
configure:28386: result: yes
configure:28395: checking for PROTOBUF
configure:28402: $PKG_CONFIG --exists --print-errors "protobuf"
configure:28405: $? = 0
configure:28419: $PKG_CONFIG --exists --print-errors "protobuf"
configure:28422: $? = 0
configure:28482: result: yes
configure:28497: checking for QR
configure:28504: $PKG_CONFIG --exists --print-errors "libqrencode"
configure:28507: $? = 0
configure:28521: $PKG_CONFIG --exists --print-errors "libqrencode"
configure:28524: $? = 0
configure:28562: result: yes
configure:28575: checking for EVENT
configure:28582: $PKG_CONFIG --exists --print-errors "libevent"
configure:28585: $? = 0
configure:28599: $PKG_CONFIG --exists --print-errors "libevent"
configure:28602: $? = 0
configure:28640: result: yes
configure:28647: checking for EVENT_PTHREADS
configure:28654: $PKG_CONFIG --exists --print-errors "libevent_pthreads"
configure:28657: $? = 0
configure:28671: $PKG_CONFIG --exists --print-errors "libevent_pthreads"
configure:28674: $? = 0
configure:28712: result: yes
configure:28722: checking for ZMQ
configure:28729: $PKG_CONFIG --exists --print-errors "libzmq >= 4"
configure:28732: $? = 0
configure:28746: $PKG_CONFIG --exists --print-errors "libzmq >= 4"
configure:28749: $? = 0
configure:28797: result: yes
configure:29188: checking for RAND_egd in -lcrypto
configure:29222: result: yes
configure:29405: checking for openssl/ec.h
configure:29405: result: yes
configure:29426: checking for protoc
configure:29456: result: /home/travis/build/KevinCollmer/ALQO/depends/x86_64-apple-darwin11/share/../native/bin/protoc
configure:29536: checking whether to build alqod
configure:29546: result: yes
configure:29549: checking whether to build utils (alqo-cli alqo-tx)
configure:29559: result: yes
configure:29562: checking whether to build libraries
configure:29577: result: no
configure:29588: checking if ccache should be used
configure:29601: result: yes
configure:29605: checking whether C preprocessor accepts -Qunused-arguments
configure:29632: result: yes
configure:29642: checking if wallet should be enabled
configure:29645: result: yes
configure:29658: checking whether to build with support for UPnP
configure:29668: result: yes
configure:29670: checking whether to build with UPnP enabled by default
configure:29678: result: no
configure:29696: checking whether to build GUI with support for D-Bus
configure:29703: result: yes
configure:29706: checking whether to build GUI with support for QR codes
configure:29716: result: yes
configure:29733: checking whether to build test_alqo-qt
configure:29736: result: yes
configure:29754: checking whether to build test_alqo
configure:29757: result: yes
configure:29765: checking whether to reduce exports
configure:29768: result: yes
configure:30104: checking that generated files are newer than configure
configure:30110: result: done
configure:30226: creating ./config.status

## ---------------------- ##
## Running config.status. ##
## ---------------------- ##

This file was extended by ALQO Core config.status 4.2.0, which was
generated by GNU Autoconf 2.69.  Invocation command line was

  CONFIG_FILES    = 
  CONFIG_HEADERS  = 
  CONFIG_LINKS    = 
  CONFIG_COMMANDS = 
  $ ./config.status 

on travis-job-ee23cb61-7f3c-4c92-8ab2-fe17588b69cf

config.status:1412: creating Makefile
config.status:1412: creating src/Makefile
config.status:1412: creating share/setup.nsi
config.status:1412: creating share/qt/Info.plist
config.status:1412: creating src/test/buildenv.py
config.status:1412: creating qa/pull-tester/run-bitcoind-for-test.sh
config.status:1412: creating qa/pull-tester/tests-config.sh
config.status:1412: creating contrib/devtools/split-debug.sh
config.status:1412: creating doc/Doxyfile
config.status:1412: creating src/config/alqo-config.h
config.status:1641: executing depfiles commands
config.status:1641: executing libtool commands
configure:32792: === configuring in src/univalue (/home/travis/build/KevinCollmer/ALQO/bitcoin-x86_64-apple-darwin11/src/univalue)
configure:32855: running /bin/bash ./configure --disable-option-checking '--prefix=/home/travis/build/KevinCollmer/ALQO/depends/x86_64-apple-darwin11'  '--disable-dependency-tracking' '--bindir=/home/travis/build/KevinCollmer/ALQO/out/false/61.4-x86_64-apple-darwin11/bin' '--libdir=/home/travis/build/KevinCollmer/ALQO/out/false/61.4-x86_64-apple-darwin11/lib' '--enable-gui' '--enable-reduce-exports' '--disable-shared' '--with-pic' '--enable-module-recovery' --cache-file=../../../config.cache --srcdir=.
configure:32792: === configuring in src/secp256k1 (/home/travis/build/KevinCollmer/ALQO/bitcoin-x86_64-apple-darwin11/src/secp256k1)
configure:32855: running /bin/bash ./configure --disable-option-checking '--prefix=/home/travis/build/KevinCollmer/ALQO/depends/x86_64-apple-darwin11'  '--disable-dependency-tracking' '--bindir=/home/travis/build/KevinCollmer/ALQO/out/false/61.4-x86_64-apple-darwin11/bin' '--libdir=/home/travis/build/KevinCollmer/ALQO/out/false/61.4-x86_64-apple-darwin11/lib' '--enable-gui' '--enable-reduce-exports' '--disable-shared' '--with-pic' '--enable-module-recovery' --cache-file=../../../config.cache --srcdir=.

## ---------------- ##
## Cache variables. ##
## ---------------- ##

ac_cv_build=x86_64-unknown-linux-gnu
ac_cv_build_prog_CPP='gcc -E'
ac_cv_build_prog_cc_g=yes
ac_cv_c_bigendian=no
ac_cv_c_compiler_gnu=yes
ac_cv_cxx_compiler_gnu=yes
ac_cv_env_ARFLAGS_set=
ac_cv_env_ARFLAGS_value=
ac_cv_env_BDB_CFLAGS_set=
ac_cv_env_BDB_CFLAGS_value=
ac_cv_env_BDB_LIBS_set=
ac_cv_env_BDB_LIBS_value=
ac_cv_env_CCASFLAGS_set=
ac_cv_env_CCASFLAGS_value=
ac_cv_env_CCAS_set=
ac_cv_env_CCAS_value=
ac_cv_env_CCC_set=
ac_cv_env_CCC_value=
ac_cv_env_CC_set=
ac_cv_env_CC_value=
ac_cv_env_CFLAGS_set=
ac_cv_env_CFLAGS_value=
ac_cv_env_CPPFLAGS_set=
ac_cv_env_CPPFLAGS_value=
ac_cv_env_CPP_set=
ac_cv_env_CPP_value=
ac_cv_env_CRYPTO_CFLAGS_set=
ac_cv_env_CRYPTO_CFLAGS_value=
ac_cv_env_CRYPTO_LIBS_set=
ac_cv_env_CRYPTO_LIBS_value=
ac_cv_env_CXXCPP_set=
ac_cv_env_CXXCPP_value=
ac_cv_env_CXXFLAGS_set=
ac_cv_env_CXXFLAGS_value=
ac_cv_env_CXX_set=
ac_cv_env_CXX_value=
ac_cv_env_EVENT_CFLAGS_set=
ac_cv_env_EVENT_CFLAGS_value=
ac_cv_env_EVENT_LIBS_set=
ac_cv_env_EVENT_LIBS_value=
ac_cv_env_EVENT_PTHREADS_CFLAGS_set=
ac_cv_env_EVENT_PTHREADS_CFLAGS_value=
ac_cv_env_EVENT_PTHREADS_LIBS_set=
ac_cv_env_EVENT_PTHREADS_LIBS_value=
ac_cv_env_LDFLAGS_set=
ac_cv_env_LDFLAGS_value=
ac_cv_env_LIBS_set=
ac_cv_env_LIBS_value=
ac_cv_env_OBJCXXFLAGS_set=
ac_cv_env_OBJCXXFLAGS_value=
ac_cv_env_OBJCXX_set=
ac_cv_env_OBJCXX_value=
ac_cv_env_PKG_CONFIG_LIBDIR_set=
ac_cv_env_PKG_CONFIG_LIBDIR_value=
ac_cv_env_PKG_CONFIG_PATH_set=
ac_cv_env_PKG_CONFIG_PATH_value=
ac_cv_env_PKG_CONFIG_set=
ac_cv_env_PKG_CONFIG_value=
ac_cv_env_PROTOBUF_CFLAGS_set=
ac_cv_env_PROTOBUF_CFLAGS_value=
ac_cv_env_PROTOBUF_LIBS_set=
ac_cv_env_PROTOBUF_LIBS_value=
ac_cv_env_PYTHONPATH_set=
ac_cv_env_PYTHONPATH_value=
ac_cv_env_QR_CFLAGS_set=
ac_cv_env_QR_CFLAGS_value=
ac_cv_env_QR_LIBS_set=
ac_cv_env_QR_LIBS_value=
ac_cv_env_QT4_CFLAGS_set=
ac_cv_env_QT4_CFLAGS_value=
ac_cv_env_QT4_LIBS_set=
ac_cv_env_QT4_LIBS_value=
ac_cv_env_QT5_CFLAGS_set=
ac_cv_env_QT5_CFLAGS_value=
ac_cv_env_QT5_LIBS_set=
ac_cv_env_QT5_LIBS_value=
ac_cv_env_QTPLATFORM_CFLAGS_set=
ac_cv_env_QTPLATFORM_CFLAGS_value=
ac_cv_env_QTPLATFORM_LIBS_set=
ac_cv_env_QTPLATFORM_LIBS_value=
ac_cv_env_QTPRINT_CFLAGS_set=
ac_cv_env_QTPRINT_CFLAGS_value=
ac_cv_env_QTPRINT_LIBS_set=
ac_cv_env_QTPRINT_LIBS_value=
ac_cv_env_QTXCBQPA_CFLAGS_set=
ac_cv_env_QTXCBQPA_CFLAGS_value=
ac_cv_env_QTXCBQPA_LIBS_set=
ac_cv_env_QTXCBQPA_LIBS_value=
ac_cv_env_QT_DBUS_CFLAGS_set=
ac_cv_env_QT_DBUS_CFLAGS_value=
ac_cv_env_QT_DBUS_LIBS_set=
ac_cv_env_QT_DBUS_LIBS_value=
ac_cv_env_QT_TEST_CFLAGS_set=
ac_cv_env_QT_TEST_CFLAGS_value=
ac_cv_env_QT_TEST_LIBS_set=
ac_cv_env_QT_TEST_LIBS_value=
ac_cv_env_SSL_CFLAGS_set=
ac_cv_env_SSL_CFLAGS_value=
ac_cv_env_SSL_LIBS_set=
ac_cv_env_SSL_LIBS_value=
ac_cv_env_UNIVALUE_CFLAGS_set=
ac_cv_env_UNIVALUE_CFLAGS_value=
ac_cv_env_UNIVALUE_LIBS_set=
ac_cv_env_UNIVALUE_LIBS_value=
ac_cv_env_X11XCB_CFLAGS_set=
ac_cv_env_X11XCB_CFLAGS_value=
ac_cv_env_X11XCB_LIBS_set=
ac_cv_env_X11XCB_LIBS_value=
ac_cv_env_ZMQ_CFLAGS_set=
ac_cv_env_ZMQ_CFLAGS_value=
ac_cv_env_ZMQ_LIBS_set=
ac_cv_env_ZMQ_LIBS_value=
ac_cv_env_build_alias_set=
ac_cv_env_build_alias_value=
ac_cv_env_host_alias_set=
ac_cv_env_host_alias_value=
ac_cv_env_target_alias_set=
ac_cv_env_target_alias_value=
ac_cv_func_strerror_r=yes
ac_cv_func_strerror_r_char_p=no
ac_cv_have_decl_be32toh=no
ac_cv_have_decl_be64toh=no
ac_cv_have_decl_daemon=yes
ac_cv_have_decl_htobe32=no
ac_cv_have_decl_htobe64=no
ac_cv_have_decl_htole32=no
ac_cv_have_decl_htole64=no
ac_cv_have_decl_le32toh=no
ac_cv_have_decl_le64toh=no
ac_cv_have_decl_strerror_r=yes
ac_cv_have_decl_strnlen=yes
ac_cv_header_dlfcn_h=yes
ac_cv_header_endian_h=no
ac_cv_header_gmp_h=no
ac_cv_header_inttypes_h=yes
ac_cv_header_memory_h=yes
ac_cv_header_miniupnpc_miniupnpc_h=yes
ac_cv_header_miniupnpc_miniwget_h=yes
ac_cv_header_miniupnpc_upnpcommands_h=yes
ac_cv_header_miniupnpc_upnperrors_h=yes
ac_cv_header_openssl_ec_h=yes
ac_cv_header_stdc=yes
ac_cv_header_stdint_h=yes
ac_cv_header_stdio_h=yes
ac_cv_header_stdlib_h=yes
ac_cv_header_string_h=yes
ac_cv_header_strings_h=yes
ac_cv_header_sys_prctl_h=no
ac_cv_header_sys_select_h=yes
ac_cv_header_sys_stat_h=yes
ac_cv_header_sys_types_h=yes
ac_cv_header_unistd_h=yes
ac_cv_host=x86_64-apple-darwin11
ac_cv_lib_boost_chrono_mt___exit=yes
ac_cv_lib_boost_filesystem_mt___exit=yes
ac_cv_lib_boost_program_options_mt___exit=yes
ac_cv_lib_boost_system_mt___exit=yes
ac_cv_lib_boost_thread_mt___exit=yes
ac_cv_lib_crypto_RAND_egd=yes
ac_cv_lib_crypto_main=yes
ac_cv_lib_db_cxx_4_8___main=yes
ac_cv_lib_miniupnpc_main=yes
ac_cv_objcxx_compiler_gnu=yes
ac_cv_objext=o
ac_cv_path_AR=/home/travis/build/KevinCollmer/ALQO/depends/x86_64-apple-darwin11/native/bin/x86_64-apple-darwin11-ar
ac_cv_path_CCACHE=/home/travis/build/KevinCollmer/ALQO/depends/x86_64-apple-darwin11/share/../native/bin/ccache
ac_cv_path_EGREP='/bin/grep -E'
ac_cv_path_FGREP='/bin/grep -F'
ac_cv_path_GENISOIMAGE=/home/travis/build/KevinCollmer/ALQO/depends/x86_64-apple-darwin11/share/../native/bin/genisoimage
ac_cv_path_GIT=/usr/bin/git
ac_cv_path_GREP=/bin/grep
ac_cv_path_HEXDUMP=/usr/bin/hexdump
ac_cv_path_IMAGEMAGICK_CONVERT=/usr/bin/convert
ac_cv_path_INSTALLNAMETOOL=/home/travis/build/KevinCollmer/ALQO/depends/x86_64-apple-darwin11/share/../native/bin/x86_64-apple-darwin11-install_name_tool
ac_cv_path_LRELEASE=/home/travis/build/KevinCollmer/ALQO/depends/x86_64-apple-darwin11/share/../native/bin/lrelease
ac_cv_path_MOC=/home/travis/build/KevinCollmer/ALQO/depends/x86_64-apple-darwin11/share/../native/bin/moc
ac_cv_path_OTOOL=/home/travis/build/KevinCollmer/ALQO/depends/x86_64-apple-darwin11/share/../native/bin/x86_64-apple-darwin11-otool
ac_cv_path_PKG_CONFIG='/usr/bin/pkg-config --static'
ac_cv_path_PROTOC=/home/travis/build/KevinCollmer/ALQO/depends/x86_64-apple-darwin11/share/../native/bin/protoc
ac_cv_path_PYTHON=/usr/bin/python3.4
ac_cv_path_RANLIB=/home/travis/build/KevinCollmer/ALQO/depends/x86_64-apple-darwin11/native/bin/x86_64-apple-darwin11-ranlib
ac_cv_path_RCC=/home/travis/build/KevinCollmer/ALQO/depends/x86_64-apple-darwin11/share/../native/bin/rcc
ac_cv_path_RSVG_CONVERT=/usr/bin/rsvg-convert
ac_cv_path_SED=/bin/sed
ac_cv_path_STRIP=/home/travis/build/KevinCollmer/ALQO/depends/x86_64-apple-darwin11/share/../native/bin/x86_64-apple-darwin11-strip
ac_cv_path_TIFFCP=/usr/bin/tiffcp
ac_cv_path_UIC=/home/travis/build/KevinCollmer/ALQO/depends/x86_64-apple-darwin11/share/../native/bin/uic
ac_cv_path_XGETTEXT=/usr/bin/xgettext
ac_cv_path_ac_pt_AR=/home/travis/build/KevinCollmer/ALQO/depends/x86_64-apple-darwin11/native/bin/x86_64-apple-darwin11-ar
ac_cv_path_ac_pt_CPPFILT=/usr/bin/c++filt
ac_cv_path_ac_pt_GCOV=/usr/bin/gcov
ac_cv_path_ac_pt_NM=/home/travis/build/KevinCollmer/ALQO/depends/x86_64-apple-darwin11/native/bin/x86_64-apple-darwin11-nm
ac_cv_path_ac_pt_OBJCOPY=/usr/bin/objcopy
ac_cv_path_ac_pt_RANLIB=/home/travis/build/KevinCollmer/ALQO/depends/x86_64-apple-darwin11/native/bin/x86_64-apple-darwin11-ranlib
ac_cv_path_ac_pt_READELF=/usr/bin/readelf
ac_cv_path_install='/usr/bin/install -c'
ac_cv_path_mkdir=/bin/mkdir
ac_cv_prog_AR=/home/travis/build/KevinCollmer/ALQO/depends/x86_64-apple-darwin11/native/bin/x86_64-apple-darwin11-ar
ac_cv_prog_AWK=gawk
ac_cv_prog_CC='/home/travis/build/KevinCollmer/ALQO/depends/x86_64-apple-darwin11/native/bin/clang -target x86_64-apple-darwin11 -mmacosx-version-min=10.8 --sysroot /home/travis/build/KevinCollmer/ALQO/depends/SDKs/MacOSX10.11.sdk -mlinker-version=253.9'
ac_cv_prog_CPP='/home/travis/build/KevinCollmer/ALQO/depends/x86_64-apple-darwin11/native/bin/clang -target x86_64-apple-darwin11 -mmacosx-version-min=10.8 --sysroot /home/travis/build/KevinCollmer/ALQO/depends/SDKs/MacOSX10.11.sdk -mlinker-version=253.9 -E'
ac_cv_prog_CXXCPP='/home/travis/build/KevinCollmer/ALQO/depends/x86_64-apple-darwin11/native/bin/clang++ -target x86_64-apple-darwin11 -mmacosx-version-min=10.8 --sysroot /home/travis/build/KevinCollmer/ALQO/depends/SDKs/MacOSX10.11.sdk -mlinker-version=253.9 -stdlib=libc++ -std=c++11 -E'
ac_cv_prog_DSYMUTIL=x86_64-apple-darwin11-dsymutil
ac_cv_prog_LIPO=x86_64-apple-darwin11-lipo
ac_cv_prog_NMEDIT=x86_64-apple-darwin11-nmedit
ac_cv_prog_OBJCXX='/home/travis/build/KevinCollmer/ALQO/depends/x86_64-apple-darwin11/native/bin/clang++ -target x86_64-apple-darwin11 -mmacosx-version-min=10.8 --sysroot /home/travis/build/KevinCollmer/ALQO/depends/SDKs/MacOSX10.11.sdk -mlinker-version=253.9 -stdlib=libc++ -std=c++11'
ac_cv_prog_OTOOL=x86_64-apple-darwin11-otool
ac_cv_prog_RANLIB=/home/travis/build/KevinCollmer/ALQO/depends/x86_64-apple-darwin11/native/bin/x86_64-apple-darwin11-ranlib
ac_cv_prog_STRIP=x86_64-apple-darwin11-strip
ac_cv_prog_ac_ct_CC_FOR_BUILD=gcc
ac_cv_prog_ac_ct_MANIFEST_TOOL=mt
ac_cv_prog_ac_ct_OBJDUMP=objdump
ac_cv_prog_cc_c89=
ac_cv_prog_cc_g=yes
ac_cv_prog_cxx_g=yes
ac_cv_prog_make_make_set=yes
ac_cv_prog_objcxx_g=yes
ac_cv_search_clock_gettime=no
ac_cv_search_getaddrinfo_a=no
ac_cv_search_inet_pton='none required'
ac_cv_sys_file_offset_bits=no
ac_cv_sys_largefile_CC=no
ac_cv_type___int128=yes
am_cv_CCAS_dependencies_compiler_type=none
am_cv_CC_dependencies_compiler_type=none
am_cv_CXX_dependencies_compiler_type=none
am_cv_OBJCXX_dependencies_compiler_type=none
am_cv_make_support_nested_variables=yes
am_cv_prog_cc_c_o=yes
ax_cv_PTHREAD_CLANG=yes
ax_cv_PTHREAD_CLANG_NO_WARN_FLAG=-Qunused-arguments
ax_cv_PTHREAD_JOINABLE_ATTR=PTHREAD_CREATE_JOINABLE
ax_cv_PTHREAD_PRIO_INHERIT=yes
ax_cv_PTHREAD_SPECIAL_FLAGS=no
ax_cv_boost_chrono=yes
ax_cv_boost_filesystem=yes
ax_cv_boost_program_options=yes
ax_cv_boost_system=yes
ax_cv_boost_thread=yes
ax_cv_boost_unit_test_framework=yes
ax_cv_check_ccppflags___Qunused_arguments=yes
ax_cv_check_cxxcppflags___D_FORTIFY_SOURCE_2=yes
ax_cv_check_cxxcppflags___U_FORTIFY_SOURCE=yes
ax_cv_check_cxxflags___Werror=yes
ax_cv_check_cxxflags___Wstack_protector=yes
ax_cv_check_cxxflags___fPIC=yes
ax_cv_check_cxxflags___fstack_protector_all=yes
ax_cv_check_cxxflags___fvisibility_hidden=yes
ax_cv_check_cxxflags__msse4_2=yes
ax_cv_check_ldflags___Wl___dynamicbase=no
ax_cv_check_ldflags___Wl___exclude_libs_ALL=no
ax_cv_check_ldflags___Wl___high_entropy_va=no
ax_cv_check_ldflags___Wl___large_address_aware=no
ax_cv_check_ldflags___Wl___nxcompat=no
ax_cv_check_ldflags___Wl__dead_strip=yes
ax_cv_check_ldflags___Wl__headerpad_max_install_names=yes
ax_cv_check_ldflags___Wl__z_now=no
ax_cv_check_ldflags___Wl__z_relro=no
ax_cv_check_ldflags___framework_Foundation__framework_ApplicationServices__framework_AppKit=yes
ax_cv_check_ldflags___framework_IOKit=yes
ax_cv_check_ldflags___pic=no
ax_cv_cxx_compile_cxx11__std_cpp11=yes
ax_cv_have_func_attribute_dllexport=no
ax_cv_have_func_attribute_dllimport=no
ax_cv_have_func_attribute_visibility=no
bitcoin_cv_need_acc_widget=no
bitcoin_cv_static_qt=yes
lt_cv_apple_cc_single_mod=yes
lt_cv_ar_at_file=no
lt_cv_deplibs_check_method=pass_all
lt_cv_file_magic_cmd='$MAGIC_CMD'
lt_cv_file_magic_test_file=
lt_cv_ld_exported_symbols_list=yes
lt_cv_ld_force_load=yes
lt_cv_ld_reload_flag=-r
lt_cv_nm_interface='BSD nm'
lt_cv_objdir=.libs
lt_cv_path_LD=/home/travis/build/KevinCollmer/ALQO/depends/x86_64-apple-darwin11/native/bin/x86_64-apple-darwin11-ld
lt_cv_path_LDCXX=/home/travis/build/KevinCollmer/ALQO/depends/x86_64-apple-darwin11/native/bin/x86_64-apple-darwin11-ld
lt_cv_path_NM=/home/travis/build/KevinCollmer/ALQO/depends/x86_64-apple-darwin11/native/bin/x86_64-apple-darwin11-nm
lt_cv_path_mainfest_tool=no
lt_cv_prog_compiler_c_o=yes
lt_cv_prog_compiler_c_o_CXX=yes
lt_cv_prog_compiler_pic='-fno-common -DPIC'
lt_cv_prog_compiler_pic_CXX='-fno-common -DPIC'
lt_cv_prog_compiler_pic_works=yes
lt_cv_prog_compiler_pic_works_CXX=yes
lt_cv_prog_compiler_rtti_exceptions=yes
lt_cv_prog_compiler_static_works=no
lt_cv_prog_compiler_static_works_CXX=no
lt_cv_prog_gnu_ld=no
lt_cv_prog_gnu_ldcxx=no
lt_cv_sharedlib_from_linklib_cmd='printf %s\n'
lt_cv_sys_global_symbol_pipe='sed -n -e '\''s/^.*[	 ]\([BCDEGRST][BCDEGRST]*\)[	 ][	 ]*_\([_A-Za-z][_A-Za-z0-9]*\)$/\1 _\2 \2/p'\'' | sed '\''/ __gnu_lto/d'\'''
lt_cv_sys_global_symbol_to_c_name_address='sed -n -e '\''s/^: \([^ ]*\)[ ]*$/  {\"\1\", (void *) 0},/p'\'' -e '\''s/^[BCDEGRST]* \([^ ]*\) \([^ ]*\)$/  {"\2", (void *) \&\2},/p'\'''
lt_cv_sys_global_symbol_to_c_name_address_lib_prefix='sed -n -e '\''s/^: \([^ ]*\)[ ]*$/  {\"\1\", (void *) 0},/p'\'' -e '\''s/^[BCDEGRST]* \([^ ]*\) \(lib[^ ]*\)$/  {"\2", (void *) \&\2},/p'\'' -e '\''s/^[BCDEGRST]* \([^ ]*\) \([^ ]*\)$/  {"lib\2", (void *) \&\2},/p'\'''
lt_cv_sys_global_symbol_to_cdecl='sed -n -e '\''s/^T .* \(.*\)$/extern int \1();/p'\'' -e '\''s/^[BCDEGRST]* .* \(.*\)$/extern char \1;/p'\'''
lt_cv_sys_max_cmd_len=1572864
lt_cv_to_host_file_cmd=func_convert_file_noop
lt_cv_to_tool_file_cmd=func_convert_file_noop
pkg_cv_CRYPTO_CFLAGS='-I/home/travis/build/KevinCollmer/ALQO/depends/x86_64-apple-darwin11/include  '
pkg_cv_CRYPTO_LIBS='-L/home/travis/build/KevinCollmer/ALQO/depends/x86_64-apple-darwin11/lib -lcrypto  '
pkg_cv_EVENT_CFLAGS='-I/home/travis/build/KevinCollmer/ALQO/depends/x86_64-apple-darwin11/include  '
pkg_cv_EVENT_LIBS='-L/home/travis/build/KevinCollmer/ALQO/depends/x86_64-apple-darwin11/lib -levent  '
pkg_cv_EVENT_PTHREADS_CFLAGS='-D_THREAD_SAFE -I/home/travis/build/KevinCollmer/ALQO/depends/x86_64-apple-darwin11/include  '
pkg_cv_EVENT_PTHREADS_LIBS='-L/home/travis/build/KevinCollmer/ALQO/depends/x86_64-apple-darwin11/lib -levent_pthreads -levent  '
pkg_cv_PROTOBUF_CFLAGS='-D_THREAD_SAFE -I/home/travis/build/KevinCollmer/ALQO/depends/x86_64-apple-darwin11/include  '
pkg_cv_PROTOBUF_LIBS='-D_THREAD_SAFE -L/home/travis/build/KevinCollmer/ALQO/depends/x86_64-apple-darwin11/lib -lprotobuf -lz  '
pkg_cv_QR_CFLAGS='-I/home/travis/build/KevinCollmer/ALQO/depends/x86_64-apple-darwin11/include  '
pkg_cv_QR_LIBS='-L/home/travis/build/KevinCollmer/ALQO/depends/x86_64-apple-darwin11/lib -lqrencode -lpthread  '
pkg_cv_QT5_CFLAGS='-I/home/travis/build/KevinCollmer/ALQO/depends/x86_64-apple-darwin11/include/QtCore -I/home/travis/build/KevinCollmer/ALQO/depends/x86_64-apple-darwin11/include/QtGui -I/home/travis/build/KevinCollmer/ALQO/depends/x86_64-apple-darwin11/include/QtNetwork -I/home/travis/build/KevinCollmer/ALQO/depends/x86_64-apple-darwin11/include/QtWidgets  '
pkg_cv_QT5_LIBS='-framework DiskArbitration -framework IOKit -framework Foundation -framework CoreServices -framework AppKit -framework ApplicationServices -framework CoreFoundation -framework OpenGL -framework AGL -framework Security -framework SystemConfiguration -framework Carbon -L/home/travis/build/KevinCollmer/ALQO/depends/x86_64-apple-darwin11/lib -lQt5Network -lssl -lcrypto -lQt5Widgets -lQt5Gui -lqtpng -lqtharfbuzzng -lQt5Core -lz -lqtpcre -lm  '
pkg_cv_QTPLATFORM_CFLAGS='-I/home/travis/build/KevinCollmer/ALQO/depends/x86_64-apple-darwin11/include/QtPlatformSupport -I/home/travis/build/KevinCollmer/ALQO/depends/x86_64-apple-darwin11/include/QtCore -I/home/travis/build/KevinCollmer/ALQO/depends/x86_64-apple-darwin11/include/QtGui  '
pkg_cv_QTPLATFORM_LIBS='-framework DiskArbitration -framework IOKit -framework Foundation -framework CoreServices -framework AppKit -framework ApplicationServices -framework CoreFoundation -framework OpenGL -framework AGL -L/home/travis/build/KevinCollmer/ALQO/depends/x86_64-apple-darwin11/lib -lQt5PlatformSupport -lQt5Gui -lqtpng -lqtharfbuzzng -lQt5Core -lz -lqtpcre -lm  '
pkg_cv_QTPRINT_CFLAGS='-I/home/travis/build/KevinCollmer/ALQO/depends/x86_64-apple-darwin11/include/QtPrintSupport -I/home/travis/build/KevinCollmer/ALQO/depends/x86_64-apple-darwin11/include/QtCore -I/home/travis/build/KevinCollmer/ALQO/depends/x86_64-apple-darwin11/include/QtGui -I/home/travis/build/KevinCollmer/ALQO/depends/x86_64-apple-darwin11/include/QtWidgets  '
pkg_cv_QTPRINT_LIBS='-framework DiskArbitration -framework IOKit -framework Foundation -framework CoreServices -framework AppKit -framework ApplicationServices -framework CoreFoundation -framework OpenGL -framework AGL -framework Carbon -L/home/travis/build/KevinCollmer/ALQO/depends/x86_64-apple-darwin11/lib -lQt5PrintSupport -lQt5Widgets -lQt5Gui -lqtpng -lqtharfbuzzng -lQt5Core -lz -lqtpcre -lm  '
pkg_cv_QT_DBUS_CFLAGS='-I/home/travis/build/KevinCollmer/ALQO/depends/x86_64-apple-darwin11/include/QtDBus -I/home/travis/build/KevinCollmer/ALQO/depends/x86_64-apple-darwin11/include/QtCore  '
pkg_cv_QT_DBUS_LIBS='-framework DiskArbitration -framework IOKit -framework Foundation -framework CoreServices -framework AppKit -framework ApplicationServices -framework CoreFoundation -L/home/travis/build/KevinCollmer/ALQO/depends/x86_64-apple-darwin11/lib -lQt5DBus -lQt5Core -lz -lqtpcre -lm  '
pkg_cv_QT_TEST_CFLAGS='-I/home/travis/build/KevinCollmer/ALQO/depends/x86_64-apple-darwin11/include/QtTest -I/home/travis/build/KevinCollmer/ALQO/depends/x86_64-apple-darwin11/include/QtCore  '
pkg_cv_QT_TEST_LIBS='-framework Security -framework Foundation -framework ApplicationServices -framework IOKit -framework DiskArbitration -framework CoreServices -framework AppKit -framework CoreFoundation -L/home/travis/build/KevinCollmer/ALQO/depends/x86_64-apple-darwin11/lib -lQt5Test -lQt5Core -lz -lqtpcre -lm  '
pkg_cv_SSL_CFLAGS='-I/home/travis/build/KevinCollmer/ALQO/depends/x86_64-apple-darwin11/include  '
pkg_cv_SSL_LIBS='-L/home/travis/build/KevinCollmer/ALQO/depends/x86_64-apple-darwin11/lib -lssl -lcrypto  '
pkg_cv_ZMQ_CFLAGS='-DZMQ_BUILD_DRAFT_API=1 -I/home/travis/build/KevinCollmer/ALQO/depends/x86_64-apple-darwin11/include  '
pkg_cv_ZMQ_LIBS='-L/home/travis/build/KevinCollmer/ALQO/depends/x86_64-apple-darwin11/lib -lzmq  '

## ----------------- ##
## Output variables. ##
## ----------------- ##

ACLOCAL='${SHELL} /home/travis/build/KevinCollmer/ALQO/bitcoin-x86_64-apple-darwin11/build-aux/missing aclocal-1.14'
AMDEPBACKSLASH=''
AMDEP_FALSE=''
AMDEP_TRUE='#'
AMTAR='$${TAR-tar}'
AM_BACKSLASH='\'
AM_DEFAULT_V='$(AM_DEFAULT_VERBOSITY)'
AM_DEFAULT_VERBOSITY='0'
AM_V='$(V)'
AR='/home/travis/build/KevinCollmer/ALQO/depends/x86_64-apple-darwin11/native/bin/x86_64-apple-darwin11-ar'
ARFLAGS='cr'
AUTOCONF='${SHELL} /home/travis/build/KevinCollmer/ALQO/bitcoin-x86_64-apple-darwin11/build-aux/missing autoconf'
AUTOHEADER='${SHELL} /home/travis/build/KevinCollmer/ALQO/bitcoin-x86_64-apple-darwin11/build-aux/missing autoheader'
AUTOMAKE='${SHELL} /home/travis/build/KevinCollmer/ALQO/bitcoin-x86_64-apple-darwin11/build-aux/missing automake-1.14'
AWK='gawk'
BDB_CFLAGS=''
BDB_CPPFLAGS=''
BDB_LIBS='-ldb_cxx-4.8'
BITCOIN_CLI_NAME='alqo-cli'
BITCOIN_DAEMON_NAME='alqod'
BITCOIN_GUI_NAME='alqo-qt'
BITCOIN_TX_NAME='alqo-tx'
BOOST_CHRONO_LIB='-lboost_chrono-mt'
BOOST_CPPFLAGS='-DBOOST_SP_USE_STD_ATOMIC -DBOOST_AC_USE_STD_ATOMIC -pthread -I/home/travis/build/KevinCollmer/ALQO/depends/x86_64-apple-darwin11/share/../include'
BOOST_FILESYSTEM_LIB='-lboost_filesystem-mt'
BOOST_LDFLAGS='-L/home/travis/build/KevinCollmer/ALQO/depends/x86_64-apple-darwin11/share/../lib'
BOOST_LIBS='-L/home/travis/build/KevinCollmer/ALQO/depends/x86_64-apple-darwin11/share/../lib -lboost_system-mt -lboost_filesystem-mt -lboost_program_options-mt -lboost_thread-mt -lboost_chrono-mt'
BOOST_PROGRAM_OPTIONS_LIB='-lboost_program_options-mt'
BOOST_SYSTEM_LIB='-lboost_system-mt'
BOOST_THREAD_LIB='-lboost_thread-mt'
BOOST_UNIT_TEST_FRAMEWORK_LIB='-lboost_unit_test_framework-mt'
BREW='no'
BUILD_BITCOIND_FALSE='#'
BUILD_BITCOIND_TRUE=''
BUILD_BITCOIN_LIBS_FALSE=''
BUILD_BITCOIN_LIBS_TRUE='#'
BUILD_BITCOIN_UTILS_FALSE='#'
BUILD_BITCOIN_UTILS_TRUE=''
BUILD_DARWIN_FALSE=''
BUILD_DARWIN_TRUE='#'
BUILD_QT='qt'
BUILD_TEST='test'
BUILD_TEST_QT='test'
CC='/home/travis/build/KevinCollmer/ALQO/depends/x86_64-apple-darwin11/share/../native/bin/ccache /home/travis/build/KevinCollmer/ALQO/depends/x86_64-apple-darwin11/native/bin/clang -target x86_64-apple-darwin11 -mmacosx-version-min=10.8 --sysroot /home/travis/build/KevinCollmer/ALQO/depends/SDKs/MacOSX10.11.sdk -mlinker-version=253.9'
CCACHE='/home/travis/build/KevinCollmer/ALQO/depends/x86_64-apple-darwin11/share/../native/bin/ccache'
CCDEPMODE='depmode=none'
CFLAGS='-pipe -O2 '
CLIENT_VERSION_BUILD='0'
CLIENT_VERSION_IS_RELEASE='true'
CLIENT_VERSION_MAJOR='4'
CLIENT_VERSION_MINOR='2'
CLIENT_VERSION_REVISION='0'
COMPARISON_TOOL_REORG_TESTS='0'
COPYRIGHT_YEAR='2018'
CPP='/home/travis/build/KevinCollmer/ALQO/depends/x86_64-apple-darwin11/native/bin/clang -target x86_64-apple-darwin11 -mmacosx-version-min=10.8 --sysroot /home/travis/build/KevinCollmer/ALQO/depends/SDKs/MacOSX10.11.sdk -mlinker-version=253.9 -E'
CPPFILT='/usr/bin/c++filt'
CPPFLAGS='-Qunused-arguments -I/home/travis/build/KevinCollmer/ALQO/depends/x86_64-apple-darwin11/share/../include/  -DHAVE_BUILD_INFO -D__STDC_FORMAT_MACROS -DMAC_OSX -DHAVE_QT5'
CRYPTO_CFLAGS='-I/home/travis/build/KevinCollmer/ALQO/depends/x86_64-apple-darwin11/include  '
CRYPTO_LIBS='-L/home/travis/build/KevinCollmer/ALQO/depends/x86_64-apple-darwin11/lib -lcrypto  '
CXX='/home/travis/build/KevinCollmer/ALQO/depends/x86_64-apple-darwin11/share/../native/bin/ccache /home/travis/build/KevinCollmer/ALQO/depends/x86_64-apple-darwin11/native/bin/clang++ -target x86_64-apple-darwin11 -mmacosx-version-min=10.8 --sysroot /home/travis/build/KevinCollmer/ALQO/depends/SDKs/MacOSX10.11.sdk -mlinker-version=253.9 -stdlib=libc++ -std=c++11'
CXXCPP='/home/travis/build/KevinCollmer/ALQO/depends/x86_64-apple-darwin11/native/bin/clang++ -target x86_64-apple-darwin11 -mmacosx-version-min=10.8 --sysroot /home/travis/build/KevinCollmer/ALQO/depends/SDKs/MacOSX10.11.sdk -mlinker-version=253.9 -stdlib=libc++ -std=c++11 -E'
CXXDEPMODE='depmode=none'
CXXFLAGS='-pipe -O2  -fvisibility=hidden'
CYGPATH_W='echo'
DEFS='-DHAVE_CONFIG_H'
DEPDIR='.deps'
DLLTOOL='false'
DSYMUTIL='x86_64-apple-darwin11-dsymutil'
DUMPBIN=''
ECHO_C=''
ECHO_N='-n'
ECHO_T=''
EGREP='/bin/grep -E'
EMBEDDED_LEVELDB_FALSE='#'
EMBEDDED_LEVELDB_TRUE=''
EMBEDDED_UNIVALUE_FALSE='#'
EMBEDDED_UNIVALUE_TRUE=''
ENABLE_HWCRC32_FALSE='#'
ENABLE_HWCRC32_TRUE=''
ENABLE_QT_FALSE='#'
ENABLE_QT_TESTS_FALSE='#'
ENABLE_QT_TESTS_TRUE=''
ENABLE_QT_TRUE=''
ENABLE_TESTS_FALSE='#'
ENABLE_TESTS_TRUE=''
ENABLE_WALLET_FALSE='#'
ENABLE_WALLET_TRUE=''
ENABLE_ZMQ_FALSE='#'
ENABLE_ZMQ_TRUE=''
ERROR_CXXFLAGS=''
EVENT_CFLAGS='-I/home/travis/build/KevinCollmer/ALQO/depends/x86_64-apple-darwin11/include  '
EVENT_LIBS='-L/home/travis/build/KevinCollmer/ALQO/depends/x86_64-apple-darwin11/lib -levent  '
EVENT_PTHREADS_CFLAGS='-D_THREAD_SAFE -I/home/travis/build/KevinCollmer/ALQO/depends/x86_64-apple-darwin11/include  '
EVENT_PTHREADS_LIBS='-L/home/travis/build/KevinCollmer/ALQO/depends/x86_64-apple-darwin11/lib -levent_pthreads -levent  '
EXEEXT=''
FGREP='/bin/grep -F'
GCOV='/usr/bin/gcov'
GENHTML=''
GENISOIMAGE='/home/travis/build/KevinCollmer/ALQO/depends/x86_64-apple-darwin11/share/../native/bin/genisoimage'
GIT='/usr/bin/git'
GLIBC_BACK_COMPAT_FALSE=''
GLIBC_BACK_COMPAT_TRUE='#'
GREP='/bin/grep'
HARDENED_CPPFLAGS=' -U_FORTIFY_SOURCE -D_FORTIFY_SOURCE=2'
HARDENED_CXXFLAGS=' -Wstack-protector -fstack-protector-all'
HARDENED_LDFLAGS=''
HARDEN_FALSE='#'
HARDEN_TRUE=''
HAVE_CXX11='1'
HAVE_QT5_FALSE='#'
HAVE_QT5_TRUE=''
HEXDUMP='/usr/bin/hexdump'
IMAGEMAGICK_CONVERT='/usr/bin/convert'
INSTALLNAMETOOL='/home/travis/build/KevinCollmer/ALQO/depends/x86_64-apple-darwin11/share/../native/bin/x86_64-apple-darwin11-install_name_tool'
INSTALL_DATA='${INSTALL} -m 644'
INSTALL_PROGRAM='${INSTALL}'
INSTALL_SCRIPT='${INSTALL}'
INSTALL_STRIP_PROGRAM='$(install_sh) -c -s'
JAVA_COMPARISON_TOOL=''
LCOV=''
LD='/home/travis/build/KevinCollmer/ALQO/depends/x86_64-apple-darwin11/native/bin/x86_64-apple-darwin11-ld'
LDFLAGS='-L/home/travis/build/KevinCollmer/ALQO/depends/x86_64-apple-darwin11/share/../lib  -Wl,-headerpad_max_install_names -Wl,-dead_strip'
LEVELDB_CPPFLAGS=''
LEVELDB_TARGET_FLAGS='-DOS_MACOSX'
LIBLEVELDB=''
LIBMEMENV=''
LIBOBJS=''
LIBS='-lcrypto '
LIBTOOL='$(SHELL) $(top_builddir)/libtool'
LIBTOOL_APP_LDFLAGS=''
LIPO='x86_64-apple-darwin11-lipo'
LN_S='ln -s'
LRELEASE='/home/travis/build/KevinCollmer/ALQO/depends/x86_64-apple-darwin11/share/../native/bin/lrelease'
LTLIBOBJS=''
LUPDATE=''
MAINT=''
MAINTAINER_MODE_FALSE='#'
MAINTAINER_MODE_TRUE=''
MAKEINFO='${SHELL} /home/travis/build/KevinCollmer/ALQO/bitcoin-x86_64-apple-darwin11/build-aux/missing makeinfo'
MAKENSIS=''
MANIFEST_TOOL=':'
MINIUPNPC_CPPFLAGS=''
MINIUPNPC_LIBS='-lminiupnpc'
MKDIR_P='/bin/mkdir -p'
MOC='/home/travis/build/KevinCollmer/ALQO/depends/x86_64-apple-darwin11/share/../native/bin/moc'
MOC_DEFS='-DHAVE_CONFIG_H -I$(srcdir) -DQ_OS_MAC'
NM='/home/travis/build/KevinCollmer/ALQO/depends/x86_64-apple-darwin11/native/bin/x86_64-apple-darwin11-nm'
NMEDIT='x86_64-apple-darwin11-nmedit'
OBJCOPY='/usr/bin/objcopy'
OBJCXX='/home/travis/build/KevinCollmer/ALQO/depends/x86_64-apple-darwin11/native/bin/clang++ -target x86_64-apple-darwin11 -mmacosx-version-min=10.8 --sysroot /home/travis/build/KevinCollmer/ALQO/depends/SDKs/MacOSX10.11.sdk -mlinker-version=253.9 -stdlib=libc++ -std=c++11'
OBJCXXDEPMODE='depmode=none'
OBJCXXFLAGS='-pipe -O2 '
OBJDUMP='objdump'
OBJEXT='o'
OTOOL64=':'
OTOOL='/home/travis/build/KevinCollmer/ALQO/depends/x86_64-apple-darwin11/share/../native/bin/x86_64-apple-darwin11-otool'
PACKAGE='alqo'
PACKAGE_BUGREPORT='www.alqo.org'
PACKAGE_NAME='ALQO Core'
PACKAGE_STRING='ALQO Core 4.2.0'
PACKAGE_TARNAME='alqo'
PACKAGE_URL=''
PACKAGE_VERSION='4.2.0'
PATH_SEPARATOR=':'
PIC_FLAGS='-fPIC'
PIE_FLAGS='-fPIC'
PKG_CONFIG='/usr/bin/pkg-config --static'
PKG_CONFIG_LIBDIR=''
PKG_CONFIG_PATH='/home/travis/build/KevinCollmer/ALQO/depends/x86_64-apple-darwin11/share/../share/pkgconfig:/home/travis/build/KevinCollmer/ALQO/depends/x86_64-apple-darwin11/share/../lib/pkgconfig'
PORT='no'
PROTOBUF_CFLAGS='-D_THREAD_SAFE -I/home/travis/build/KevinCollmer/ALQO/depends/x86_64-apple-darwin11/include  '
PROTOBUF_LIBS='-D_THREAD_SAFE -L/home/travis/build/KevinCollmer/ALQO/depends/x86_64-apple-darwin11/lib -lprotobuf -lz  '
PROTOC='/home/travis/build/KevinCollmer/ALQO/depends/x86_64-apple-darwin11/share/../native/bin/protoc'
PTHREAD_CC='/home/travis/build/KevinCollmer/ALQO/depends/x86_64-apple-darwin11/native/bin/clang -target x86_64-apple-darwin11 -mmacosx-version-min=10.8 --sysroot /home/travis/build/KevinCollmer/ALQO/depends/SDKs/MacOSX10.11.sdk -mlinker-version=253.9'
PTHREAD_CFLAGS='-Qunused-arguments -pthread'
PTHREAD_LIBS=''
PYTHON='/usr/bin/python3.4'
PYTHONPATH='/home/travis/build/KevinCollmer/ALQO/depends/x86_64-apple-darwin11/share/../native/lib/python/dist-packages:'
QR_CFLAGS='-I/home/travis/build/KevinCollmer/ALQO/depends/x86_64-apple-darwin11/include  '
QR_LIBS='-L/home/travis/build/KevinCollmer/ALQO/depends/x86_64-apple-darwin11/lib -lqrencode -lpthread  '
QT4_CFLAGS=''
QT4_LIBS=''
QT5_CFLAGS='-I/home/travis/build/KevinCollmer/ALQO/depends/x86_64-apple-darwin11/include/QtCore -I/home/travis/build/KevinCollmer/ALQO/depends/x86_64-apple-darwin11/include/QtGui -I/home/travis/build/KevinCollmer/ALQO/depends/x86_64-apple-darwin11/include/QtNetwork -I/home/travis/build/KevinCollmer/ALQO/depends/x86_64-apple-darwin11/include/QtWidgets  '
QT5_LIBS='-framework DiskArbitration -framework IOKit -framework Foundation -framework CoreServices -framework AppKit -framework ApplicationServices -framework CoreFoundation -framework OpenGL -framework AGL -framework Security -framework SystemConfiguration -framework Carbon -L/home/travis/build/KevinCollmer/ALQO/depends/x86_64-apple-darwin11/lib -lQt5Network -lssl -lcrypto -lQt5Widgets -lQt5Gui -lqtpng -lqtharfbuzzng -lQt5Core -lz -lqtpcre -lm  '
QTPLATFORM_CFLAGS='-I/home/travis/build/KevinCollmer/ALQO/depends/x86_64-apple-darwin11/include/QtPlatformSupport -I/home/travis/build/KevinCollmer/ALQO/depends/x86_64-apple-darwin11/include/QtCore -I/home/travis/build/KevinCollmer/ALQO/depends/x86_64-apple-darwin11/include/QtGui  '
QTPLATFORM_LIBS='-framework DiskArbitration -framework IOKit -framework Foundation -framework CoreServices -framework AppKit -framework ApplicationServices -framework CoreFoundation -framework OpenGL -framework AGL -L/home/travis/build/KevinCollmer/ALQO/depends/x86_64-apple-darwin11/lib -lQt5PlatformSupport -lQt5Gui -lqtpng -lqtharfbuzzng -lQt5Core -lz -lqtpcre -lm  '
QTPRINT_CFLAGS='-I/home/travis/build/KevinCollmer/ALQO/depends/x86_64-apple-darwin11/include/QtPrintSupport -I/home/travis/build/KevinCollmer/ALQO/depends/x86_64-apple-darwin11/include/QtCore -I/home/travis/build/KevinCollmer/ALQO/depends/x86_64-apple-darwin11/include/QtGui -I/home/travis/build/KevinCollmer/ALQO/depends/x86_64-apple-darwin11/include/QtWidgets  '
QTPRINT_LIBS='-framework DiskArbitration -framework IOKit -framework Foundation -framework CoreServices -framework AppKit -framework ApplicationServices -framework CoreFoundation -framework OpenGL -framework AGL -framework Carbon -L/home/travis/build/KevinCollmer/ALQO/depends/x86_64-apple-darwin11/lib -lQt5PrintSupport -lQt5Widgets -lQt5Gui -lqtpng -lqtharfbuzzng -lQt5Core -lz -lqtpcre -lm  '
QTXCBQPA_CFLAGS=''
QTXCBQPA_LIBS=''
QT_DBUS_CFLAGS='-I/home/travis/build/KevinCollmer/ALQO/depends/x86_64-apple-darwin11/include/QtDBus -I/home/travis/build/KevinCollmer/ALQO/depends/x86_64-apple-darwin11/include/QtCore  '
QT_DBUS_INCLUDES='-I/home/travis/build/KevinCollmer/ALQO/depends/x86_64-apple-darwin11/include/QtDBus -I/home/travis/build/KevinCollmer/ALQO/depends/x86_64-apple-darwin11/include/QtCore  '
QT_DBUS_LIBS='-framework DiskArbitration -framework IOKit -framework Foundation -framework CoreServices -framework AppKit -framework ApplicationServices -framework CoreFoundation -L/home/travis/build/KevinCollmer/ALQO/depends/x86_64-apple-darwin11/lib -lQt5DBus -lQt5Core -lz -lqtpcre -lm  '
QT_INCLUDES='-I/home/travis/build/KevinCollmer/ALQO/depends/x86_64-apple-darwin11/include/QtCore -I/home/travis/build/KevinCollmer/ALQO/depends/x86_64-apple-darwin11/include/QtGui -I/home/travis/build/KevinCollmer/ALQO/depends/x86_64-apple-darwin11/include/QtNetwork -I/home/travis/build/KevinCollmer/ALQO/depends/x86_64-apple-darwin11/include/QtWidgets  '
QT_LDFLAGS=''
QT_LIBS='-lqcocoa -lqminimal -framework DiskArbitration -framework IOKit -framework Foundation -framework CoreServices -framework AppKit -framework ApplicationServices -framework CoreFoundation -framework OpenGL -framework AGL -framework Carbon -L/home/travis/build/KevinCollmer/ALQO/depends/x86_64-apple-darwin11/lib -lQt5PrintSupport -lQt5Widgets -lQt5Gui -lqtpng -lqtharfbuzzng -lQt5Core -lz -lqtpcre -lm   -framework DiskArbitration -framework IOKit -framework Foundation -framework CoreServices -framework AppKit -framework ApplicationServices -framework CoreFoundation -framework OpenGL -framework AGL -L/home/travis/build/KevinCollmer/ALQO/depends/x86_64-apple-darwin11/lib -lQt5PlatformSupport -lQt5Gui -lqtpng -lqtharfbuzzng -lQt5Core -lz -lqtpcre -lm   -framework DiskArbitration -framework IOKit -framework Foundation -framework CoreServices -framework AppKit -framework ApplicationServices -framework CoreFoundation -framework OpenGL -framework AGL -framework Security -framework SystemConfiguration -framework Carbon -L/home/travis/build/KevinCollmer/ALQO/depends/x86_64-apple-darwin11/lib -lQt5Network -lssl -lcrypto -lQt5Widgets -lQt5Gui -lqtpng -lqtharfbuzzng -lQt5Core -lz -lqtpcre -lm   -L/home/travis/build/KevinCollmer/ALQO/depends/x86_64-apple-darwin11/share/../plugins/platforms -framework IOKit -framework Foundation -framework ApplicationServices -framework AppKit'
QT_PIE_FLAGS='-fPIC'
QT_SELECT='qt5'
QT_TEST_CFLAGS='-I/home/travis/build/KevinCollmer/ALQO/depends/x86_64-apple-darwin11/include/QtTest -I/home/travis/build/KevinCollmer/ALQO/depends/x86_64-apple-darwin11/include/QtCore  '
QT_TEST_INCLUDES='-I/home/travis/build/KevinCollmer/ALQO/depends/x86_64-apple-darwin11/include/QtTest -I/home/travis/build/KevinCollmer/ALQO/depends/x86_64-apple-darwin11/include/QtCore  '
QT_TEST_LIBS='-framework Security -framework Foundation -framework ApplicationServices -framework IOKit -framework DiskArbitration -framework CoreServices -framework AppKit -framework CoreFoundation -L/home/travis/build/KevinCollmer/ALQO/depends/x86_64-apple-darwin11/lib -lQt5Test -lQt5Core -lz -lqtpcre -lm  '
QT_TRANSLATION_DIR='/home/travis/build/KevinCollmer/ALQO/depends/x86_64-apple-darwin11/share/../translations'
RANLIB='/home/travis/build/KevinCollmer/ALQO/depends/x86_64-apple-darwin11/native/bin/x86_64-apple-darwin11-ranlib'
RCC='/home/travis/build/KevinCollmer/ALQO/depends/x86_64-apple-darwin11/share/../native/bin/rcc'
READELF='/usr/bin/readelf'
RELDFLAGS=''
RSVG_CONVERT='/usr/bin/rsvg-convert'
SED='/bin/sed'
SET_MAKE=''
SHELL='/bin/bash'
SSE42_CXXFLAGS='-msse4.2'
SSL_CFLAGS='-I/home/travis/build/KevinCollmer/ALQO/depends/x86_64-apple-darwin11/include  '
SSL_LIBS='-L/home/travis/build/KevinCollmer/ALQO/depends/x86_64-apple-darwin11/lib -lssl -lcrypto  '
STRIP='/home/travis/build/KevinCollmer/ALQO/depends/x86_64-apple-darwin11/share/../native/bin/x86_64-apple-darwin11-strip'
TARGET_DARWIN_FALSE='#'
TARGET_DARWIN_TRUE=''
TARGET_WINDOWS_FALSE=''
TARGET_WINDOWS_TRUE='#'
TESTDEFS=''
TIFFCP='/usr/bin/tiffcp'
UIC='/home/travis/build/KevinCollmer/ALQO/depends/x86_64-apple-darwin11/share/../native/bin/uic'
UNIVALUE_CFLAGS='-I$(srcdir)/univalue/include'
UNIVALUE_LIBS='univalue/libunivalue.la'
USE_LCOV_FALSE=''
USE_LCOV_TRUE='#'
USE_LIBSECP256K1_FALSE=''
USE_LIBSECP256K1_TRUE='#'
USE_QRCODE=''
USE_QRCODE_FALSE='#'
USE_QRCODE_TRUE=''
USE_UPNP=''
VERSION='4.2.0'
WINDOWS_BITS=''
WINDRES=''
X11XCB_CFLAGS=''
X11XCB_LIBS=''
XGETTEXT='/usr/bin/xgettext'
ZMQ_CFLAGS='-DZMQ_BUILD_DRAFT_API=1 -I/home/travis/build/KevinCollmer/ALQO/depends/x86_64-apple-darwin11/include  '
ZMQ_LIBS='-L/home/travis/build/KevinCollmer/ALQO/depends/x86_64-apple-darwin11/lib -lzmq  '
ac_ct_AR=''
ac_ct_CC=''
ac_ct_CXX=''
ac_ct_DUMPBIN=''
ac_ct_OBJCXX=''
am__EXEEXT_FALSE=''
am__EXEEXT_TRUE='#'
am__fastdepCC_FALSE=''
am__fastdepCC_TRUE='#'
am__fastdepCXX_FALSE=''
am__fastdepCXX_TRUE='#'
am__fastdepOBJCXX_FALSE=''
am__fastdepOBJCXX_TRUE='#'
am__include='include'
am__isrc=''
am__leading_dot='.'
am__nodep=''
am__quote=''
am__tar='$${TAR-tar} chof - "$$tardir"'
am__untar='$${TAR-tar} xf -'
ax_pthread_config=''
bindir='/home/travis/build/KevinCollmer/ALQO/out/false/61.4-x86_64-apple-darwin11/bin'
build='x86_64-unknown-linux-gnu'
build_alias=''
build_cpu='x86_64'
build_os='linux-gnu'
build_vendor='unknown'
datadir='${datarootdir}'
datarootdir='${prefix}/share'
docdir='${datarootdir}/doc/${PACKAGE_TARNAME}'
dvidir='${docdir}'
exec_prefix='${prefix}'
host='x86_64-apple-darwin11'
host_alias='x86_64-apple-darwin11'
host_cpu='x86_64'
host_os='darwin11'
host_vendor='apple'
htmldir='${docdir}'
includedir='${prefix}/include'
infodir='${datarootdir}/info'
install_sh='${SHELL} /home/travis/build/KevinCollmer/ALQO/bitcoin-x86_64-apple-darwin11/build-aux/install-sh'
libdir='/home/travis/build/KevinCollmer/ALQO/out/false/61.4-x86_64-apple-darwin11/lib'
libexecdir='${exec_prefix}/libexec'
localedir='${datarootdir}/locale'
localstatedir='${prefix}/var'
mandir='${datarootdir}/man'
mkdir_p='$(MKDIR_P)'
oldincludedir='/usr/include'
pdfdir='${docdir}'
prefix='/home/travis/build/KevinCollmer/ALQO/depends/x86_64-apple-darwin11'
program_transform_name='s,x,x,'
psdir='${docdir}'
sbindir='${exec_prefix}/sbin'
sharedstatedir='${prefix}/com'
subdirs=' src/univalue src/secp256k1'
sysconfdir='${prefix}/etc'
target_alias=''

## ----------- ##
## confdefs.h. ##
## ----------- ##

/* confdefs.h */
#define PACKAGE_NAME "ALQO Core"
#define PACKAGE_TARNAME "alqo"
#define PACKAGE_VERSION "4.2.0"
#define PACKAGE_STRING "ALQO Core 4.2.0"
#define PACKAGE_BUGREPORT "www.alqo.org"
#define PACKAGE_URL ""
#define HAVE_CXX11 1
#define STDC_HEADERS 1
#define HAVE_SYS_TYPES_H 1
#define HAVE_SYS_STAT_H 1
#define HAVE_STDLIB_H 1
#define HAVE_STRING_H 1
#define HAVE_MEMORY_H 1
#define HAVE_STRINGS_H 1
#define HAVE_INTTYPES_H 1
#define HAVE_STDINT_H 1
#define HAVE_UNISTD_H 1
#define HAVE_DLFCN_H 1
#define LT_OBJDIR ".libs/"
#define HAVE_PTHREAD_PRIO_INHERIT 1
#define HAVE_PTHREAD 1
#define HAVE_DECL_STRERROR_R 1
#define HAVE_STRERROR_R 1
#define HAVE_STDIO_H 1
#define HAVE_STDLIB_H 1
#define HAVE_UNISTD_H 1
#define HAVE_STRINGS_H 1
#define HAVE_SYS_TYPES_H 1
#define HAVE_SYS_STAT_H 1
#define HAVE_SYS_SELECT_H 1
#define HAVE_INET_PTON 1
#define HAVE_DECL_STRNLEN 1
#define HAVE_DECL_DAEMON 1
#define HAVE_DECL_LE32TOH 0
#define HAVE_DECL_LE64TOH 0
#define HAVE_DECL_HTOLE32 0
#define HAVE_DECL_HTOLE64 0
#define HAVE_DECL_BE32TOH 0
#define HAVE_DECL_BE64TOH 0
#define HAVE_DECL_HTOBE32 0
#define HAVE_DECL_HTOBE64 0
#define HAVE_MSG_DONTWAIT 1
#define HAVE_VISIBILITY_ATTRIBUTE 1
#define HAVE_THREAD_LOCAL 1
#define HAVE_MINIUPNPC_MINIWGET_H 1
#define HAVE_MINIUPNPC_MINIUPNPC_H 1
#define HAVE_MINIUPNPC_UPNPCOMMANDS_H 1
#define HAVE_MINIUPNPC_UPNPERRORS_H 1
#define QT_STATICPLUGIN 1
#define QT_STATICPLUGIN 1
#define QT_QPA_PLATFORM_MINIMAL 1
#define QT_QPA_PLATFORM_COCOA 1
#define HAVE_BOOST /**/
#define HAVE_BOOST_SYSTEM /**/
#define HAVE_BOOST_FILESYSTEM /**/
#define HAVE_BOOST_PROGRAM_OPTIONS /**/
#define HAVE_BOOST_THREAD /**/
#define HAVE_BOOST_CHRONO /**/
#define HAVE_BOOST_UNIT_TEST_FRAMEWORK /**/
#define HAVE_WORKING_BOOST_SLEEP_FOR 1
#define ENABLE_ZMQ 1
#define HAVE_LIBCRYPTO 1
#define ENABLE_WALLET 1
#define USE_UPNP 0
#define USE_DBUS 1
#define USE_QRCODE 1
#define CLIENT_VERSION_MAJOR 4
#define CLIENT_VERSION_MINOR 2
#define CLIENT_VERSION_REVISION 0
#define CLIENT_VERSION_BUILD 0
#define CLIENT_VERSION_IS_RELEASE true
#define COPYRIGHT_YEAR 2018

configure: exit 0
